[0.010s] Invoking command in '/home/mustafayousif/Code/hexapod_robot_harmonic/build/hexapod_sim': CMAKE_PREFIX_PATH=${CMAKE_PREFIX_PATH}:/opt/ros/jazzy /usr/bin/cmake --build /home/mustafayousif/Code/hexapod_robot_harmonic/build/hexapod_sim -- -j8 -l8
[0.038s] Invoked command in '/home/mustafayousif/Code/hexapod_robot_harmonic/build/hexapod_sim' returned '0': CMAKE_PREFIX_PATH=${CMAKE_PREFIX_PATH}:/opt/ros/jazzy /usr/bin/cmake --build /home/mustafayousif/Code/hexapod_robot_harmonic/build/hexapod_sim -- -j8 -l8
[0.038s] Invoking command in '/home/mustafayousif/Code/hexapod_robot_harmonic/build/hexapod_sim': CMAKE_PREFIX_PATH=${CMAKE_PREFIX_PATH}:/opt/ros/jazzy /usr/bin/cmake --install /home/mustafayousif/Code/hexapod_robot_harmonic/build/hexapod_sim
[0.043s] -- Install configuration: ""
[0.043s] -- Up-to-date: /home/mustafayousif/Code/hexapod_robot_harmonic/install/hexapod_sim/share/hexapod_sim/launch
[0.043s] -- Up-to-date: /home/mustafayousif/Code/hexapod_robot_harmonic/install/hexapod_sim/share/hexapod_sim/launch/hexapod_spawn.launch.py
[0.043s] -- Up-to-date: /home/mustafayousif/Code/hexapod_robot_harmonic/install/hexapod_sim/share/hexapod_sim/worlds
[0.043s] -- Up-to-date: /home/mustafayousif/Code/hexapod_robot_harmonic/install/hexapod_sim/share/hexapod_sim/worlds/hexapod_world.sdf
[0.043s] -- Up-to-date: /home/mustafayousif/Code/hexapod_robot_harmonic/install/hexapod_sim/share/ament_index/resource_index/package_run_dependencies/hexapod_sim
[0.043s] -- Up-to-date: /home/mustafayousif/Code/hexapod_robot_harmonic/install/hexapod_sim/share/ament_index/resource_index/parent_prefix_path/hexapod_sim
[0.043s] -- Up-to-date: /home/mustafayousif/Code/hexapod_robot_harmonic/install/hexapod_sim/share/hexapod_sim/environment/ament_prefix_path.sh
[0.043s] -- Up-to-date: /home/mustafayousif/Code/hexapod_robot_harmonic/install/hexapod_sim/share/hexapod_sim/environment/ament_prefix_path.dsv
[0.043s] -- Up-to-date: /home/mustafayousif/Code/hexapod_robot_harmonic/install/hexapod_sim/share/hexapod_sim/environment/path.sh
[0.043s] -- Up-to-date: /home/mustafayousif/Code/hexapod_robot_harmonic/install/hexapod_sim/share/hexapod_sim/environment/path.dsv
[0.043s] -- Up-to-date: /home/mustafayousif/Code/hexapod_robot_harmonic/install/hexapod_sim/share/hexapod_sim/local_setup.bash
[0.043s] -- Up-to-date: /home/mustafayousif/Code/hexapod_robot_harmonic/install/hexapod_sim/share/hexapod_sim/local_setup.sh
[0.043s] -- Up-to-date: /home/mustafayousif/Code/hexapod_robot_harmonic/install/hexapod_sim/share/hexapod_sim/local_setup.zsh
[0.044s] -- Up-to-date: /home/mustafayousif/Code/hexapod_robot_harmonic/install/hexapod_sim/share/hexapod_sim/local_setup.dsv
[0.044s] -- Installing: /home/mustafayousif/Code/hexapod_robot_harmonic/install/hexapod_sim/share/hexapod_sim/package.dsv
[0.044s] -- Up-to-date: /home/mustafayousif/Code/hexapod_robot_harmonic/install/hexapod_sim/share/ament_index/resource_index/packages/hexapod_sim
[0.044s] -- Up-to-date: /home/mustafayousif/Code/hexapod_robot_harmonic/install/hexapod_sim/share/hexapod_sim/cmake/hexapod_simConfig.cmake
[0.044s] -- Up-to-date: /home/mustafayousif/Code/hexapod_robot_harmonic/install/hexapod_sim/share/hexapod_sim/cmake/hexapod_simConfig-version.cmake
[0.044s] -- Up-to-date: /home/mustafayousif/Code/hexapod_robot_harmonic/install/hexapod_sim/share/hexapod_sim/package.xml
[0.044s] Invoked command in '/home/mustafayousif/Code/hexapod_robot_harmonic/build/hexapod_sim' returned '0': CMAKE_PREFIX_PATH=${CMAKE_PREFIX_PATH}:/opt/ros/jazzy /usr/bin/cmake --install /home/mustafayousif/Code/hexapod_robot_harmonic/build/hexapod_sim
