[0.186s] DEBUG:colcon:Command line arguments: ['/usr/bin/colcon', 'build']
[0.186s] DEBUG:colcon:Parsed command line arguments: Namespace(log_base=None, log_level=None, verb_name='build', build_base='build', install_base='install', merge_install=False, symlink_install=False, test_result_base=None, continue_on_error=False, executor='parallel', parallel_workers=8, event_handlers=None, ignore_user_meta=False, metas=['./colcon.meta'], base_paths=['.'], packages_ignore=None, packages_ignore_regex=None, paths=None, packages_up_to=None, packages_up_to_regex=None, packages_above=None, packages_above_and_dependencies=None, packages_above_depth=None, packages_select_by_dep=None, packages_skip_by_dep=None, packages_skip_up_to=None, packages_select_build_failed=False, packages_skip_build_finished=False, packages_select_test_failures=False, packages_skip_test_passed=False, packages_select=None, packages_skip=None, packages_select_regex=None, packages_skip_regex=None, packages_start=None, packages_end=None, cmake_args=None, cmake_target=None, cmake_target_skip_unavailable=False, cmake_clean_cache=False, cmake_clean_first=False, cmake_force_configure=False, ament_cmake_args=None, catkin_cmake_args=None, catkin_skip_building_tests=False, verb_parser=<colcon_defaults.argument_parser.defaults.DefaultArgumentsDecorator object at 0xffff9ad303b0>, verb_extension=<colcon_core.verb.build.BuildVerb object at 0xffff9ad30260>, main=<bound method BuildVerb.main of <colcon_core.verb.build.BuildVerb object at 0xffff9ad30260>>)
[0.219s] Level 1:colcon.colcon_core.package_discovery:discover_packages(colcon_meta) check parameters
[0.219s] Level 1:colcon.colcon_core.package_discovery:discover_packages(recursive) check parameters
[0.219s] Level 1:colcon.colcon_core.package_discovery:discover_packages(ignore) check parameters
[0.219s] Level 1:colcon.colcon_core.package_discovery:discover_packages(path) check parameters
[0.219s] Level 1:colcon.colcon_core.package_discovery:discover_packages(colcon_meta) discover
[0.219s] Level 1:colcon.colcon_core.package_discovery:discover_packages(recursive) discover
[0.219s] INFO:colcon.colcon_core.package_discovery:Crawling recursively for packages in '/home/mustafayousif/Code/hexapod_robot_harmonic'
[0.219s] Level 1:colcon.colcon_core.package_identification:_identify(.) by extensions ['ignore', 'ignore_ament_install']
[0.220s] Level 1:colcon.colcon_core.package_identification:_identify(.) by extension 'ignore'
[0.220s] Level 1:colcon.colcon_core.package_identification:_identify(.) by extension 'ignore_ament_install'
[0.220s] Level 1:colcon.colcon_core.package_identification:_identify(.) by extensions ['colcon_pkg']
[0.220s] Level 1:colcon.colcon_core.package_identification:_identify(.) by extension 'colcon_pkg'
[0.220s] Level 1:colcon.colcon_core.package_identification:_identify(.) by extensions ['colcon_meta']
[0.220s] Level 1:colcon.colcon_core.package_identification:_identify(.) by extension 'colcon_meta'
[0.220s] Level 1:colcon.colcon_core.package_identification:_identify(.) by extensions ['ros']
[0.220s] Level 1:colcon.colcon_core.package_identification:_identify(.) by extension 'ros'
[0.239s] Level 1:colcon.colcon_core.package_identification:_identify(.) by extensions ['cmake', 'python']
[0.239s] Level 1:colcon.colcon_core.package_identification:_identify(.) by extension 'cmake'
[0.239s] Level 1:colcon.colcon_core.package_identification:_identify(.) by extension 'python'
[0.239s] Level 1:colcon.colcon_core.package_identification:_identify(.) by extensions ['python_setup_py']
[0.239s] Level 1:colcon.colcon_core.package_identification:_identify(.) by extension 'python_setup_py'
[0.239s] Level 1:colcon.colcon_core.package_identification:_identify(build) by extensions ['ignore', 'ignore_ament_install']
[0.239s] Level 1:colcon.colcon_core.package_identification:_identify(build) by extension 'ignore'
[0.239s] Level 1:colcon.colcon_core.package_identification:_identify(build) ignored
[0.239s] Level 1:colcon.colcon_core.package_identification:_identify(install) by extensions ['ignore', 'ignore_ament_install']
[0.239s] Level 1:colcon.colcon_core.package_identification:_identify(install) by extension 'ignore'
[0.239s] Level 1:colcon.colcon_core.package_identification:_identify(install) ignored
[0.239s] Level 1:colcon.colcon_core.package_identification:_identify(log) by extensions ['ignore', 'ignore_ament_install']
[0.239s] Level 1:colcon.colcon_core.package_identification:_identify(log) by extension 'ignore'
[0.239s] Level 1:colcon.colcon_core.package_identification:_identify(log) ignored
[0.239s] Level 1:colcon.colcon_core.package_identification:_identify(src) by extensions ['ignore', 'ignore_ament_install']
[0.239s] Level 1:colcon.colcon_core.package_identification:_identify(src) by extension 'ignore'
[0.239s] Level 1:colcon.colcon_core.package_identification:_identify(src) by extension 'ignore_ament_install'
[0.239s] Level 1:colcon.colcon_core.package_identification:_identify(src) by extensions ['colcon_pkg']
[0.239s] Level 1:colcon.colcon_core.package_identification:_identify(src) by extension 'colcon_pkg'
[0.239s] Level 1:colcon.colcon_core.package_identification:_identify(src) by extensions ['colcon_meta']
[0.239s] Level 1:colcon.colcon_core.package_identification:_identify(src) by extension 'colcon_meta'
[0.239s] Level 1:colcon.colcon_core.package_identification:_identify(src) by extensions ['ros']
[0.239s] Level 1:colcon.colcon_core.package_identification:_identify(src) by extension 'ros'
[0.239s] Level 1:colcon.colcon_core.package_identification:_identify(src) by extensions ['cmake', 'python']
[0.239s] Level 1:colcon.colcon_core.package_identification:_identify(src) by extension 'cmake'
[0.239s] Level 1:colcon.colcon_core.package_identification:_identify(src) by extension 'python'
[0.239s] Level 1:colcon.colcon_core.package_identification:_identify(src) by extensions ['python_setup_py']
[0.239s] Level 1:colcon.colcon_core.package_identification:_identify(src) by extension 'python_setup_py'
[0.239s] Level 1:colcon.colcon_core.package_identification:_identify(src/hexapod_description) by extensions ['ignore', 'ignore_ament_install']
[0.239s] Level 1:colcon.colcon_core.package_identification:_identify(src/hexapod_description) by extension 'ignore'
[0.240s] Level 1:colcon.colcon_core.package_identification:_identify(src/hexapod_description) by extension 'ignore_ament_install'
[0.240s] Level 1:colcon.colcon_core.package_identification:_identify(src/hexapod_description) by extensions ['colcon_pkg']
[0.240s] Level 1:colcon.colcon_core.package_identification:_identify(src/hexapod_description) by extension 'colcon_pkg'
[0.240s] Level 1:colcon.colcon_core.package_identification:_identify(src/hexapod_description) by extensions ['colcon_meta']
[0.240s] Level 1:colcon.colcon_core.package_identification:_identify(src/hexapod_description) by extension 'colcon_meta'
[0.240s] Level 1:colcon.colcon_core.package_identification:_identify(src/hexapod_description) by extensions ['ros']
[0.240s] Level 1:colcon.colcon_core.package_identification:_identify(src/hexapod_description) by extension 'ros'
[0.241s] DEBUG:colcon.colcon_core.package_identification:Package 'src/hexapod_description' with type 'ros.ament_cmake' and name 'hexapod_description'
[0.241s] Level 1:colcon.colcon_core.package_identification:_identify(src/hexapod_sim) by extensions ['ignore', 'ignore_ament_install']
[0.241s] Level 1:colcon.colcon_core.package_identification:_identify(src/hexapod_sim) by extension 'ignore'
[0.241s] Level 1:colcon.colcon_core.package_identification:_identify(src/hexapod_sim) by extension 'ignore_ament_install'
[0.241s] Level 1:colcon.colcon_core.package_identification:_identify(src/hexapod_sim) by extensions ['colcon_pkg']
[0.241s] Level 1:colcon.colcon_core.package_identification:_identify(src/hexapod_sim) by extension 'colcon_pkg'
[0.241s] Level 1:colcon.colcon_core.package_identification:_identify(src/hexapod_sim) by extensions ['colcon_meta']
[0.242s] Level 1:colcon.colcon_core.package_identification:_identify(src/hexapod_sim) by extension 'colcon_meta'
[0.242s] Level 1:colcon.colcon_core.package_identification:_identify(src/hexapod_sim) by extensions ['ros']
[0.242s] Level 1:colcon.colcon_core.package_identification:_identify(src/hexapod_sim) by extension 'ros'
[0.242s] DEBUG:colcon.colcon_core.package_identification:Package 'src/hexapod_sim' with type 'ros.ament_cmake' and name 'hexapod_sim'
[0.242s] Level 1:colcon.colcon_core.package_identification:_identify(src/velocity_pub) by extensions ['ignore', 'ignore_ament_install']
[0.242s] Level 1:colcon.colcon_core.package_identification:_identify(src/velocity_pub) by extension 'ignore'
[0.242s] Level 1:colcon.colcon_core.package_identification:_identify(src/velocity_pub) by extension 'ignore_ament_install'
[0.242s] Level 1:colcon.colcon_core.package_identification:_identify(src/velocity_pub) by extensions ['colcon_pkg']
[0.242s] Level 1:colcon.colcon_core.package_identification:_identify(src/velocity_pub) by extension 'colcon_pkg'
[0.242s] Level 1:colcon.colcon_core.package_identification:_identify(src/velocity_pub) by extensions ['colcon_meta']
[0.242s] Level 1:colcon.colcon_core.package_identification:_identify(src/velocity_pub) by extension 'colcon_meta'
[0.242s] Level 1:colcon.colcon_core.package_identification:_identify(src/velocity_pub) by extensions ['ros']
[0.242s] Level 1:colcon.colcon_core.package_identification:_identify(src/velocity_pub) by extension 'ros'
[0.243s] DEBUG:colcon.colcon_core.package_identification:Package 'src/velocity_pub' with type 'ros.ament_cmake' and name 'velocity_pub'
[0.243s] Level 1:colcon.colcon_core.package_discovery:discover_packages(recursive) using defaults
[0.243s] Level 1:colcon.colcon_core.package_discovery:discover_packages(ignore) discover
[0.243s] Level 1:colcon.colcon_core.package_discovery:discover_packages(ignore) using defaults
[0.243s] Level 1:colcon.colcon_core.package_discovery:discover_packages(path) discover
[0.243s] Level 1:colcon.colcon_core.package_discovery:discover_packages(path) using defaults
[0.260s] Level 5:colcon.colcon_core.verb:set package 'hexapod_description' build argument 'cmake_args' from command line to 'None'
[0.260s] Level 5:colcon.colcon_core.verb:set package 'hexapod_description' build argument 'cmake_target' from command line to 'None'
[0.260s] Level 5:colcon.colcon_core.verb:set package 'hexapod_description' build argument 'cmake_target_skip_unavailable' from command line to 'False'
[0.260s] Level 5:colcon.colcon_core.verb:set package 'hexapod_description' build argument 'cmake_clean_cache' from command line to 'False'
[0.260s] Level 5:colcon.colcon_core.verb:set package 'hexapod_description' build argument 'cmake_clean_first' from command line to 'False'
[0.260s] Level 5:colcon.colcon_core.verb:set package 'hexapod_description' build argument 'cmake_force_configure' from command line to 'False'
[0.260s] Level 5:colcon.colcon_core.verb:set package 'hexapod_description' build argument 'ament_cmake_args' from command line to 'None'
[0.260s] Level 5:colcon.colcon_core.verb:set package 'hexapod_description' build argument 'catkin_cmake_args' from command line to 'None'
[0.260s] Level 5:colcon.colcon_core.verb:set package 'hexapod_description' build argument 'catkin_skip_building_tests' from command line to 'False'
[0.260s] DEBUG:colcon.colcon_core.verb:Building package 'hexapod_description' with the following arguments: {'ament_cmake_args': None, 'build_base': '/home/mustafayousif/Code/hexapod_robot_harmonic/build/hexapod_description', 'catkin_cmake_args': None, 'catkin_skip_building_tests': False, 'cmake_args': None, 'cmake_clean_cache': False, 'cmake_clean_first': False, 'cmake_force_configure': False, 'cmake_target': None, 'cmake_target_skip_unavailable': False, 'install_base': '/home/mustafayousif/Code/hexapod_robot_harmonic/install/hexapod_description', 'merge_install': False, 'path': '/home/mustafayousif/Code/hexapod_robot_harmonic/src/hexapod_description', 'symlink_install': False, 'test_result_base': None}
[0.260s] Level 5:colcon.colcon_core.verb:set package 'hexapod_sim' build argument 'cmake_args' from command line to 'None'
[0.260s] Level 5:colcon.colcon_core.verb:set package 'hexapod_sim' build argument 'cmake_target' from command line to 'None'
[0.260s] Level 5:colcon.colcon_core.verb:set package 'hexapod_sim' build argument 'cmake_target_skip_unavailable' from command line to 'False'
[0.260s] Level 5:colcon.colcon_core.verb:set package 'hexapod_sim' build argument 'cmake_clean_cache' from command line to 'False'
[0.261s] Level 5:colcon.colcon_core.verb:set package 'hexapod_sim' build argument 'cmake_clean_first' from command line to 'False'
[0.261s] Level 5:colcon.colcon_core.verb:set package 'hexapod_sim' build argument 'cmake_force_configure' from command line to 'False'
[0.261s] Level 5:colcon.colcon_core.verb:set package 'hexapod_sim' build argument 'ament_cmake_args' from command line to 'None'
[0.261s] Level 5:colcon.colcon_core.verb:set package 'hexapod_sim' build argument 'catkin_cmake_args' from command line to 'None'
[0.261s] Level 5:colcon.colcon_core.verb:set package 'hexapod_sim' build argument 'catkin_skip_building_tests' from command line to 'False'
[0.261s] DEBUG:colcon.colcon_core.verb:Building package 'hexapod_sim' with the following arguments: {'ament_cmake_args': None, 'build_base': '/home/mustafayousif/Code/hexapod_robot_harmonic/build/hexapod_sim', 'catkin_cmake_args': None, 'catkin_skip_building_tests': False, 'cmake_args': None, 'cmake_clean_cache': False, 'cmake_clean_first': False, 'cmake_force_configure': False, 'cmake_target': None, 'cmake_target_skip_unavailable': False, 'install_base': '/home/mustafayousif/Code/hexapod_robot_harmonic/install/hexapod_sim', 'merge_install': False, 'path': '/home/mustafayousif/Code/hexapod_robot_harmonic/src/hexapod_sim', 'symlink_install': False, 'test_result_base': None}
[0.261s] Level 5:colcon.colcon_core.verb:set package 'velocity_pub' build argument 'cmake_args' from command line to 'None'
[0.261s] Level 5:colcon.colcon_core.verb:set package 'velocity_pub' build argument 'cmake_target' from command line to 'None'
[0.261s] Level 5:colcon.colcon_core.verb:set package 'velocity_pub' build argument 'cmake_target_skip_unavailable' from command line to 'False'
[0.261s] Level 5:colcon.colcon_core.verb:set package 'velocity_pub' build argument 'cmake_clean_cache' from command line to 'False'
[0.261s] Level 5:colcon.colcon_core.verb:set package 'velocity_pub' build argument 'cmake_clean_first' from command line to 'False'
[0.261s] Level 5:colcon.colcon_core.verb:set package 'velocity_pub' build argument 'cmake_force_configure' from command line to 'False'
[0.261s] Level 5:colcon.colcon_core.verb:set package 'velocity_pub' build argument 'ament_cmake_args' from command line to 'None'
[0.261s] Level 5:colcon.colcon_core.verb:set package 'velocity_pub' build argument 'catkin_cmake_args' from command line to 'None'
[0.261s] Level 5:colcon.colcon_core.verb:set package 'velocity_pub' build argument 'catkin_skip_building_tests' from command line to 'False'
[0.261s] DEBUG:colcon.colcon_core.verb:Building package 'velocity_pub' with the following arguments: {'ament_cmake_args': None, 'build_base': '/home/mustafayousif/Code/hexapod_robot_harmonic/build/velocity_pub', 'catkin_cmake_args': None, 'catkin_skip_building_tests': False, 'cmake_args': None, 'cmake_clean_cache': False, 'cmake_clean_first': False, 'cmake_force_configure': False, 'cmake_target': None, 'cmake_target_skip_unavailable': False, 'install_base': '/home/mustafayousif/Code/hexapod_robot_harmonic/install/velocity_pub', 'merge_install': False, 'path': '/home/mustafayousif/Code/hexapod_robot_harmonic/src/velocity_pub', 'symlink_install': False, 'test_result_base': None}
[0.261s] INFO:colcon.colcon_core.executor:Executing jobs using 'parallel' executor
[0.261s] DEBUG:colcon.colcon_parallel_executor.executor.parallel:run_until_complete
[0.261s] INFO:colcon.colcon_ros.task.ament_cmake.build:Building ROS package in '/home/mustafayousif/Code/hexapod_robot_harmonic/src/hexapod_description' with build type 'ament_cmake'
[0.261s] INFO:colcon.colcon_cmake.task.cmake.build:Building CMake package in '/home/mustafayousif/Code/hexapod_robot_harmonic/src/hexapod_description'
[0.264s] INFO:colcon.colcon_core.plugin_system:Skipping extension 'colcon_core.shell.bat': Not used on non-Windows systems
[0.264s] DEBUG:colcon.colcon_core.shell:Skip shell extension 'dsv' for command environment
[0.274s] INFO:colcon.colcon_ros.task.ament_cmake.build:Building ROS package in '/home/mustafayousif/Code/hexapod_robot_harmonic/src/hexapod_sim' with build type 'ament_cmake'
[0.275s] INFO:colcon.colcon_cmake.task.cmake.build:Building CMake package in '/home/mustafayousif/Code/hexapod_robot_harmonic/src/hexapod_sim'
[0.275s] DEBUG:colcon.colcon_core.shell:Skip shell extension 'dsv' for command environment
[0.277s] INFO:colcon.colcon_ros.task.ament_cmake.build:Building ROS package in '/home/mustafayousif/Code/hexapod_robot_harmonic/src/velocity_pub' with build type 'ament_cmake'
[0.277s] INFO:colcon.colcon_cmake.task.cmake.build:Building CMake package in '/home/mustafayousif/Code/hexapod_robot_harmonic/src/velocity_pub'
[0.277s] DEBUG:colcon.colcon_core.shell:Skip shell extension 'dsv' for command environment
[0.281s] DEBUG:colcon.colcon_core.event_handler.log_command:Invoking command in '/home/mustafayousif/Code/hexapod_robot_harmonic/build/hexapod_description': CMAKE_PREFIX_PATH=${CMAKE_PREFIX_PATH}:/opt/ros/jazzy /usr/bin/cmake --build /home/mustafayousif/Code/hexapod_robot_harmonic/build/hexapod_description -- -j8 -l8
[0.286s] DEBUG:colcon.colcon_core.event_handler.log_command:Invoking command in '/home/mustafayousif/Code/hexapod_robot_harmonic/build/hexapod_sim': CMAKE_PREFIX_PATH=${CMAKE_PREFIX_PATH}:/opt/ros/jazzy /usr/bin/cmake --build /home/mustafayousif/Code/hexapod_robot_harmonic/build/hexapod_sim -- -j8 -l8
[0.291s] DEBUG:colcon.colcon_core.event_handler.log_command:Invoking command in '/home/mustafayousif/Code/hexapod_robot_harmonic/build/velocity_pub': CMAKE_PREFIX_PATH=${CMAKE_PREFIX_PATH}:/opt/ros/jazzy /usr/bin/cmake --build /home/mustafayousif/Code/hexapod_robot_harmonic/build/velocity_pub -- -j8 -l8
[0.364s] DEBUG:colcon.colcon_core.event_handler.log_command:Invoked command in '/home/mustafayousif/Code/hexapod_robot_harmonic/build/velocity_pub' returned '0': CMAKE_PREFIX_PATH=${CMAKE_PREFIX_PATH}:/opt/ros/jazzy /usr/bin/cmake --build /home/mustafayousif/Code/hexapod_robot_harmonic/build/velocity_pub -- -j8 -l8
[0.371s] DEBUG:colcon.colcon_core.event_handler.log_command:Invoking command in '/home/mustafayousif/Code/hexapod_robot_harmonic/build/velocity_pub': CMAKE_PREFIX_PATH=${CMAKE_PREFIX_PATH}:/opt/ros/jazzy /usr/bin/cmake --install /home/mustafayousif/Code/hexapod_robot_harmonic/build/velocity_pub
[0.372s] DEBUG:colcon.colcon_core.event_handler.log_command:Invoked command in '/home/mustafayousif/Code/hexapod_robot_harmonic/build/hexapod_sim' returned '0': CMAKE_PREFIX_PATH=${CMAKE_PREFIX_PATH}:/opt/ros/jazzy /usr/bin/cmake --build /home/mustafayousif/Code/hexapod_robot_harmonic/build/hexapod_sim -- -j8 -l8
[0.373s] DEBUG:colcon.colcon_core.event_handler.log_command:Invoking command in '/home/mustafayousif/Code/hexapod_robot_harmonic/build/hexapod_sim': CMAKE_PREFIX_PATH=${CMAKE_PREFIX_PATH}:/opt/ros/jazzy /usr/bin/cmake --install /home/mustafayousif/Code/hexapod_robot_harmonic/build/hexapod_sim
[0.377s] DEBUG:colcon.colcon_core.event_handler.log_command:Invoked command in '/home/mustafayousif/Code/hexapod_robot_harmonic/build/hexapod_description' returned '0': CMAKE_PREFIX_PATH=${CMAKE_PREFIX_PATH}:/opt/ros/jazzy /usr/bin/cmake --build /home/mustafayousif/Code/hexapod_robot_harmonic/build/hexapod_description -- -j8 -l8
[0.378s] DEBUG:colcon.colcon_core.event_handler.log_command:Invoking command in '/home/mustafayousif/Code/hexapod_robot_harmonic/build/hexapod_description': CMAKE_PREFIX_PATH=${CMAKE_PREFIX_PATH}:/opt/ros/jazzy /usr/bin/cmake --install /home/mustafayousif/Code/hexapod_robot_harmonic/build/hexapod_description
[0.381s] Level 1:colcon.colcon_core.environment:create_environment_scripts_only(hexapod_sim)
[0.382s] DEBUG:colcon.colcon_core.event_handler.log_command:Invoked command in '/home/mustafayousif/Code/hexapod_robot_harmonic/build/hexapod_sim' returned '0': CMAKE_PREFIX_PATH=${CMAKE_PREFIX_PATH}:/opt/ros/jazzy /usr/bin/cmake --install /home/mustafayousif/Code/hexapod_robot_harmonic/build/hexapod_sim
[0.392s] Level 1:colcon.colcon_core.environment:checking '/home/mustafayousif/Code/hexapod_robot_harmonic/install/hexapod_sim' for CMake module files
[0.393s] Level 1:colcon.colcon_core.environment:checking '/home/mustafayousif/Code/hexapod_robot_harmonic/install/hexapod_sim' for CMake config files
[0.393s] Level 1:colcon.colcon_core.shell:create_environment_hook('hexapod_sim', 'cmake_prefix_path')
[0.393s] INFO:colcon.colcon_core.shell:Creating environment descriptor '/home/mustafayousif/Code/hexapod_robot_harmonic/install/hexapod_sim/share/hexapod_sim/hook/cmake_prefix_path.dsv'
[0.394s] INFO:colcon.colcon_core.shell:Creating environment hook '/home/mustafayousif/Code/hexapod_robot_harmonic/install/hexapod_sim/share/hexapod_sim/hook/cmake_prefix_path.sh'
[0.395s] Level 1:colcon.colcon_core.environment:checking '/home/mustafayousif/Code/hexapod_robot_harmonic/install/hexapod_sim/bin'
[0.396s] Level 1:colcon.colcon_core.environment:checking '/home/mustafayousif/Code/hexapod_robot_harmonic/install/hexapod_sim/lib/pkgconfig/hexapod_sim.pc'
[0.398s] Level 1:colcon.colcon_core.environment:checking '/home/mustafayousif/Code/hexapod_robot_harmonic/install/hexapod_sim/lib/python3.12/site-packages'
[0.398s] Level 1:colcon.colcon_core.environment:checking '/home/mustafayousif/Code/hexapod_robot_harmonic/install/hexapod_sim/bin'
[0.399s] INFO:colcon.colcon_core.shell:Creating package descriptor '/home/mustafayousif/Code/hexapod_robot_harmonic/install/hexapod_sim/share/hexapod_sim/package.dsv'
[0.399s] INFO:colcon.colcon_core.shell:Creating package script '/home/mustafayousif/Code/hexapod_robot_harmonic/install/hexapod_sim/share/hexapod_sim/package.sh'
[0.400s] INFO:colcon.colcon_core.shell:Creating package script '/home/mustafayousif/Code/hexapod_robot_harmonic/install/hexapod_sim/share/hexapod_sim/package.bash'
[0.401s] INFO:colcon.colcon_core.shell:Creating package script '/home/mustafayousif/Code/hexapod_robot_harmonic/install/hexapod_sim/share/hexapod_sim/package.zsh'
[0.402s] Level 1:colcon.colcon_core.environment:create_file_with_runtime_dependencies(/home/mustafayousif/Code/hexapod_robot_harmonic/install/hexapod_sim/share/colcon-core/packages/hexapod_sim)
[0.402s] Level 1:colcon.colcon_core.environment:create_environment_scripts_only(hexapod_sim)
[0.402s] Level 1:colcon.colcon_core.environment:checking '/home/mustafayousif/Code/hexapod_robot_harmonic/install/hexapod_sim' for CMake module files
[0.403s] Level 1:colcon.colcon_core.environment:checking '/home/mustafayousif/Code/hexapod_robot_harmonic/install/hexapod_sim' for CMake config files
[0.403s] Level 1:colcon.colcon_core.shell:create_environment_hook('hexapod_sim', 'cmake_prefix_path')
[0.403s] INFO:colcon.colcon_core.shell:Creating environment descriptor '/home/mustafayousif/Code/hexapod_robot_harmonic/install/hexapod_sim/share/hexapod_sim/hook/cmake_prefix_path.dsv'
[0.404s] INFO:colcon.colcon_core.shell:Creating environment hook '/home/mustafayousif/Code/hexapod_robot_harmonic/install/hexapod_sim/share/hexapod_sim/hook/cmake_prefix_path.sh'
[0.404s] Level 1:colcon.colcon_core.environment:checking '/home/mustafayousif/Code/hexapod_robot_harmonic/install/hexapod_sim/bin'
[0.404s] Level 1:colcon.colcon_core.environment:checking '/home/mustafayousif/Code/hexapod_robot_harmonic/install/hexapod_sim/lib/pkgconfig/hexapod_sim.pc'
[0.405s] Level 1:colcon.colcon_core.environment:checking '/home/mustafayousif/Code/hexapod_robot_harmonic/install/hexapod_sim/lib/python3.12/site-packages'
[0.405s] Level 1:colcon.colcon_core.environment:checking '/home/mustafayousif/Code/hexapod_robot_harmonic/install/hexapod_sim/bin'
[0.405s] INFO:colcon.colcon_core.shell:Creating package descriptor '/home/mustafayousif/Code/hexapod_robot_harmonic/install/hexapod_sim/share/hexapod_sim/package.dsv'
[0.405s] INFO:colcon.colcon_core.shell:Creating package script '/home/mustafayousif/Code/hexapod_robot_harmonic/install/hexapod_sim/share/hexapod_sim/package.sh'
[0.406s] INFO:colcon.colcon_core.shell:Creating package script '/home/mustafayousif/Code/hexapod_robot_harmonic/install/hexapod_sim/share/hexapod_sim/package.bash'
[0.406s] INFO:colcon.colcon_core.shell:Creating package script '/home/mustafayousif/Code/hexapod_robot_harmonic/install/hexapod_sim/share/hexapod_sim/package.zsh'
[0.407s] Level 1:colcon.colcon_core.environment:create_file_with_runtime_dependencies(/home/mustafayousif/Code/hexapod_robot_harmonic/install/hexapod_sim/share/colcon-core/packages/hexapod_sim)
[0.408s] Level 1:colcon.colcon_core.environment:create_environment_scripts_only(velocity_pub)
[0.408s] DEBUG:colcon.colcon_core.event_handler.log_command:Invoked command in '/home/mustafayousif/Code/hexapod_robot_harmonic/build/velocity_pub' returned '0': CMAKE_PREFIX_PATH=${CMAKE_PREFIX_PATH}:/opt/ros/jazzy /usr/bin/cmake --install /home/mustafayousif/Code/hexapod_robot_harmonic/build/velocity_pub
[0.409s] Level 1:colcon.colcon_core.environment:checking '/home/mustafayousif/Code/hexapod_robot_harmonic/install/velocity_pub' for CMake module files
[0.410s] Level 1:colcon.colcon_core.environment:checking '/home/mustafayousif/Code/hexapod_robot_harmonic/install/velocity_pub' for CMake config files
[0.410s] Level 1:colcon.colcon_core.shell:create_environment_hook('velocity_pub', 'cmake_prefix_path')
[0.411s] INFO:colcon.colcon_core.shell:Creating environment descriptor '/home/mustafayousif/Code/hexapod_robot_harmonic/install/velocity_pub/share/velocity_pub/hook/cmake_prefix_path.dsv'
[0.411s] INFO:colcon.colcon_core.shell:Creating environment hook '/home/mustafayousif/Code/hexapod_robot_harmonic/install/velocity_pub/share/velocity_pub/hook/cmake_prefix_path.sh'
[0.412s] Level 1:colcon.colcon_core.environment:checking '/home/mustafayousif/Code/hexapod_robot_harmonic/install/velocity_pub/lib'
[0.412s] Level 1:colcon.colcon_core.environment:checking '/home/mustafayousif/Code/hexapod_robot_harmonic/install/velocity_pub/bin'
[0.412s] Level 1:colcon.colcon_core.environment:checking '/home/mustafayousif/Code/hexapod_robot_harmonic/install/velocity_pub/lib/pkgconfig/velocity_pub.pc'
[0.413s] Level 1:colcon.colcon_core.environment:checking '/home/mustafayousif/Code/hexapod_robot_harmonic/install/velocity_pub/lib/python3.12/site-packages'
[0.413s] Level 1:colcon.colcon_core.environment:checking '/home/mustafayousif/Code/hexapod_robot_harmonic/install/velocity_pub/bin'
[0.413s] INFO:colcon.colcon_core.shell:Creating package descriptor '/home/mustafayousif/Code/hexapod_robot_harmonic/install/velocity_pub/share/velocity_pub/package.dsv'
[0.414s] INFO:colcon.colcon_core.shell:Creating package script '/home/mustafayousif/Code/hexapod_robot_harmonic/install/velocity_pub/share/velocity_pub/package.sh'
[0.414s] INFO:colcon.colcon_core.shell:Creating package script '/home/mustafayousif/Code/hexapod_robot_harmonic/install/velocity_pub/share/velocity_pub/package.bash'
[0.414s] INFO:colcon.colcon_core.shell:Creating package script '/home/mustafayousif/Code/hexapod_robot_harmonic/install/velocity_pub/share/velocity_pub/package.zsh'
[0.415s] Level 1:colcon.colcon_core.environment:create_file_with_runtime_dependencies(/home/mustafayousif/Code/hexapod_robot_harmonic/install/velocity_pub/share/colcon-core/packages/velocity_pub)
[0.415s] Level 1:colcon.colcon_core.environment:create_environment_scripts_only(velocity_pub)
[0.415s] Level 1:colcon.colcon_core.environment:checking '/home/mustafayousif/Code/hexapod_robot_harmonic/install/velocity_pub' for CMake module files
[0.416s] Level 1:colcon.colcon_core.environment:checking '/home/mustafayousif/Code/hexapod_robot_harmonic/install/velocity_pub' for CMake config files
[0.416s] Level 1:colcon.colcon_core.shell:create_environment_hook('velocity_pub', 'cmake_prefix_path')
[0.416s] INFO:colcon.colcon_core.shell:Creating environment descriptor '/home/mustafayousif/Code/hexapod_robot_harmonic/install/velocity_pub/share/velocity_pub/hook/cmake_prefix_path.dsv'
[0.417s] INFO:colcon.colcon_core.shell:Creating environment hook '/home/mustafayousif/Code/hexapod_robot_harmonic/install/velocity_pub/share/velocity_pub/hook/cmake_prefix_path.sh'
[0.417s] Level 1:colcon.colcon_core.environment:checking '/home/mustafayousif/Code/hexapod_robot_harmonic/install/velocity_pub/lib'
[0.418s] Level 1:colcon.colcon_core.environment:checking '/home/mustafayousif/Code/hexapod_robot_harmonic/install/velocity_pub/bin'
[0.418s] Level 1:colcon.colcon_core.environment:checking '/home/mustafayousif/Code/hexapod_robot_harmonic/install/velocity_pub/lib/pkgconfig/velocity_pub.pc'
[0.418s] Level 1:colcon.colcon_core.environment:checking '/home/mustafayousif/Code/hexapod_robot_harmonic/install/velocity_pub/lib/python3.12/site-packages'
[0.418s] Level 1:colcon.colcon_core.environment:checking '/home/mustafayousif/Code/hexapod_robot_harmonic/install/velocity_pub/bin'
[0.418s] INFO:colcon.colcon_core.shell:Creating package descriptor '/home/mustafayousif/Code/hexapod_robot_harmonic/install/velocity_pub/share/velocity_pub/package.dsv'
[0.419s] INFO:colcon.colcon_core.shell:Creating package script '/home/mustafayousif/Code/hexapod_robot_harmonic/install/velocity_pub/share/velocity_pub/package.sh'
[0.419s] INFO:colcon.colcon_core.shell:Creating package script '/home/mustafayousif/Code/hexapod_robot_harmonic/install/velocity_pub/share/velocity_pub/package.bash'
[0.420s] INFO:colcon.colcon_core.shell:Creating package script '/home/mustafayousif/Code/hexapod_robot_harmonic/install/velocity_pub/share/velocity_pub/package.zsh'
[0.420s] Level 1:colcon.colcon_core.environment:create_file_with_runtime_dependencies(/home/mustafayousif/Code/hexapod_robot_harmonic/install/velocity_pub/share/colcon-core/packages/velocity_pub)
[0.420s] Level 1:colcon.colcon_core.environment:create_environment_scripts_only(hexapod_description)
[0.421s] Level 1:colcon.colcon_core.environment:checking '/home/mustafayousif/Code/hexapod_robot_harmonic/install/hexapod_description' for CMake module files
[0.421s] DEBUG:colcon.colcon_core.event_handler.log_command:Invoked command in '/home/mustafayousif/Code/hexapod_robot_harmonic/build/hexapod_description' returned '0': CMAKE_PREFIX_PATH=${CMAKE_PREFIX_PATH}:/opt/ros/jazzy /usr/bin/cmake --install /home/mustafayousif/Code/hexapod_robot_harmonic/build/hexapod_description
[0.422s] Level 1:colcon.colcon_core.environment:checking '/home/mustafayousif/Code/hexapod_robot_harmonic/install/hexapod_description' for CMake config files
[0.423s] Level 1:colcon.colcon_core.shell:create_environment_hook('hexapod_description', 'cmake_prefix_path')
[0.423s] INFO:colcon.colcon_core.shell:Creating environment descriptor '/home/mustafayousif/Code/hexapod_robot_harmonic/install/hexapod_description/share/hexapod_description/hook/cmake_prefix_path.dsv'
[0.423s] INFO:colcon.colcon_core.shell:Creating environment hook '/home/mustafayousif/Code/hexapod_robot_harmonic/install/hexapod_description/share/hexapod_description/hook/cmake_prefix_path.sh'
[0.424s] Level 1:colcon.colcon_core.environment:checking '/home/mustafayousif/Code/hexapod_robot_harmonic/install/hexapod_description/bin'
[0.424s] Level 1:colcon.colcon_core.environment:checking '/home/mustafayousif/Code/hexapod_robot_harmonic/install/hexapod_description/lib/pkgconfig/hexapod_description.pc'
[0.425s] Level 1:colcon.colcon_core.environment:checking '/home/mustafayousif/Code/hexapod_robot_harmonic/install/hexapod_description/lib/python3.12/site-packages'
[0.425s] Level 1:colcon.colcon_core.environment:checking '/home/mustafayousif/Code/hexapod_robot_harmonic/install/hexapod_description/bin'
[0.425s] INFO:colcon.colcon_core.shell:Creating package descriptor '/home/mustafayousif/Code/hexapod_robot_harmonic/install/hexapod_description/share/hexapod_description/package.dsv'
[0.426s] INFO:colcon.colcon_core.shell:Creating package script '/home/mustafayousif/Code/hexapod_robot_harmonic/install/hexapod_description/share/hexapod_description/package.sh'
[0.426s] INFO:colcon.colcon_core.shell:Creating package script '/home/mustafayousif/Code/hexapod_robot_harmonic/install/hexapod_description/share/hexapod_description/package.bash'
[0.426s] INFO:colcon.colcon_core.shell:Creating package script '/home/mustafayousif/Code/hexapod_robot_harmonic/install/hexapod_description/share/hexapod_description/package.zsh'
[0.427s] Level 1:colcon.colcon_core.environment:create_file_with_runtime_dependencies(/home/mustafayousif/Code/hexapod_robot_harmonic/install/hexapod_description/share/colcon-core/packages/hexapod_description)
[0.427s] Level 1:colcon.colcon_core.environment:create_environment_scripts_only(hexapod_description)
[0.427s] Level 1:colcon.colcon_core.environment:checking '/home/mustafayousif/Code/hexapod_robot_harmonic/install/hexapod_description' for CMake module files
[0.428s] Level 1:colcon.colcon_core.environment:checking '/home/mustafayousif/Code/hexapod_robot_harmonic/install/hexapod_description' for CMake config files
[0.429s] Level 1:colcon.colcon_core.shell:create_environment_hook('hexapod_description', 'cmake_prefix_path')
[0.429s] INFO:colcon.colcon_core.shell:Creating environment descriptor '/home/mustafayousif/Code/hexapod_robot_harmonic/install/hexapod_description/share/hexapod_description/hook/cmake_prefix_path.dsv'
[0.429s] INFO:colcon.colcon_core.shell:Creating environment hook '/home/mustafayousif/Code/hexapod_robot_harmonic/install/hexapod_description/share/hexapod_description/hook/cmake_prefix_path.sh'
[0.430s] Level 1:colcon.colcon_core.environment:checking '/home/mustafayousif/Code/hexapod_robot_harmonic/install/hexapod_description/bin'
[0.430s] Level 1:colcon.colcon_core.environment:checking '/home/mustafayousif/Code/hexapod_robot_harmonic/install/hexapod_description/lib/pkgconfig/hexapod_description.pc'
[0.430s] Level 1:colcon.colcon_core.environment:checking '/home/mustafayousif/Code/hexapod_robot_harmonic/install/hexapod_description/lib/python3.12/site-packages'
[0.430s] Level 1:colcon.colcon_core.environment:checking '/home/mustafayousif/Code/hexapod_robot_harmonic/install/hexapod_description/bin'
[0.431s] INFO:colcon.colcon_core.shell:Creating package descriptor '/home/mustafayousif/Code/hexapod_robot_harmonic/install/hexapod_description/share/hexapod_description/package.dsv'
[0.431s] INFO:colcon.colcon_core.shell:Creating package script '/home/mustafayousif/Code/hexapod_robot_harmonic/install/hexapod_description/share/hexapod_description/package.sh'
[0.432s] INFO:colcon.colcon_core.shell:Creating package script '/home/mustafayousif/Code/hexapod_robot_harmonic/install/hexapod_description/share/hexapod_description/package.bash'
[0.432s] INFO:colcon.colcon_core.shell:Creating package script '/home/mustafayousif/Code/hexapod_robot_harmonic/install/hexapod_description/share/hexapod_description/package.zsh'
[0.432s] Level 1:colcon.colcon_core.environment:create_file_with_runtime_dependencies(/home/mustafayousif/Code/hexapod_robot_harmonic/install/hexapod_description/share/colcon-core/packages/hexapod_description)
[0.433s] DEBUG:colcon.colcon_parallel_executor.executor.parallel:closing loop
[0.433s] DEBUG:colcon.colcon_parallel_executor.executor.parallel:loop closed
[0.433s] DEBUG:colcon.colcon_parallel_executor.executor.parallel:run_until_complete finished with '0'
[0.433s] DEBUG:colcon.colcon_core.event_reactor:joining thread
[0.441s] INFO:colcon.colcon_core.plugin_system:Skipping extension 'colcon_notification.desktop_notification.terminal_notifier': Not used on non-Darwin systems
[0.441s] INFO:colcon.colcon_core.plugin_system:Skipping extension 'colcon_notification.desktop_notification.win32': Not used on non-Windows systems
[0.441s] INFO:colcon.colcon_notification.desktop_notification:Sending desktop notification using 'notify2'
[0.455s] DEBUG:colcon.colcon_core.event_reactor:joined thread
[0.456s] INFO:colcon.colcon_core.shell:Creating prefix script '/home/mustafayousif/Code/hexapod_robot_harmonic/install/local_setup.sh'
[0.457s] INFO:colcon.colcon_core.shell:Creating prefix util module '/home/mustafayousif/Code/hexapod_robot_harmonic/install/_local_setup_util_sh.py'
[0.459s] INFO:colcon.colcon_core.shell:Creating prefix chain script '/home/mustafayousif/Code/hexapod_robot_harmonic/install/setup.sh'
[0.461s] INFO:colcon.colcon_core.shell:Creating prefix script '/home/mustafayousif/Code/hexapod_robot_harmonic/install/local_setup.bash'
[0.462s] INFO:colcon.colcon_core.shell:Creating prefix chain script '/home/mustafayousif/Code/hexapod_robot_harmonic/install/setup.bash'
[0.463s] INFO:colcon.colcon_core.shell:Creating prefix script '/home/mustafayousif/Code/hexapod_robot_harmonic/install/local_setup.zsh'
[0.463s] INFO:colcon.colcon_core.shell:Creating prefix chain script '/home/mustafayousif/Code/hexapod_robot_harmonic/install/setup.zsh'
