[0.019s] Invoking command in '/home/mustafayousif/Code/hexapod_robot_harmonic/build/hexapod_description': CMAKE_PREFIX_PATH=${CMAKE_PREFIX_PATH}:/opt/ros/jazzy /usr/bin/cmake --build /home/mustafayousif/Code/hexapod_robot_harmonic/build/hexapod_description -- -j8 -l8
[0.076s] Invoked command in '/home/mustafayousif/Code/hexapod_robot_harmonic/build/hexapod_description' returned '0': CMAKE_PREFIX_PATH=${CMAKE_PREFIX_PATH}:/opt/ros/jazzy /usr/bin/cmake --build /home/mustafayousif/Code/hexapod_robot_harmonic/build/hexapod_description -- -j8 -l8
[0.077s] Invoking command in '/home/mustafayousif/Code/hexapod_robot_harmonic/build/hexapod_description': CMAKE_PREFIX_PATH=${CMAKE_PREFIX_PATH}:/opt/ros/jazzy /usr/bin/cmake --install /home/mustafayousif/Code/hexapod_robot_harmonic/build/hexapod_description
[0.083s] -- Install configuration: ""
[0.083s] -- Up-to-date: /home/mustafayousif/Code/hexapod_robot_harmonic/install/hexapod_description/share/hexapod_description/robots
[0.083s] -- Up-to-date: /home/mustafayousif/Code/hexapod_robot_harmonic/install/hexapod_description/share/hexapod_description/robots/hexapod.urdf.xacro
[0.083s] -- Up-to-date: /home/mustafayousif/Code/hexapod_robot_harmonic/install/hexapod_description/share/hexapod_description/robots/old.xacro
[0.083s] -- Up-to-date: /home/mustafayousif/Code/hexapod_robot_harmonic/install/hexapod_description/share/hexapod_description/robots/parts
[0.083s] -- Up-to-date: /home/mustafayousif/Code/hexapod_robot_harmonic/install/hexapod_description/share/hexapod_description/robots/parts/camera
[0.083s] -- Up-to-date: /home/mustafayousif/Code/hexapod_robot_harmonic/install/hexapod_description/share/hexapod_description/robots/parts/camera/camera.urdf.xacro
[0.083s] -- Up-to-date: /home/mustafayousif/Code/hexapod_robot_harmonic/install/hexapod_description/share/hexapod_description/robots/parts/base
[0.083s] -- Up-to-date: /home/mustafayousif/Code/hexapod_robot_harmonic/install/hexapod_description/share/hexapod_description/robots/parts/base/base.urdf.xacro
[0.083s] -- Up-to-date: /home/mustafayousif/Code/hexapod_robot_harmonic/install/hexapod_description/share/hexapod_description/robots/parts/arm
[0.083s] -- Up-to-date: /home/mustafayousif/Code/hexapod_robot_harmonic/install/hexapod_description/share/hexapod_description/robots/parts/arm/arm.urdf.xacro
[0.083s] -- Up-to-date: /home/mustafayousif/Code/hexapod_robot_harmonic/install/hexapod_description/share/hexapod_description/robots/parts/leg
[0.083s] -- Up-to-date: /home/mustafayousif/Code/hexapod_robot_harmonic/install/hexapod_description/share/hexapod_description/robots/parts/leg/leg.urdf.xacro
[0.083s] -- Up-to-date: /home/mustafayousif/Code/hexapod_robot_harmonic/install/hexapod_description/share/hexapod_description/gazebo
[0.083s] -- Up-to-date: /home/mustafayousif/Code/hexapod_robot_harmonic/install/hexapod_description/share/hexapod_description/gazebo/hexapod.gazebo.xacro
[0.083s] -- Up-to-date: /home/mustafayousif/Code/hexapod_robot_harmonic/install/hexapod_description/share/hexapod_description/ros2_control
[0.083s] -- Up-to-date: /home/mustafayousif/Code/hexapod_robot_harmonic/install/hexapod_description/share/hexapod_description/ros2_control/hexapod.ros2_control.xacro
[0.084s] -- Up-to-date: /home/mustafayousif/Code/hexapod_robot_harmonic/install/hexapod_description/share/hexapod_description/config
[0.084s] -- Installing: /home/mustafayousif/Code/hexapod_robot_harmonic/install/hexapod_description/share/hexapod_description/config/hexapod_sim.yaml
[0.084s] -- Up-to-date: /home/mustafayousif/Code/hexapod_robot_harmonic/install/hexapod_description/share/hexapod_description/config/hexapod_config.rviz
[0.084s] -- Up-to-date: /home/mustafayousif/Code/hexapod_robot_harmonic/install/hexapod_description/share/hexapod_description/meshes
[0.084s] -- Up-to-date: /home/mustafayousif/Code/hexapod_robot_harmonic/install/hexapod_description/share/hexapod_description/meshes/base
[0.084s] -- Up-to-date: /home/mustafayousif/Code/hexapod_robot_harmonic/install/hexapod_description/share/hexapod_description/meshes/base/base_link.stl
[0.084s] -- Up-to-date: /home/mustafayousif/Code/hexapod_robot_harmonic/install/hexapod_description/share/hexapod_description/meshes/sensors
[0.084s] -- Up-to-date: /home/mustafayousif/Code/hexapod_robot_harmonic/install/hexapod_description/share/hexapod_description/meshes/sensors/gps
[0.084s] -- Up-to-date: /home/mustafayousif/Code/hexapod_robot_harmonic/install/hexapod_description/share/hexapod_description/meshes/sensors/gps/gps.stl
[0.084s] -- Up-to-date: /home/mustafayousif/Code/hexapod_robot_harmonic/install/hexapod_description/share/hexapod_description/meshes/sensors/rear_lrf
[0.084s] -- Up-to-date: /home/mustafayousif/Code/hexapod_robot_harmonic/install/hexapod_description/share/hexapod_description/meshes/sensors/rear_lrf/rear_lrf.stl
[0.084s] -- Up-to-date: /home/mustafayousif/Code/hexapod_robot_harmonic/install/hexapod_description/share/hexapod_description/meshes/sensors/camera
[0.084s] -- Up-to-date: /home/mustafayousif/Code/hexapod_robot_harmonic/install/hexapod_description/share/hexapod_description/meshes/sensors/camera/camera.stl
[0.084s] -- Up-to-date: /home/mustafayousif/Code/hexapod_robot_harmonic/install/hexapod_description/share/hexapod_description/meshes/sensors/front_lrf
[0.084s] -- Up-to-date: /home/mustafayousif/Code/hexapod_robot_harmonic/install/hexapod_description/share/hexapod_description/meshes/sensors/front_lrf/front_lrf.stl
[0.084s] -- Up-to-date: /home/mustafayousif/Code/hexapod_robot_harmonic/install/hexapod_description/share/hexapod_description/meshes/sensors/gim30
[0.084s] -- Up-to-date: /home/mustafayousif/Code/hexapod_robot_harmonic/install/hexapod_description/share/hexapod_description/meshes/sensors/gim30/gim30.stl
[0.085s] -- Up-to-date: /home/mustafayousif/Code/hexapod_robot_harmonic/install/hexapod_description/share/hexapod_description/meshes/arm
[0.085s] -- Up-to-date: /home/mustafayousif/Code/hexapod_robot_harmonic/install/hexapod_description/share/hexapod_description/meshes/arm/abductor.stl
[0.085s] -- Up-to-date: /home/mustafayousif/Code/hexapod_robot_harmonic/install/hexapod_description/share/hexapod_description/meshes/arm/base.stl
[0.085s] -- Up-to-date: /home/mustafayousif/Code/hexapod_robot_harmonic/install/hexapod_description/share/hexapod_description/meshes/arm/rotator.stl
[0.085s] -- Up-to-date: /home/mustafayousif/Code/hexapod_robot_harmonic/install/hexapod_description/share/hexapod_description/meshes/arm/retractor.stl
[0.085s] -- Up-to-date: /home/mustafayousif/Code/hexapod_robot_harmonic/install/hexapod_description/share/hexapod_description/meshes/leg
[0.085s] -- Up-to-date: /home/mustafayousif/Code/hexapod_robot_harmonic/install/hexapod_description/share/hexapod_description/meshes/leg/tibia_right_top.stl
[0.085s] -- Up-to-date: /home/mustafayousif/Code/hexapod_robot_harmonic/install/hexapod_description/share/hexapod_description/meshes/leg/femur_right_bottom.stl
[0.085s] -- Up-to-date: /home/mustafayousif/Code/hexapod_robot_harmonic/install/hexapod_description/share/hexapod_description/meshes/leg/tibia_right_mid.stl
[0.085s] -- Up-to-date: /home/mustafayousif/Code/hexapod_robot_harmonic/install/hexapod_description/share/hexapod_description/meshes/leg/tibia_left_bottom.stl
[0.085s] -- Up-to-date: /home/mustafayousif/Code/hexapod_robot_harmonic/install/hexapod_description/share/hexapod_description/meshes/leg/femur_right_top.stl
[0.085s] -- Up-to-date: /home/mustafayousif/Code/hexapod_robot_harmonic/install/hexapod_description/share/hexapod_description/meshes/leg/tibia_left_top.stl
[0.085s] -- Up-to-date: /home/mustafayousif/Code/hexapod_robot_harmonic/install/hexapod_description/share/hexapod_description/meshes/leg/cox_right_bottom.stl
[0.085s] -- Up-to-date: /home/mustafayousif/Code/hexapod_robot_harmonic/install/hexapod_description/share/hexapod_description/meshes/leg/femur_left_top.stl
[0.085s] -- Up-to-date: /home/mustafayousif/Code/hexapod_robot_harmonic/install/hexapod_description/share/hexapod_description/meshes/leg/tibia_left_mid.stl
[0.085s] -- Up-to-date: /home/mustafayousif/Code/hexapod_robot_harmonic/install/hexapod_description/share/hexapod_description/meshes/leg/femur_left_mid.stl
[0.085s] -- Up-to-date: /home/mustafayousif/Code/hexapod_robot_harmonic/install/hexapod_description/share/hexapod_description/meshes/leg/cox_left_top.stl
[0.085s] -- Up-to-date: /home/mustafayousif/Code/hexapod_robot_harmonic/install/hexapod_description/share/hexapod_description/meshes/leg/tibia_right_bottom.stl
[0.085s] -- Up-to-date: /home/mustafayousif/Code/hexapod_robot_harmonic/install/hexapod_description/share/hexapod_description/meshes/leg/cox_right_mid.stl
[0.085s] -- Up-to-date: /home/mustafayousif/Code/hexapod_robot_harmonic/install/hexapod_description/share/hexapod_description/meshes/leg/cox_left_mid.stl
[0.085s] -- Up-to-date: /home/mustafayousif/Code/hexapod_robot_harmonic/install/hexapod_description/share/hexapod_description/meshes/leg/femur_left_bottom.stl
[0.085s] -- Up-to-date: /home/mustafayousif/Code/hexapod_robot_harmonic/install/hexapod_description/share/hexapod_description/meshes/leg/cox_right_top.stl
[0.085s] -- Up-to-date: /home/mustafayousif/Code/hexapod_robot_harmonic/install/hexapod_description/share/hexapod_description/meshes/leg/femur_right_mid.stl
[0.085s] -- Up-to-date: /home/mustafayousif/Code/hexapod_robot_harmonic/install/hexapod_description/share/hexapod_description/meshes/leg/cox_left_bottom.stl
[0.085s] -- Up-to-date: /home/mustafayousif/Code/hexapod_robot_harmonic/install/hexapod_description/share/hexapod_description/materials
[0.085s] -- Up-to-date: /home/mustafayousif/Code/hexapod_robot_harmonic/install/hexapod_description/share/hexapod_description/materials/hexapod.materials.xacro
[0.085s] -- Up-to-date: /home/mustafayousif/Code/hexapod_robot_harmonic/install/hexapod_description/share/hexapod_description/transmission
[0.085s] -- Up-to-date: /home/mustafayousif/Code/hexapod_robot_harmonic/install/hexapod_description/share/hexapod_description/transmission/hexapod.trans.xacro
[0.085s] -- Up-to-date: /home/mustafayousif/Code/hexapod_robot_harmonic/install/hexapod_description/share/ament_index/resource_index/package_run_dependencies/hexapod_description
[0.085s] -- Up-to-date: /home/mustafayousif/Code/hexapod_robot_harmonic/install/hexapod_description/share/ament_index/resource_index/parent_prefix_path/hexapod_description
[0.085s] -- Up-to-date: /home/mustafayousif/Code/hexapod_robot_harmonic/install/hexapod_description/share/hexapod_description/environment/ament_prefix_path.sh
[0.085s] -- Up-to-date: /home/mustafayousif/Code/hexapod_robot_harmonic/install/hexapod_description/share/hexapod_description/environment/ament_prefix_path.dsv
[0.085s] -- Up-to-date: /home/mustafayousif/Code/hexapod_robot_harmonic/install/hexapod_description/share/hexapod_description/environment/path.sh
[0.086s] -- Up-to-date: /home/mustafayousif/Code/hexapod_robot_harmonic/install/hexapod_description/share/hexapod_description/environment/path.dsv
[0.086s] -- Up-to-date: /home/mustafayousif/Code/hexapod_robot_harmonic/install/hexapod_description/share/hexapod_description/local_setup.bash
[0.086s] -- Up-to-date: /home/mustafayousif/Code/hexapod_robot_harmonic/install/hexapod_description/share/hexapod_description/local_setup.sh
[0.086s] -- Up-to-date: /home/mustafayousif/Code/hexapod_robot_harmonic/install/hexapod_description/share/hexapod_description/local_setup.zsh
[0.086s] -- Up-to-date: /home/mustafayousif/Code/hexapod_robot_harmonic/install/hexapod_description/share/hexapod_description/local_setup.dsv
[0.086s] -- Installing: /home/mustafayousif/Code/hexapod_robot_harmonic/install/hexapod_description/share/hexapod_description/package.dsv
[0.087s] -- Up-to-date: /home/mustafayousif/Code/hexapod_robot_harmonic/install/hexapod_description/share/ament_index/resource_index/packages/hexapod_description
[0.087s] -- Up-to-date: /home/mustafayousif/Code/hexapod_robot_harmonic/install/hexapod_description/share/hexapod_description/cmake/hexapod_descriptionConfig.cmake
[0.087s] -- Up-to-date: /home/mustafayousif/Code/hexapod_robot_harmonic/install/hexapod_description/share/hexapod_description/cmake/hexapod_descriptionConfig-version.cmake
[0.087s] -- Up-to-date: /home/mustafayousif/Code/hexapod_robot_harmonic/install/hexapod_description/share/hexapod_description/package.xml
[0.087s] Invoked command in '/home/mustafayousif/Code/hexapod_robot_harmonic/build/hexapod_description' returned '0': CMAKE_PREFIX_PATH=${CMAKE_PREFIX_PATH}:/opt/ros/jazzy /usr/bin/cmake --install /home/mustafayousif/Code/hexapod_robot_harmonic/build/hexapod_description
