[0.006s] Invoking command in '/home/mustafayousif/Code/hexapod_robot_harmonic/build/velocity_pub': CMAKE_PREFIX_PATH=${CMAKE_PREFIX_PATH}:/opt/ros/jazzy /usr/bin/cmake /home/mustafayousif/Code/hexapod_robot_harmonic/src/velocity_pub -DCMAKE_INSTALL_PREFIX=/home/mustafayousif/Code/hexapod_robot_harmonic/install/velocity_pub
[0.078s] -- The C compiler identification is GNU 13.3.0
[0.159s] -- The CXX compiler identification is GNU 13.3.0
[0.168s] -- Detecting C compiler ABI info
[0.245s] -- Detecting C compiler ABI info - done
[0.261s] -- Check for working C compiler: /usr/bin/cc - skipped
[0.261s] -- Detecting C compile features
[0.262s] -- Detecting C compile features - done
[0.273s] -- Detecting CXX compiler ABI info
[0.357s] -- Detecting CXX compiler ABI info - done
[0.366s] -- Check for working CXX compiler: /usr/bin/c++ - skipped
[0.366s] -- Detecting CXX compile features
[0.366s] -- Detecting CXX compile features - done
[0.368s] -- Found ament_cmake: 2.5.3 (/opt/ros/jazzy/share/ament_cmake/cmake)
[0.452s] -- Found Python3: /usr/bin/python3 (found version "3.12.3") found components: Interpreter 
[0.528s] -- Found rclcpp: 28.1.6 (/opt/ros/jazzy/share/rclcpp/cmake)
[0.570s] -- Found rosidl_generator_c: 4.6.5 (/opt/ros/jazzy/share/rosidl_generator_c/cmake)
[0.584s] -- Found rosidl_generator_cpp: 4.6.5 (/opt/ros/jazzy/share/rosidl_generator_cpp/cmake)
[0.600s] -- Using all available rosidl_typesupport_c: rosidl_typesupport_fastrtps_c;rosidl_typesupport_introspection_c
[0.617s] -- Using all available rosidl_typesupport_cpp: rosidl_typesupport_fastrtps_cpp;rosidl_typesupport_introspection_cpp
[0.681s] -- Found rmw_implementation_cmake: 7.3.1 (/opt/ros/jazzy/share/rmw_implementation_cmake/cmake)
[0.684s] -- Found rmw_fastrtps_cpp: 8.4.1 (/opt/ros/jazzy/share/rmw_fastrtps_cpp/cmake)
[0.752s] -- Found OpenSSL: /usr/lib/aarch64-linux-gnu/libcrypto.so (found version "3.0.13")  
[0.767s] -- Found FastRTPS: /opt/ros/jazzy/include (Required is at least version "2.13") 
[0.783s] -- Using RMW implementation 'rmw_fastrtps_cpp' as default
[0.843s] -- Found geometry_msgs: 5.3.5 (/opt/ros/jazzy/share/geometry_msgs/cmake)
[0.868s] -- Found ament_lint_auto: 0.17.1 (/opt/ros/jazzy/share/ament_lint_auto/cmake)
[0.949s] -- Added test 'copyright' to check source files copyright and LICENSE
[0.950s] -- Added test 'flake8' to check Python code syntax and style conventions
[0.950s] -- Configured 'flake8' exclude dirs and/or files: 
[0.950s] -- Added test 'lint_cmake' to check CMake code style
[0.951s] -- Added test 'pep257' to check Python code against some of the docstring style conventions in PEP 257
[0.951s] -- Added test 'xmllint' to check XML markup files
[0.952s] -- Configuring done (0.9s)
[0.955s] -- Generating done (0.0s)
[0.956s] -- Build files have been written to: /home/mustafayousif/Code/hexapod_robot_harmonic/build/velocity_pub
[0.961s] Invoked command in '/home/mustafayousif/Code/hexapod_robot_harmonic/build/velocity_pub' returned '0': CMAKE_PREFIX_PATH=${CMAKE_PREFIX_PATH}:/opt/ros/jazzy /usr/bin/cmake /home/mustafayousif/Code/hexapod_robot_harmonic/src/velocity_pub -DCMAKE_INSTALL_PREFIX=/home/mustafayousif/Code/hexapod_robot_harmonic/install/velocity_pub
[0.962s] Invoking command in '/home/mustafayousif/Code/hexapod_robot_harmonic/build/velocity_pub': CMAKE_PREFIX_PATH=${CMAKE_PREFIX_PATH}:/opt/ros/jazzy /usr/bin/cmake --build /home/mustafayousif/Code/hexapod_robot_harmonic/build/velocity_pub -- -j8 -l8
[1.009s] Invoked command in '/home/mustafayousif/Code/hexapod_robot_harmonic/build/velocity_pub' returned '0': CMAKE_PREFIX_PATH=${CMAKE_PREFIX_PATH}:/opt/ros/jazzy /usr/bin/cmake --build /home/mustafayousif/Code/hexapod_robot_harmonic/build/velocity_pub -- -j8 -l8
[1.010s] Invoking command in '/home/mustafayousif/Code/hexapod_robot_harmonic/build/velocity_pub': CMAKE_PREFIX_PATH=${CMAKE_PREFIX_PATH}:/opt/ros/jazzy /usr/bin/cmake --install /home/mustafayousif/Code/hexapod_robot_harmonic/build/velocity_pub
[1.020s] -- Install configuration: ""
[1.020s] -- Installing: /home/mustafayousif/Code/hexapod_robot_harmonic/install/velocity_pub/share/velocity_pub//scripts
[1.020s] -- Installing: /home/mustafayousif/Code/hexapod_robot_harmonic/install/velocity_pub/share/velocity_pub//scripts/robot_control.py
[1.021s] -- Installing: /home/mustafayousif/Code/hexapod_robot_harmonic/install/velocity_pub/share/velocity_pub//launch
[1.021s] -- Installing: /home/mustafayousif/Code/hexapod_robot_harmonic/install/velocity_pub/share/velocity_pub//launch/hexapod_control.launch.py
[1.021s] -- Installing: /home/mustafayousif/Code/hexapod_robot_harmonic/install/velocity_pub/lib/velocity_pub/robot_control.py
[1.021s] -- Installing: /home/mustafayousif/Code/hexapod_robot_harmonic/install/velocity_pub/lib/velocity_pub/hexapod_control.launch.py
[1.021s] -- Installing: /home/mustafayousif/Code/hexapod_robot_harmonic/install/velocity_pub/share/ament_index/resource_index/package_run_dependencies/velocity_pub
[1.021s] -- Installing: /home/mustafayousif/Code/hexapod_robot_harmonic/install/velocity_pub/share/ament_index/resource_index/parent_prefix_path/velocity_pub
[1.021s] -- Installing: /home/mustafayousif/Code/hexapod_robot_harmonic/install/velocity_pub/share/velocity_pub/environment/ament_prefix_path.sh
[1.021s] -- Installing: /home/mustafayousif/Code/hexapod_robot_harmonic/install/velocity_pub/share/velocity_pub/environment/ament_prefix_path.dsv
[1.022s] -- Installing: /home/mustafayousif/Code/hexapod_robot_harmonic/install/velocity_pub/share/velocity_pub/environment/path.sh
[1.022s] -- Installing: /home/mustafayousif/Code/hexapod_robot_harmonic/install/velocity_pub/share/velocity_pub/environment/path.dsv
[1.022s] -- Installing: /home/mustafayousif/Code/hexapod_robot_harmonic/install/velocity_pub/share/velocity_pub/local_setup.bash
[1.022s] -- Installing: /home/mustafayousif/Code/hexapod_robot_harmonic/install/velocity_pub/share/velocity_pub/local_setup.sh
[1.022s] -- Installing: /home/mustafayousif/Code/hexapod_robot_harmonic/install/velocity_pub/share/velocity_pub/local_setup.zsh
[1.022s] -- Installing: /home/mustafayousif/Code/hexapod_robot_harmonic/install/velocity_pub/share/velocity_pub/local_setup.dsv
[1.022s] -- Installing: /home/mustafayousif/Code/hexapod_robot_harmonic/install/velocity_pub/share/velocity_pub/package.dsv
[1.022s] -- Installing: /home/mustafayousif/Code/hexapod_robot_harmonic/install/velocity_pub/share/ament_index/resource_index/packages/velocity_pub
[1.022s] -- Installing: /home/mustafayousif/Code/hexapod_robot_harmonic/install/velocity_pub/share/velocity_pub/cmake/velocity_pubConfig.cmake
[1.023s] -- Installing: /home/mustafayousif/Code/hexapod_robot_harmonic/install/velocity_pub/share/velocity_pub/cmake/velocity_pubConfig-version.cmake
[1.023s] -- Installing: /home/mustafayousif/Code/hexapod_robot_harmonic/install/velocity_pub/share/velocity_pub/package.xml
[1.024s] Invoked command in '/home/mustafayousif/Code/hexapod_robot_harmonic/build/velocity_pub' returned '0': CMAKE_PREFIX_PATH=${CMAKE_PREFIX_PATH}:/opt/ros/jazzy /usr/bin/cmake --install /home/mustafayousif/Code/hexapod_robot_harmonic/build/velocity_pub
