[0.045s] DEBUG:colcon:Command line arguments: ['/usr/bin/colcon', 'build']
[0.045s] DEBUG:colcon:Parsed command line arguments: Namespace(log_base=None, log_level=None, verb_name='build', build_base='build', install_base='install', merge_install=False, symlink_install=False, test_result_base=None, continue_on_error=False, executor='parallel', parallel_workers=8, event_handlers=None, ignore_user_meta=False, metas=['./colcon.meta'], base_paths=['.'], packages_ignore=None, packages_ignore_regex=None, paths=None, packages_up_to=None, packages_up_to_regex=None, packages_above=None, packages_above_and_dependencies=None, packages_above_depth=None, packages_select_by_dep=None, packages_skip_by_dep=None, packages_skip_up_to=None, packages_select_build_failed=False, packages_skip_build_finished=False, packages_select_test_failures=False, packages_skip_test_passed=False, packages_select=None, packages_skip=None, packages_select_regex=None, packages_skip_regex=None, packages_start=None, packages_end=None, cmake_args=None, cmake_target=None, cmake_target_skip_unavailable=False, cmake_clean_cache=False, cmake_clean_first=False, cmake_force_configure=False, ament_cmake_args=None, catkin_cmake_args=None, catkin_skip_building_tests=False, verb_parser=<colcon_defaults.argument_parser.defaults.DefaultArgumentsDecorator object at 0xffffa53e0380>, verb_extension=<colcon_core.verb.build.BuildVerb object at 0xffffa53e0260>, main=<bound method BuildVerb.main of <colcon_core.verb.build.BuildVerb object at 0xffffa53e0260>>)
[0.064s] Level 1:colcon.colcon_core.package_discovery:discover_packages(colcon_meta) check parameters
[0.064s] Level 1:colcon.colcon_core.package_discovery:discover_packages(recursive) check parameters
[0.064s] Level 1:colcon.colcon_core.package_discovery:discover_packages(ignore) check parameters
[0.064s] Level 1:colcon.colcon_core.package_discovery:discover_packages(path) check parameters
[0.064s] Level 1:colcon.colcon_core.package_discovery:discover_packages(colcon_meta) discover
[0.065s] Level 1:colcon.colcon_core.package_discovery:discover_packages(recursive) discover
[0.065s] INFO:colcon.colcon_core.package_discovery:Crawling recursively for packages in '/home/mustafayousif/Code/hexapod_robot_harmonic'
[0.065s] Level 1:colcon.colcon_core.package_identification:_identify(.) by extensions ['ignore', 'ignore_ament_install']
[0.065s] Level 1:colcon.colcon_core.package_identification:_identify(.) by extension 'ignore'
[0.065s] Level 1:colcon.colcon_core.package_identification:_identify(.) by extension 'ignore_ament_install'
[0.065s] Level 1:colcon.colcon_core.package_identification:_identify(.) by extensions ['colcon_pkg']
[0.065s] Level 1:colcon.colcon_core.package_identification:_identify(.) by extension 'colcon_pkg'
[0.065s] Level 1:colcon.colcon_core.package_identification:_identify(.) by extensions ['colcon_meta']
[0.065s] Level 1:colcon.colcon_core.package_identification:_identify(.) by extension 'colcon_meta'
[0.065s] Level 1:colcon.colcon_core.package_identification:_identify(.) by extensions ['ros']
[0.065s] Level 1:colcon.colcon_core.package_identification:_identify(.) by extension 'ros'
[0.077s] Level 1:colcon.colcon_core.package_identification:_identify(.) by extensions ['cmake', 'python']
[0.077s] Level 1:colcon.colcon_core.package_identification:_identify(.) by extension 'cmake'
[0.077s] Level 1:colcon.colcon_core.package_identification:_identify(.) by extension 'python'
[0.077s] Level 1:colcon.colcon_core.package_identification:_identify(.) by extensions ['python_setup_py']
[0.077s] Level 1:colcon.colcon_core.package_identification:_identify(.) by extension 'python_setup_py'
[0.077s] Level 1:colcon.colcon_core.package_identification:_identify(build) by extensions ['ignore', 'ignore_ament_install']
[0.077s] Level 1:colcon.colcon_core.package_identification:_identify(build) by extension 'ignore'
[0.077s] Level 1:colcon.colcon_core.package_identification:_identify(build) ignored
[0.077s] Level 1:colcon.colcon_core.package_identification:_identify(install) by extensions ['ignore', 'ignore_ament_install']
[0.077s] Level 1:colcon.colcon_core.package_identification:_identify(install) by extension 'ignore'
[0.078s] Level 1:colcon.colcon_core.package_identification:_identify(install) ignored
[0.078s] Level 1:colcon.colcon_core.package_identification:_identify(log) by extensions ['ignore', 'ignore_ament_install']
[0.078s] Level 1:colcon.colcon_core.package_identification:_identify(log) by extension 'ignore'
[0.078s] Level 1:colcon.colcon_core.package_identification:_identify(log) ignored
[0.078s] Level 1:colcon.colcon_core.package_identification:_identify(src) by extensions ['ignore', 'ignore_ament_install']
[0.078s] Level 1:colcon.colcon_core.package_identification:_identify(src) by extension 'ignore'
[0.078s] Level 1:colcon.colcon_core.package_identification:_identify(src) by extension 'ignore_ament_install'
[0.078s] Level 1:colcon.colcon_core.package_identification:_identify(src) by extensions ['colcon_pkg']
[0.078s] Level 1:colcon.colcon_core.package_identification:_identify(src) by extension 'colcon_pkg'
[0.078s] Level 1:colcon.colcon_core.package_identification:_identify(src) by extensions ['colcon_meta']
[0.078s] Level 1:colcon.colcon_core.package_identification:_identify(src) by extension 'colcon_meta'
[0.078s] Level 1:colcon.colcon_core.package_identification:_identify(src) by extensions ['ros']
[0.078s] Level 1:colcon.colcon_core.package_identification:_identify(src) by extension 'ros'
[0.078s] Level 1:colcon.colcon_core.package_identification:_identify(src) by extensions ['cmake', 'python']
[0.078s] Level 1:colcon.colcon_core.package_identification:_identify(src) by extension 'cmake'
[0.078s] Level 1:colcon.colcon_core.package_identification:_identify(src) by extension 'python'
[0.078s] Level 1:colcon.colcon_core.package_identification:_identify(src) by extensions ['python_setup_py']
[0.078s] Level 1:colcon.colcon_core.package_identification:_identify(src) by extension 'python_setup_py'
[0.078s] Level 1:colcon.colcon_core.package_identification:_identify(src/hexapod_description) by extensions ['ignore', 'ignore_ament_install']
[0.078s] Level 1:colcon.colcon_core.package_identification:_identify(src/hexapod_description) by extension 'ignore'
[0.078s] Level 1:colcon.colcon_core.package_identification:_identify(src/hexapod_description) by extension 'ignore_ament_install'
[0.078s] Level 1:colcon.colcon_core.package_identification:_identify(src/hexapod_description) by extensions ['colcon_pkg']
[0.078s] Level 1:colcon.colcon_core.package_identification:_identify(src/hexapod_description) by extension 'colcon_pkg'
[0.078s] Level 1:colcon.colcon_core.package_identification:_identify(src/hexapod_description) by extensions ['colcon_meta']
[0.078s] Level 1:colcon.colcon_core.package_identification:_identify(src/hexapod_description) by extension 'colcon_meta'
[0.078s] Level 1:colcon.colcon_core.package_identification:_identify(src/hexapod_description) by extensions ['ros']
[0.078s] Level 1:colcon.colcon_core.package_identification:_identify(src/hexapod_description) by extension 'ros'
[0.079s] DEBUG:colcon.colcon_core.package_identification:Package 'src/hexapod_description' with type 'ros.ament_cmake' and name 'hexapod_description'
[0.079s] Level 1:colcon.colcon_core.package_identification:_identify(src/hexapod_sim) by extensions ['ignore', 'ignore_ament_install']
[0.079s] Level 1:colcon.colcon_core.package_identification:_identify(src/hexapod_sim) by extension 'ignore'
[0.079s] Level 1:colcon.colcon_core.package_identification:_identify(src/hexapod_sim) by extension 'ignore_ament_install'
[0.079s] Level 1:colcon.colcon_core.package_identification:_identify(src/hexapod_sim) by extensions ['colcon_pkg']
[0.079s] Level 1:colcon.colcon_core.package_identification:_identify(src/hexapod_sim) by extension 'colcon_pkg'
[0.079s] Level 1:colcon.colcon_core.package_identification:_identify(src/hexapod_sim) by extensions ['colcon_meta']
[0.079s] Level 1:colcon.colcon_core.package_identification:_identify(src/hexapod_sim) by extension 'colcon_meta'
[0.079s] Level 1:colcon.colcon_core.package_identification:_identify(src/hexapod_sim) by extensions ['ros']
[0.079s] Level 1:colcon.colcon_core.package_identification:_identify(src/hexapod_sim) by extension 'ros'
[0.080s] DEBUG:colcon.colcon_core.package_identification:Package 'src/hexapod_sim' with type 'ros.ament_cmake' and name 'hexapod_sim'
[0.080s] Level 1:colcon.colcon_core.package_identification:_identify(src/velocity_pub) by extensions ['ignore', 'ignore_ament_install']
[0.080s] Level 1:colcon.colcon_core.package_identification:_identify(src/velocity_pub) by extension 'ignore'
[0.080s] Level 1:colcon.colcon_core.package_identification:_identify(src/velocity_pub) by extension 'ignore_ament_install'
[0.080s] Level 1:colcon.colcon_core.package_identification:_identify(src/velocity_pub) by extensions ['colcon_pkg']
[0.080s] Level 1:colcon.colcon_core.package_identification:_identify(src/velocity_pub) by extension 'colcon_pkg'
[0.080s] Level 1:colcon.colcon_core.package_identification:_identify(src/velocity_pub) by extensions ['colcon_meta']
[0.080s] Level 1:colcon.colcon_core.package_identification:_identify(src/velocity_pub) by extension 'colcon_meta'
[0.080s] Level 1:colcon.colcon_core.package_identification:_identify(src/velocity_pub) by extensions ['ros']
[0.080s] Level 1:colcon.colcon_core.package_identification:_identify(src/velocity_pub) by extension 'ros'
[0.080s] DEBUG:colcon.colcon_core.package_identification:Package 'src/velocity_pub' with type 'ros.ament_cmake' and name 'velocity_pub'
[0.080s] Level 1:colcon.colcon_core.package_discovery:discover_packages(recursive) using defaults
[0.080s] Level 1:colcon.colcon_core.package_discovery:discover_packages(ignore) discover
[0.080s] Level 1:colcon.colcon_core.package_discovery:discover_packages(ignore) using defaults
[0.080s] Level 1:colcon.colcon_core.package_discovery:discover_packages(path) discover
[0.080s] Level 1:colcon.colcon_core.package_discovery:discover_packages(path) using defaults
[0.090s] Level 5:colcon.colcon_core.verb:set package 'hexapod_description' build argument 'cmake_args' from command line to 'None'
[0.090s] Level 5:colcon.colcon_core.verb:set package 'hexapod_description' build argument 'cmake_target' from command line to 'None'
[0.090s] Level 5:colcon.colcon_core.verb:set package 'hexapod_description' build argument 'cmake_target_skip_unavailable' from command line to 'False'
[0.090s] Level 5:colcon.colcon_core.verb:set package 'hexapod_description' build argument 'cmake_clean_cache' from command line to 'False'
[0.090s] Level 5:colcon.colcon_core.verb:set package 'hexapod_description' build argument 'cmake_clean_first' from command line to 'False'
[0.090s] Level 5:colcon.colcon_core.verb:set package 'hexapod_description' build argument 'cmake_force_configure' from command line to 'False'
[0.090s] Level 5:colcon.colcon_core.verb:set package 'hexapod_description' build argument 'ament_cmake_args' from command line to 'None'
[0.090s] Level 5:colcon.colcon_core.verb:set package 'hexapod_description' build argument 'catkin_cmake_args' from command line to 'None'
[0.090s] Level 5:colcon.colcon_core.verb:set package 'hexapod_description' build argument 'catkin_skip_building_tests' from command line to 'False'
[0.090s] DEBUG:colcon.colcon_core.verb:Building package 'hexapod_description' with the following arguments: {'ament_cmake_args': None, 'build_base': '/home/mustafayousif/Code/hexapod_robot_harmonic/build/hexapod_description', 'catkin_cmake_args': None, 'catkin_skip_building_tests': False, 'cmake_args': None, 'cmake_clean_cache': False, 'cmake_clean_first': False, 'cmake_force_configure': False, 'cmake_target': None, 'cmake_target_skip_unavailable': False, 'install_base': '/home/mustafayousif/Code/hexapod_robot_harmonic/install/hexapod_description', 'merge_install': False, 'path': '/home/mustafayousif/Code/hexapod_robot_harmonic/src/hexapod_description', 'symlink_install': False, 'test_result_base': None}
[0.091s] Level 5:colcon.colcon_core.verb:set package 'hexapod_sim' build argument 'cmake_args' from command line to 'None'
[0.091s] Level 5:colcon.colcon_core.verb:set package 'hexapod_sim' build argument 'cmake_target' from command line to 'None'
[0.091s] Level 5:colcon.colcon_core.verb:set package 'hexapod_sim' build argument 'cmake_target_skip_unavailable' from command line to 'False'
[0.091s] Level 5:colcon.colcon_core.verb:set package 'hexapod_sim' build argument 'cmake_clean_cache' from command line to 'False'
[0.091s] Level 5:colcon.colcon_core.verb:set package 'hexapod_sim' build argument 'cmake_clean_first' from command line to 'False'
[0.091s] Level 5:colcon.colcon_core.verb:set package 'hexapod_sim' build argument 'cmake_force_configure' from command line to 'False'
[0.091s] Level 5:colcon.colcon_core.verb:set package 'hexapod_sim' build argument 'ament_cmake_args' from command line to 'None'
[0.091s] Level 5:colcon.colcon_core.verb:set package 'hexapod_sim' build argument 'catkin_cmake_args' from command line to 'None'
[0.091s] Level 5:colcon.colcon_core.verb:set package 'hexapod_sim' build argument 'catkin_skip_building_tests' from command line to 'False'
[0.091s] DEBUG:colcon.colcon_core.verb:Building package 'hexapod_sim' with the following arguments: {'ament_cmake_args': None, 'build_base': '/home/mustafayousif/Code/hexapod_robot_harmonic/build/hexapod_sim', 'catkin_cmake_args': None, 'catkin_skip_building_tests': False, 'cmake_args': None, 'cmake_clean_cache': False, 'cmake_clean_first': False, 'cmake_force_configure': False, 'cmake_target': None, 'cmake_target_skip_unavailable': False, 'install_base': '/home/mustafayousif/Code/hexapod_robot_harmonic/install/hexapod_sim', 'merge_install': False, 'path': '/home/mustafayousif/Code/hexapod_robot_harmonic/src/hexapod_sim', 'symlink_install': False, 'test_result_base': None}
[0.091s] Level 5:colcon.colcon_core.verb:set package 'velocity_pub' build argument 'cmake_args' from command line to 'None'
[0.091s] Level 5:colcon.colcon_core.verb:set package 'velocity_pub' build argument 'cmake_target' from command line to 'None'
[0.091s] Level 5:colcon.colcon_core.verb:set package 'velocity_pub' build argument 'cmake_target_skip_unavailable' from command line to 'False'
[0.091s] Level 5:colcon.colcon_core.verb:set package 'velocity_pub' build argument 'cmake_clean_cache' from command line to 'False'
[0.091s] Level 5:colcon.colcon_core.verb:set package 'velocity_pub' build argument 'cmake_clean_first' from command line to 'False'
[0.091s] Level 5:colcon.colcon_core.verb:set package 'velocity_pub' build argument 'cmake_force_configure' from command line to 'False'
[0.091s] Level 5:colcon.colcon_core.verb:set package 'velocity_pub' build argument 'ament_cmake_args' from command line to 'None'
[0.091s] Level 5:colcon.colcon_core.verb:set package 'velocity_pub' build argument 'catkin_cmake_args' from command line to 'None'
[0.091s] Level 5:colcon.colcon_core.verb:set package 'velocity_pub' build argument 'catkin_skip_building_tests' from command line to 'False'
[0.091s] DEBUG:colcon.colcon_core.verb:Building package 'velocity_pub' with the following arguments: {'ament_cmake_args': None, 'build_base': '/home/mustafayousif/Code/hexapod_robot_harmonic/build/velocity_pub', 'catkin_cmake_args': None, 'catkin_skip_building_tests': False, 'cmake_args': None, 'cmake_clean_cache': False, 'cmake_clean_first': False, 'cmake_force_configure': False, 'cmake_target': None, 'cmake_target_skip_unavailable': False, 'install_base': '/home/mustafayousif/Code/hexapod_robot_harmonic/install/velocity_pub', 'merge_install': False, 'path': '/home/mustafayousif/Code/hexapod_robot_harmonic/src/velocity_pub', 'symlink_install': False, 'test_result_base': None}
[0.091s] INFO:colcon.colcon_core.executor:Executing jobs using 'parallel' executor
[0.092s] DEBUG:colcon.colcon_parallel_executor.executor.parallel:run_until_complete
[0.092s] INFO:colcon.colcon_ros.task.ament_cmake.build:Building ROS package in '/home/mustafayousif/Code/hexapod_robot_harmonic/src/hexapod_description' with build type 'ament_cmake'
[0.092s] INFO:colcon.colcon_cmake.task.cmake.build:Building CMake package in '/home/mustafayousif/Code/hexapod_robot_harmonic/src/hexapod_description'
[0.094s] INFO:colcon.colcon_core.plugin_system:Skipping extension 'colcon_core.shell.bat': Not used on non-Windows systems
[0.094s] DEBUG:colcon.colcon_core.shell:Skip shell extension 'dsv' for command environment
[0.095s] WARNING:colcon.colcon_core.prefix_path.colcon:The path '/home/mustafayousif/Code/hexapod_robot_harmonic/src/hexapod_description/meshes/install' in the environment variable COLCON_PREFIX_PATH doesn't exist
[0.095s] WARNING:colcon.colcon_ros.prefix_path.ament:The path '/home/mustafayousif/Code/hexapod_robot_harmonic/install/velocity_pub' in the environment variable AMENT_PREFIX_PATH doesn't exist
[0.095s] WARNING:colcon.colcon_ros.prefix_path.ament:The path '/home/mustafayousif/Code/hexapod_robot_harmonic/install/hexapod_sim' in the environment variable AMENT_PREFIX_PATH doesn't exist
[0.095s] WARNING:colcon.colcon_ros.prefix_path.ament:The path '/home/mustafayousif/Code/hexapod_robot_harmonic/install/hexapod_description' in the environment variable AMENT_PREFIX_PATH doesn't exist
[0.095s] WARNING:colcon.colcon_ros.prefix_path.catkin:The path '/home/mustafayousif/Code/hexapod_robot_harmonic/install/velocity_pub' in the environment variable CMAKE_PREFIX_PATH doesn't exist
[0.095s] WARNING:colcon.colcon_ros.prefix_path.catkin:The path '/home/mustafayousif/Code/hexapod_robot_harmonic/install/hexapod_sim' in the environment variable CMAKE_PREFIX_PATH doesn't exist
[0.095s] WARNING:colcon.colcon_ros.prefix_path.catkin:The path '/home/mustafayousif/Code/hexapod_robot_harmonic/install/hexapod_description' in the environment variable CMAKE_PREFIX_PATH doesn't exist
[0.098s] INFO:colcon.colcon_ros.task.ament_cmake.build:Building ROS package in '/home/mustafayousif/Code/hexapod_robot_harmonic/src/hexapod_sim' with build type 'ament_cmake'
[0.098s] INFO:colcon.colcon_cmake.task.cmake.build:Building CMake package in '/home/mustafayousif/Code/hexapod_robot_harmonic/src/hexapod_sim'
[0.098s] DEBUG:colcon.colcon_core.shell:Skip shell extension 'dsv' for command environment
[0.099s] INFO:colcon.colcon_ros.task.ament_cmake.build:Building ROS package in '/home/mustafayousif/Code/hexapod_robot_harmonic/src/velocity_pub' with build type 'ament_cmake'
[0.099s] INFO:colcon.colcon_cmake.task.cmake.build:Building CMake package in '/home/mustafayousif/Code/hexapod_robot_harmonic/src/velocity_pub'
[0.099s] DEBUG:colcon.colcon_core.shell:Skip shell extension 'dsv' for command environment
[0.103s] DEBUG:colcon.colcon_core.event_handler.log_command:Invoking command in '/home/mustafayousif/Code/hexapod_robot_harmonic/build/hexapod_description': CMAKE_PREFIX_PATH=${CMAKE_PREFIX_PATH}:/opt/ros/jazzy /usr/bin/cmake /home/mustafayousif/Code/hexapod_robot_harmonic/src/hexapod_description -DCMAKE_INSTALL_PREFIX=/home/mustafayousif/Code/hexapod_robot_harmonic/install/hexapod_description
[0.104s] DEBUG:colcon.colcon_core.event_handler.log_command:Invoking command in '/home/mustafayousif/Code/hexapod_robot_harmonic/build/hexapod_sim': CMAKE_PREFIX_PATH=${CMAKE_PREFIX_PATH}:/opt/ros/jazzy /usr/bin/cmake /home/mustafayousif/Code/hexapod_robot_harmonic/src/hexapod_sim -DCMAKE_INSTALL_PREFIX=/home/mustafayousif/Code/hexapod_robot_harmonic/install/hexapod_sim
[0.106s] DEBUG:colcon.colcon_core.event_handler.log_command:Invoking command in '/home/mustafayousif/Code/hexapod_robot_harmonic/build/velocity_pub': CMAKE_PREFIX_PATH=${CMAKE_PREFIX_PATH}:/opt/ros/jazzy /usr/bin/cmake /home/mustafayousif/Code/hexapod_robot_harmonic/src/velocity_pub -DCMAKE_INSTALL_PREFIX=/home/mustafayousif/Code/hexapod_robot_harmonic/install/velocity_pub
[0.749s] DEBUG:colcon.colcon_core.event_handler.log_command:Invoked command in '/home/mustafayousif/Code/hexapod_robot_harmonic/build/hexapod_sim' returned '0': CMAKE_PREFIX_PATH=${CMAKE_PREFIX_PATH}:/opt/ros/jazzy /usr/bin/cmake /home/mustafayousif/Code/hexapod_robot_harmonic/src/hexapod_sim -DCMAKE_INSTALL_PREFIX=/home/mustafayousif/Code/hexapod_robot_harmonic/install/hexapod_sim
[0.750s] DEBUG:colcon.colcon_core.event_handler.log_command:Invoking command in '/home/mustafayousif/Code/hexapod_robot_harmonic/build/hexapod_sim': CMAKE_PREFIX_PATH=${CMAKE_PREFIX_PATH}:/opt/ros/jazzy /usr/bin/cmake --build /home/mustafayousif/Code/hexapod_robot_harmonic/build/hexapod_sim -- -j8 -l8
[0.794s] DEBUG:colcon.colcon_core.event_handler.log_command:Invoked command in '/home/mustafayousif/Code/hexapod_robot_harmonic/build/hexapod_sim' returned '0': CMAKE_PREFIX_PATH=${CMAKE_PREFIX_PATH}:/opt/ros/jazzy /usr/bin/cmake --build /home/mustafayousif/Code/hexapod_robot_harmonic/build/hexapod_sim -- -j8 -l8
[0.804s] DEBUG:colcon.colcon_core.event_handler.log_command:Invoking command in '/home/mustafayousif/Code/hexapod_robot_harmonic/build/hexapod_sim': CMAKE_PREFIX_PATH=${CMAKE_PREFIX_PATH}:/opt/ros/jazzy /usr/bin/cmake --install /home/mustafayousif/Code/hexapod_robot_harmonic/build/hexapod_sim
[0.818s] Level 1:colcon.colcon_core.environment:create_environment_scripts_only(hexapod_sim)
[0.819s] DEBUG:colcon.colcon_core.event_handler.log_command:Invoked command in '/home/mustafayousif/Code/hexapod_robot_harmonic/build/hexapod_sim' returned '0': CMAKE_PREFIX_PATH=${CMAKE_PREFIX_PATH}:/opt/ros/jazzy /usr/bin/cmake --install /home/mustafayousif/Code/hexapod_robot_harmonic/build/hexapod_sim
[0.821s] Level 1:colcon.colcon_core.environment:checking '/home/mustafayousif/Code/hexapod_robot_harmonic/install/hexapod_sim' for CMake module files
[0.821s] Level 1:colcon.colcon_core.environment:checking '/home/mustafayousif/Code/hexapod_robot_harmonic/install/hexapod_sim' for CMake config files
[0.821s] Level 1:colcon.colcon_core.shell:create_environment_hook('hexapod_sim', 'cmake_prefix_path')
[0.821s] INFO:colcon.colcon_core.shell:Creating environment descriptor '/home/mustafayousif/Code/hexapod_robot_harmonic/install/hexapod_sim/share/hexapod_sim/hook/cmake_prefix_path.dsv'
[0.822s] INFO:colcon.colcon_core.shell:Creating environment hook '/home/mustafayousif/Code/hexapod_robot_harmonic/install/hexapod_sim/share/hexapod_sim/hook/cmake_prefix_path.sh'
[0.822s] Level 1:colcon.colcon_core.environment:checking '/home/mustafayousif/Code/hexapod_robot_harmonic/install/hexapod_sim/bin'
[0.822s] Level 1:colcon.colcon_core.environment:checking '/home/mustafayousif/Code/hexapod_robot_harmonic/install/hexapod_sim/lib/pkgconfig/hexapod_sim.pc'
[0.823s] Level 1:colcon.colcon_core.environment:checking '/home/mustafayousif/Code/hexapod_robot_harmonic/install/hexapod_sim/lib/python3.12/site-packages'
[0.823s] Level 1:colcon.colcon_core.environment:checking '/home/mustafayousif/Code/hexapod_robot_harmonic/install/hexapod_sim/bin'
[0.823s] INFO:colcon.colcon_core.shell:Creating package descriptor '/home/mustafayousif/Code/hexapod_robot_harmonic/install/hexapod_sim/share/hexapod_sim/package.dsv'
[0.823s] INFO:colcon.colcon_core.shell:Creating package script '/home/mustafayousif/Code/hexapod_robot_harmonic/install/hexapod_sim/share/hexapod_sim/package.sh'
[0.824s] INFO:colcon.colcon_core.shell:Creating package script '/home/mustafayousif/Code/hexapod_robot_harmonic/install/hexapod_sim/share/hexapod_sim/package.bash'
[0.824s] INFO:colcon.colcon_core.shell:Creating package script '/home/mustafayousif/Code/hexapod_robot_harmonic/install/hexapod_sim/share/hexapod_sim/package.zsh'
[0.824s] Level 1:colcon.colcon_core.environment:create_file_with_runtime_dependencies(/home/mustafayousif/Code/hexapod_robot_harmonic/install/hexapod_sim/share/colcon-core/packages/hexapod_sim)
[0.824s] Level 1:colcon.colcon_core.environment:create_environment_scripts_only(hexapod_sim)
[0.824s] Level 1:colcon.colcon_core.environment:checking '/home/mustafayousif/Code/hexapod_robot_harmonic/install/hexapod_sim' for CMake module files
[0.825s] Level 1:colcon.colcon_core.environment:checking '/home/mustafayousif/Code/hexapod_robot_harmonic/install/hexapod_sim' for CMake config files
[0.825s] Level 1:colcon.colcon_core.shell:create_environment_hook('hexapod_sim', 'cmake_prefix_path')
[0.825s] INFO:colcon.colcon_core.shell:Creating environment descriptor '/home/mustafayousif/Code/hexapod_robot_harmonic/install/hexapod_sim/share/hexapod_sim/hook/cmake_prefix_path.dsv'
[0.825s] INFO:colcon.colcon_core.shell:Creating environment hook '/home/mustafayousif/Code/hexapod_robot_harmonic/install/hexapod_sim/share/hexapod_sim/hook/cmake_prefix_path.sh'
[0.825s] Level 1:colcon.colcon_core.environment:checking '/home/mustafayousif/Code/hexapod_robot_harmonic/install/hexapod_sim/bin'
[0.825s] Level 1:colcon.colcon_core.environment:checking '/home/mustafayousif/Code/hexapod_robot_harmonic/install/hexapod_sim/lib/pkgconfig/hexapod_sim.pc'
[0.825s] Level 1:colcon.colcon_core.environment:checking '/home/mustafayousif/Code/hexapod_robot_harmonic/install/hexapod_sim/lib/python3.12/site-packages'
[0.825s] Level 1:colcon.colcon_core.environment:checking '/home/mustafayousif/Code/hexapod_robot_harmonic/install/hexapod_sim/bin'
[0.825s] INFO:colcon.colcon_core.shell:Creating package descriptor '/home/mustafayousif/Code/hexapod_robot_harmonic/install/hexapod_sim/share/hexapod_sim/package.dsv'
[0.825s] INFO:colcon.colcon_core.shell:Creating package script '/home/mustafayousif/Code/hexapod_robot_harmonic/install/hexapod_sim/share/hexapod_sim/package.sh'
[0.826s] INFO:colcon.colcon_core.shell:Creating package script '/home/mustafayousif/Code/hexapod_robot_harmonic/install/hexapod_sim/share/hexapod_sim/package.bash'
[0.826s] INFO:colcon.colcon_core.shell:Creating package script '/home/mustafayousif/Code/hexapod_robot_harmonic/install/hexapod_sim/share/hexapod_sim/package.zsh'
[0.826s] Level 1:colcon.colcon_core.environment:create_file_with_runtime_dependencies(/home/mustafayousif/Code/hexapod_robot_harmonic/install/hexapod_sim/share/colcon-core/packages/hexapod_sim)
[1.061s] DEBUG:colcon.colcon_core.event_handler.log_command:Invoked command in '/home/mustafayousif/Code/hexapod_robot_harmonic/build/velocity_pub' returned '0': CMAKE_PREFIX_PATH=${CMAKE_PREFIX_PATH}:/opt/ros/jazzy /usr/bin/cmake /home/mustafayousif/Code/hexapod_robot_harmonic/src/velocity_pub -DCMAKE_INSTALL_PREFIX=/home/mustafayousif/Code/hexapod_robot_harmonic/install/velocity_pub
[1.062s] DEBUG:colcon.colcon_core.event_handler.log_command:Invoking command in '/home/mustafayousif/Code/hexapod_robot_harmonic/build/velocity_pub': CMAKE_PREFIX_PATH=${CMAKE_PREFIX_PATH}:/opt/ros/jazzy /usr/bin/cmake --build /home/mustafayousif/Code/hexapod_robot_harmonic/build/velocity_pub -- -j8 -l8
[1.109s] DEBUG:colcon.colcon_core.event_handler.log_command:Invoked command in '/home/mustafayousif/Code/hexapod_robot_harmonic/build/velocity_pub' returned '0': CMAKE_PREFIX_PATH=${CMAKE_PREFIX_PATH}:/opt/ros/jazzy /usr/bin/cmake --build /home/mustafayousif/Code/hexapod_robot_harmonic/build/velocity_pub -- -j8 -l8
[1.110s] DEBUG:colcon.colcon_core.event_handler.log_command:Invoking command in '/home/mustafayousif/Code/hexapod_robot_harmonic/build/velocity_pub': CMAKE_PREFIX_PATH=${CMAKE_PREFIX_PATH}:/opt/ros/jazzy /usr/bin/cmake --install /home/mustafayousif/Code/hexapod_robot_harmonic/build/velocity_pub
[1.123s] Level 1:colcon.colcon_core.environment:create_environment_scripts_only(velocity_pub)
[1.124s] Level 1:colcon.colcon_core.environment:checking '/home/mustafayousif/Code/hexapod_robot_harmonic/install/velocity_pub' for CMake module files
[1.124s] DEBUG:colcon.colcon_core.event_handler.log_command:Invoked command in '/home/mustafayousif/Code/hexapod_robot_harmonic/build/velocity_pub' returned '0': CMAKE_PREFIX_PATH=${CMAKE_PREFIX_PATH}:/opt/ros/jazzy /usr/bin/cmake --install /home/mustafayousif/Code/hexapod_robot_harmonic/build/velocity_pub
[1.125s] Level 1:colcon.colcon_core.environment:checking '/home/mustafayousif/Code/hexapod_robot_harmonic/install/velocity_pub' for CMake config files
[1.125s] Level 1:colcon.colcon_core.shell:create_environment_hook('velocity_pub', 'cmake_prefix_path')
[1.125s] INFO:colcon.colcon_core.shell:Creating environment descriptor '/home/mustafayousif/Code/hexapod_robot_harmonic/install/velocity_pub/share/velocity_pub/hook/cmake_prefix_path.dsv'
[1.126s] INFO:colcon.colcon_core.shell:Creating environment hook '/home/mustafayousif/Code/hexapod_robot_harmonic/install/velocity_pub/share/velocity_pub/hook/cmake_prefix_path.sh'
[1.126s] Level 1:colcon.colcon_core.environment:checking '/home/mustafayousif/Code/hexapod_robot_harmonic/install/velocity_pub/lib'
[1.127s] Level 1:colcon.colcon_core.environment:checking '/home/mustafayousif/Code/hexapod_robot_harmonic/install/velocity_pub/bin'
[1.127s] Level 1:colcon.colcon_core.environment:checking '/home/mustafayousif/Code/hexapod_robot_harmonic/install/velocity_pub/lib/pkgconfig/velocity_pub.pc'
[1.127s] Level 1:colcon.colcon_core.environment:checking '/home/mustafayousif/Code/hexapod_robot_harmonic/install/velocity_pub/lib/python3.12/site-packages'
[1.127s] Level 1:colcon.colcon_core.environment:checking '/home/mustafayousif/Code/hexapod_robot_harmonic/install/velocity_pub/bin'
[1.128s] INFO:colcon.colcon_core.shell:Creating package descriptor '/home/mustafayousif/Code/hexapod_robot_harmonic/install/velocity_pub/share/velocity_pub/package.dsv'
[1.128s] INFO:colcon.colcon_core.shell:Creating package script '/home/mustafayousif/Code/hexapod_robot_harmonic/install/velocity_pub/share/velocity_pub/package.sh'
[1.128s] INFO:colcon.colcon_core.shell:Creating package script '/home/mustafayousif/Code/hexapod_robot_harmonic/install/velocity_pub/share/velocity_pub/package.bash'
[1.129s] INFO:colcon.colcon_core.shell:Creating package script '/home/mustafayousif/Code/hexapod_robot_harmonic/install/velocity_pub/share/velocity_pub/package.zsh'
[1.129s] Level 1:colcon.colcon_core.environment:create_file_with_runtime_dependencies(/home/mustafayousif/Code/hexapod_robot_harmonic/install/velocity_pub/share/colcon-core/packages/velocity_pub)
[1.129s] Level 1:colcon.colcon_core.environment:create_environment_scripts_only(velocity_pub)
[1.130s] Level 1:colcon.colcon_core.environment:checking '/home/mustafayousif/Code/hexapod_robot_harmonic/install/velocity_pub' for CMake module files
[1.130s] Level 1:colcon.colcon_core.environment:checking '/home/mustafayousif/Code/hexapod_robot_harmonic/install/velocity_pub' for CMake config files
[1.130s] Level 1:colcon.colcon_core.shell:create_environment_hook('velocity_pub', 'cmake_prefix_path')
[1.131s] INFO:colcon.colcon_core.shell:Creating environment descriptor '/home/mustafayousif/Code/hexapod_robot_harmonic/install/velocity_pub/share/velocity_pub/hook/cmake_prefix_path.dsv'
[1.131s] INFO:colcon.colcon_core.shell:Creating environment hook '/home/mustafayousif/Code/hexapod_robot_harmonic/install/velocity_pub/share/velocity_pub/hook/cmake_prefix_path.sh'
[1.131s] Level 1:colcon.colcon_core.environment:checking '/home/mustafayousif/Code/hexapod_robot_harmonic/install/velocity_pub/lib'
[1.132s] Level 1:colcon.colcon_core.environment:checking '/home/mustafayousif/Code/hexapod_robot_harmonic/install/velocity_pub/bin'
[1.132s] Level 1:colcon.colcon_core.environment:checking '/home/mustafayousif/Code/hexapod_robot_harmonic/install/velocity_pub/lib/pkgconfig/velocity_pub.pc'
[1.132s] Level 1:colcon.colcon_core.environment:checking '/home/mustafayousif/Code/hexapod_robot_harmonic/install/velocity_pub/lib/python3.12/site-packages'
[1.132s] Level 1:colcon.colcon_core.environment:checking '/home/mustafayousif/Code/hexapod_robot_harmonic/install/velocity_pub/bin'
[1.132s] INFO:colcon.colcon_core.shell:Creating package descriptor '/home/mustafayousif/Code/hexapod_robot_harmonic/install/velocity_pub/share/velocity_pub/package.dsv'
[1.133s] INFO:colcon.colcon_core.shell:Creating package script '/home/mustafayousif/Code/hexapod_robot_harmonic/install/velocity_pub/share/velocity_pub/package.sh'
[1.133s] INFO:colcon.colcon_core.shell:Creating package script '/home/mustafayousif/Code/hexapod_robot_harmonic/install/velocity_pub/share/velocity_pub/package.bash'
[1.134s] INFO:colcon.colcon_core.shell:Creating package script '/home/mustafayousif/Code/hexapod_robot_harmonic/install/velocity_pub/share/velocity_pub/package.zsh'
[1.134s] Level 1:colcon.colcon_core.environment:create_file_with_runtime_dependencies(/home/mustafayousif/Code/hexapod_robot_harmonic/install/velocity_pub/share/colcon-core/packages/velocity_pub)
[1.190s] DEBUG:colcon.colcon_core.event_handler.log_command:Invoked command in '/home/mustafayousif/Code/hexapod_robot_harmonic/build/hexapod_description' returned '0': CMAKE_PREFIX_PATH=${CMAKE_PREFIX_PATH}:/opt/ros/jazzy /usr/bin/cmake /home/mustafayousif/Code/hexapod_robot_harmonic/src/hexapod_description -DCMAKE_INSTALL_PREFIX=/home/mustafayousif/Code/hexapod_robot_harmonic/install/hexapod_description
[1.190s] DEBUG:colcon.colcon_core.event_handler.log_command:Invoking command in '/home/mustafayousif/Code/hexapod_robot_harmonic/build/hexapod_description': CMAKE_PREFIX_PATH=${CMAKE_PREFIX_PATH}:/opt/ros/jazzy /usr/bin/cmake --build /home/mustafayousif/Code/hexapod_robot_harmonic/build/hexapod_description -- -j8 -l8
[1.217s] DEBUG:colcon.colcon_core.event_handler.log_command:Invoked command in '/home/mustafayousif/Code/hexapod_robot_harmonic/build/hexapod_description' returned '0': CMAKE_PREFIX_PATH=${CMAKE_PREFIX_PATH}:/opt/ros/jazzy /usr/bin/cmake --build /home/mustafayousif/Code/hexapod_robot_harmonic/build/hexapod_description -- -j8 -l8
[1.219s] DEBUG:colcon.colcon_core.event_handler.log_command:Invoking command in '/home/mustafayousif/Code/hexapod_robot_harmonic/build/hexapod_description': CMAKE_PREFIX_PATH=${CMAKE_PREFIX_PATH}:/opt/ros/jazzy /usr/bin/cmake --install /home/mustafayousif/Code/hexapod_robot_harmonic/build/hexapod_description
[1.248s] Level 1:colcon.colcon_core.environment:create_environment_scripts_only(hexapod_description)
[1.248s] DEBUG:colcon.colcon_core.event_handler.log_command:Invoked command in '/home/mustafayousif/Code/hexapod_robot_harmonic/build/hexapod_description' returned '0': CMAKE_PREFIX_PATH=${CMAKE_PREFIX_PATH}:/opt/ros/jazzy /usr/bin/cmake --install /home/mustafayousif/Code/hexapod_robot_harmonic/build/hexapod_description
[1.248s] Level 1:colcon.colcon_core.environment:checking '/home/mustafayousif/Code/hexapod_robot_harmonic/install/hexapod_description' for CMake module files
[1.249s] Level 1:colcon.colcon_core.environment:checking '/home/mustafayousif/Code/hexapod_robot_harmonic/install/hexapod_description' for CMake config files
[1.250s] Level 1:colcon.colcon_core.shell:create_environment_hook('hexapod_description', 'cmake_prefix_path')
[1.250s] INFO:colcon.colcon_core.shell:Creating environment descriptor '/home/mustafayousif/Code/hexapod_robot_harmonic/install/hexapod_description/share/hexapod_description/hook/cmake_prefix_path.dsv'
[1.250s] INFO:colcon.colcon_core.shell:Creating environment hook '/home/mustafayousif/Code/hexapod_robot_harmonic/install/hexapod_description/share/hexapod_description/hook/cmake_prefix_path.sh'
[1.251s] Level 1:colcon.colcon_core.environment:checking '/home/mustafayousif/Code/hexapod_robot_harmonic/install/hexapod_description/bin'
[1.251s] Level 1:colcon.colcon_core.environment:checking '/home/mustafayousif/Code/hexapod_robot_harmonic/install/hexapod_description/lib/pkgconfig/hexapod_description.pc'
[1.251s] Level 1:colcon.colcon_core.environment:checking '/home/mustafayousif/Code/hexapod_robot_harmonic/install/hexapod_description/lib/python3.12/site-packages'
[1.252s] Level 1:colcon.colcon_core.environment:checking '/home/mustafayousif/Code/hexapod_robot_harmonic/install/hexapod_description/bin'
[1.252s] INFO:colcon.colcon_core.shell:Creating package descriptor '/home/mustafayousif/Code/hexapod_robot_harmonic/install/hexapod_description/share/hexapod_description/package.dsv'
[1.252s] INFO:colcon.colcon_core.shell:Creating package script '/home/mustafayousif/Code/hexapod_robot_harmonic/install/hexapod_description/share/hexapod_description/package.sh'
[1.253s] INFO:colcon.colcon_core.shell:Creating package script '/home/mustafayousif/Code/hexapod_robot_harmonic/install/hexapod_description/share/hexapod_description/package.bash'
[1.253s] INFO:colcon.colcon_core.shell:Creating package script '/home/mustafayousif/Code/hexapod_robot_harmonic/install/hexapod_description/share/hexapod_description/package.zsh'
[1.253s] Level 1:colcon.colcon_core.environment:create_file_with_runtime_dependencies(/home/mustafayousif/Code/hexapod_robot_harmonic/install/hexapod_description/share/colcon-core/packages/hexapod_description)
[1.254s] Level 1:colcon.colcon_core.environment:create_environment_scripts_only(hexapod_description)
[1.254s] Level 1:colcon.colcon_core.environment:checking '/home/mustafayousif/Code/hexapod_robot_harmonic/install/hexapod_description' for CMake module files
[1.254s] Level 1:colcon.colcon_core.environment:checking '/home/mustafayousif/Code/hexapod_robot_harmonic/install/hexapod_description' for CMake config files
[1.255s] Level 1:colcon.colcon_core.shell:create_environment_hook('hexapod_description', 'cmake_prefix_path')
[1.255s] INFO:colcon.colcon_core.shell:Creating environment descriptor '/home/mustafayousif/Code/hexapod_robot_harmonic/install/hexapod_description/share/hexapod_description/hook/cmake_prefix_path.dsv'
[1.256s] INFO:colcon.colcon_core.shell:Creating environment hook '/home/mustafayousif/Code/hexapod_robot_harmonic/install/hexapod_description/share/hexapod_description/hook/cmake_prefix_path.sh'
[1.256s] Level 1:colcon.colcon_core.environment:checking '/home/mustafayousif/Code/hexapod_robot_harmonic/install/hexapod_description/bin'
[1.256s] Level 1:colcon.colcon_core.environment:checking '/home/mustafayousif/Code/hexapod_robot_harmonic/install/hexapod_description/lib/pkgconfig/hexapod_description.pc'
[1.256s] Level 1:colcon.colcon_core.environment:checking '/home/mustafayousif/Code/hexapod_robot_harmonic/install/hexapod_description/lib/python3.12/site-packages'
[1.257s] Level 1:colcon.colcon_core.environment:checking '/home/mustafayousif/Code/hexapod_robot_harmonic/install/hexapod_description/bin'
[1.257s] INFO:colcon.colcon_core.shell:Creating package descriptor '/home/mustafayousif/Code/hexapod_robot_harmonic/install/hexapod_description/share/hexapod_description/package.dsv'
[1.257s] INFO:colcon.colcon_core.shell:Creating package script '/home/mustafayousif/Code/hexapod_robot_harmonic/install/hexapod_description/share/hexapod_description/package.sh'
[1.258s] INFO:colcon.colcon_core.shell:Creating package script '/home/mustafayousif/Code/hexapod_robot_harmonic/install/hexapod_description/share/hexapod_description/package.bash'
[1.258s] INFO:colcon.colcon_core.shell:Creating package script '/home/mustafayousif/Code/hexapod_robot_harmonic/install/hexapod_description/share/hexapod_description/package.zsh'
[1.259s] Level 1:colcon.colcon_core.environment:create_file_with_runtime_dependencies(/home/mustafayousif/Code/hexapod_robot_harmonic/install/hexapod_description/share/colcon-core/packages/hexapod_description)
[1.259s] DEBUG:colcon.colcon_parallel_executor.executor.parallel:closing loop
[1.259s] DEBUG:colcon.colcon_parallel_executor.executor.parallel:loop closed
[1.259s] DEBUG:colcon.colcon_parallel_executor.executor.parallel:run_until_complete finished with '0'
[1.259s] DEBUG:colcon.colcon_core.event_reactor:joining thread
[1.267s] INFO:colcon.colcon_core.plugin_system:Skipping extension 'colcon_notification.desktop_notification.terminal_notifier': Not used on non-Darwin systems
[1.267s] INFO:colcon.colcon_core.plugin_system:Skipping extension 'colcon_notification.desktop_notification.win32': Not used on non-Windows systems
[1.267s] INFO:colcon.colcon_notification.desktop_notification:Sending desktop notification using 'notify2'
[1.276s] DEBUG:colcon.colcon_core.event_reactor:joined thread
[1.276s] INFO:colcon.colcon_core.shell:Creating prefix script '/home/mustafayousif/Code/hexapod_robot_harmonic/install/local_setup.sh'
[1.277s] INFO:colcon.colcon_core.shell:Creating prefix util module '/home/mustafayousif/Code/hexapod_robot_harmonic/install/_local_setup_util_sh.py'
[1.279s] INFO:colcon.colcon_core.shell:Creating prefix chain script '/home/mustafayousif/Code/hexapod_robot_harmonic/install/setup.sh'
[1.280s] INFO:colcon.colcon_core.shell:Creating prefix script '/home/mustafayousif/Code/hexapod_robot_harmonic/install/local_setup.bash'
[1.280s] INFO:colcon.colcon_core.shell:Creating prefix chain script '/home/mustafayousif/Code/hexapod_robot_harmonic/install/setup.bash'
[1.281s] INFO:colcon.colcon_core.shell:Creating prefix script '/home/mustafayousif/Code/hexapod_robot_harmonic/install/local_setup.zsh'
[1.282s] INFO:colcon.colcon_core.shell:Creating prefix chain script '/home/mustafayousif/Code/hexapod_robot_harmonic/install/setup.zsh'
