-- Install configuration: ""
-- Up-to-date: /home/mustafayousif/Code/hexapod_robot_harmonic/install/hexapod_sim/share/hexapod_sim/launch
-- Up-to-date: /home/mustafayousif/Code/hexapod_robot_harmonic/install/hexapod_sim/share/hexapod_sim/launch/hexapod_spawn.launch.py
-- Up-to-date: /home/mustafayousif/Code/hexapod_robot_harmonic/install/hexapod_sim/share/hexapod_sim/worlds
-- Up-to-date: /home/mustafayousif/Code/hexapod_robot_harmonic/install/hexapod_sim/share/hexapod_sim/worlds/empty_world.sdf
-- Installing: /home/mustafayousif/Code/hexapod_robot_harmonic/install/hexapod_sim/share/hexapod_sim/worlds/hexapod_world.sdf
-- Up-to-date: /home/mustafayousif/Code/hexapod_robot_harmonic/install/hexapod_sim/share/ament_index/resource_index/package_run_dependencies/hexapod_sim
-- Up-to-date: /home/mustafayousif/Code/hexapod_robot_harmonic/install/hexapod_sim/share/ament_index/resource_index/parent_prefix_path/hexapod_sim
-- Up-to-date: /home/mustafayousif/Code/hexapod_robot_harmonic/install/hexapod_sim/share/hexapod_sim/environment/ament_prefix_path.sh
-- Up-to-date: /home/mustafayousif/Code/hexapod_robot_harmonic/install/hexapod_sim/share/hexapod_sim/environment/ament_prefix_path.dsv
-- Up-to-date: /home/mustafayousif/Code/hexapod_robot_harmonic/install/hexapod_sim/share/hexapod_sim/environment/path.sh
-- Up-to-date: /home/mustafayousif/Code/hexapod_robot_harmonic/install/hexapod_sim/share/hexapod_sim/environment/path.dsv
-- Up-to-date: /home/mustafayousif/Code/hexapod_robot_harmonic/install/hexapod_sim/share/hexapod_sim/local_setup.bash
-- Up-to-date: /home/mustafayousif/Code/hexapod_robot_harmonic/install/hexapod_sim/share/hexapod_sim/local_setup.sh
-- Up-to-date: /home/mustafayousif/Code/hexapod_robot_harmonic/install/hexapod_sim/share/hexapod_sim/local_setup.zsh
-- Up-to-date: /home/mustafayousif/Code/hexapod_robot_harmonic/install/hexapod_sim/share/hexapod_sim/local_setup.dsv
-- Installing: /home/mustafayousif/Code/hexapod_robot_harmonic/install/hexapod_sim/share/hexapod_sim/package.dsv
-- Up-to-date: /home/mustafayousif/Code/hexapod_robot_harmonic/install/hexapod_sim/share/ament_index/resource_index/packages/hexapod_sim
-- Up-to-date: /home/mustafayousif/Code/hexapod_robot_harmonic/install/hexapod_sim/share/hexapod_sim/cmake/hexapod_simConfig.cmake
-- Up-to-date: /home/mustafayousif/Code/hexapod_robot_harmonic/install/hexapod_sim/share/hexapod_sim/cmake/hexapod_simConfig-version.cmake
-- Up-to-date: /home/mustafayousif/Code/hexapod_robot_harmonic/install/hexapod_sim/share/hexapod_sim/package.xml
