[0.011s] Invoking command in '/home/mustafayousif/Code/hexapod_robot_harmonic/build/velocity_pub': CMAKE_PREFIX_PATH=${CMAKE_PREFIX_PATH}:/opt/ros/jazzy /usr/bin/cmake --build /home/mustafayousif/Code/hexapod_robot_harmonic/build/velocity_pub -- -j8 -l8
[0.083s] Invoked command in '/home/mustafayousif/Code/hexapod_robot_harmonic/build/velocity_pub' returned '0': CMAKE_PREFIX_PATH=${CMAKE_PREFIX_PATH}:/opt/ros/jazzy /usr/bin/cmake --build /home/mustafayousif/Code/hexapod_robot_harmonic/build/velocity_pub -- -j8 -l8
[0.084s] Invoking command in '/home/mustafayousif/Code/hexapod_robot_harmonic/build/velocity_pub': CMAKE_PREFIX_PATH=${CMAKE_PREFIX_PATH}:/opt/ros/jazzy /usr/bin/cmake --install /home/mustafayousif/Code/hexapod_robot_harmonic/build/velocity_pub
[0.089s] -- Install configuration: ""
[0.089s] -- Up-to-date: /home/mustafayousif/Code/hexapod_robot_harmonic/install/velocity_pub/share/velocity_pub//scripts
[0.089s] -- Up-to-date: /home/mustafayousif/Code/hexapod_robot_harmonic/install/velocity_pub/share/velocity_pub//scripts/robot_control.py
[0.090s] -- Up-to-date: /home/mustafayousif/Code/hexapod_robot_harmonic/install/velocity_pub/share/velocity_pub//launch
[0.090s] -- Up-to-date: /home/mustafayousif/Code/hexapod_robot_harmonic/install/velocity_pub/share/velocity_pub//launch/hexapod_control.launch.py
[0.092s] -- Up-to-date: /home/mustafayousif/Code/hexapod_robot_harmonic/install/velocity_pub/lib/velocity_pub/robot_control.py
[0.092s] -- Up-to-date: /home/mustafayousif/Code/hexapod_robot_harmonic/install/velocity_pub/lib/velocity_pub/hexapod_control.launch.py
[0.092s] -- Up-to-date: /home/mustafayousif/Code/hexapod_robot_harmonic/install/velocity_pub/share/ament_index/resource_index/package_run_dependencies/velocity_pub
[0.092s] -- Up-to-date: /home/mustafayousif/Code/hexapod_robot_harmonic/install/velocity_pub/share/ament_index/resource_index/parent_prefix_path/velocity_pub
[0.093s] -- Up-to-date: /home/mustafayousif/Code/hexapod_robot_harmonic/install/velocity_pub/share/velocity_pub/environment/ament_prefix_path.sh
[0.093s] -- Up-to-date: /home/mustafayousif/Code/hexapod_robot_harmonic/install/velocity_pub/share/velocity_pub/environment/ament_prefix_path.dsv
[0.093s] -- Up-to-date: /home/mustafayousif/Code/hexapod_robot_harmonic/install/velocity_pub/share/velocity_pub/environment/path.sh
[0.093s] -- Up-to-date: /home/mustafayousif/Code/hexapod_robot_harmonic/install/velocity_pub/share/velocity_pub/environment/path.dsv
[0.093s] -- Up-to-date: /home/mustafayousif/Code/hexapod_robot_harmonic/install/velocity_pub/share/velocity_pub/local_setup.bash
[0.093s] -- Up-to-date: /home/mustafayousif/Code/hexapod_robot_harmonic/install/velocity_pub/share/velocity_pub/local_setup.sh
[0.093s] -- Up-to-date: /home/mustafayousif/Code/hexapod_robot_harmonic/install/velocity_pub/share/velocity_pub/local_setup.zsh
[0.093s] -- Up-to-date: /home/mustafayousif/Code/hexapod_robot_harmonic/install/velocity_pub/share/velocity_pub/local_setup.dsv
[0.093s] -- Installing: /home/mustafayousif/Code/hexapod_robot_harmonic/install/velocity_pub/share/velocity_pub/package.dsv
[0.094s] -- Up-to-date: /home/mustafayousif/Code/hexapod_robot_harmonic/install/velocity_pub/share/ament_index/resource_index/packages/velocity_pub
[0.094s] -- Up-to-date: /home/mustafayousif/Code/hexapod_robot_harmonic/install/velocity_pub/share/velocity_pub/cmake/velocity_pubConfig.cmake
[0.094s] -- Up-to-date: /home/mustafayousif/Code/hexapod_robot_harmonic/install/velocity_pub/share/velocity_pub/cmake/velocity_pubConfig-version.cmake
[0.094s] -- Up-to-date: /home/mustafayousif/Code/hexapod_robot_harmonic/install/velocity_pub/share/velocity_pub/package.xml
[0.117s] Invoked command in '/home/mustafayousif/Code/hexapod_robot_harmonic/build/velocity_pub' returned '0': CMAKE_PREFIX_PATH=${CMAKE_PREFIX_PATH}:/opt/ros/jazzy /usr/bin/cmake --install /home/mustafayousif/Code/hexapod_robot_harmonic/build/velocity_pub
