-- Install configuration: ""
-- Up-to-date: /home/mustafayousif/Code/hexapod_robot_harmonic/install/hexapod_description/share/hexapod_description/robots
-- Installing: /home/mustafayousif/Code/hexapod_robot_harmonic/install/hexapod_description/share/hexapod_description/robots/hexapod.urdf.xacro
-- Up-to-date: /home/mustafayousif/Code/hexapod_robot_harmonic/install/hexapod_description/share/hexapod_description/robots/old.xacro
-- Up-to-date: /home/mustafayousif/Code/hexapod_robot_harmonic/install/hexapod_description/share/hexapod_description/robots/parts
-- Up-to-date: /home/mustafayousif/Code/hexapod_robot_harmonic/install/hexapod_description/share/hexapod_description/robots/parts/camera
-- Up-to-date: /home/mustafayousif/Code/hexapod_robot_harmonic/install/hexapod_description/share/hexapod_description/robots/parts/camera/camera.urdf.xacro
-- Up-to-date: /home/mustafayousif/Code/hexapod_robot_harmonic/install/hexapod_description/share/hexapod_description/robots/parts/base
-- Up-to-date: /home/mustafayousif/Code/hexapod_robot_harmonic/install/hexapod_description/share/hexapod_description/robots/parts/base/base.urdf.xacro
-- Up-to-date: /home/mustafayousif/Code/hexapod_robot_harmonic/install/hexapod_description/share/hexapod_description/robots/parts/arm
-- Up-to-date: /home/mustafayousif/Code/hexapod_robot_harmonic/install/hexapod_description/share/hexapod_description/robots/parts/arm/arm.urdf.xacro
-- Up-to-date: /home/mustafayousif/Code/hexapod_robot_harmonic/install/hexapod_description/share/hexapod_description/robots/parts/leg
-- Up-to-date: /home/mustafayousif/Code/hexapod_robot_harmonic/install/hexapod_description/share/hexapod_description/robots/parts/leg/leg.urdf.xacro
-- Up-to-date: /home/mustafayousif/Code/hexapod_robot_harmonic/install/hexapod_description/share/hexapod_description/gazebo
-- Up-to-date: /home/mustafayousif/Code/hexapod_robot_harmonic/install/hexapod_description/share/hexapod_description/gazebo/hexapod.gazebo.xacro
-- Up-to-date: /home/mustafayousif/Code/hexapod_robot_harmonic/install/hexapod_description/share/hexapod_description/ros2_control
-- Up-to-date: /home/mustafayousif/Code/hexapod_robot_harmonic/install/hexapod_description/share/hexapod_description/ros2_control/hexapod.ros2_control.xacro
-- Up-to-date: /home/mustafayousif/Code/hexapod_robot_harmonic/install/hexapod_description/share/hexapod_description/config
-- Installing: /home/mustafayousif/Code/hexapod_robot_harmonic/install/hexapod_description/share/hexapod_description/config/hexapod_sim.yaml
-- Up-to-date: /home/mustafayousif/Code/hexapod_robot_harmonic/install/hexapod_description/share/hexapod_description/config/hexapod_config.rviz
-- Up-to-date: /home/mustafayousif/Code/hexapod_robot_harmonic/install/hexapod_description/share/hexapod_description/meshes
-- Up-to-date: /home/mustafayousif/Code/hexapod_robot_harmonic/install/hexapod_description/share/hexapod_description/meshes/base
-- Up-to-date: /home/mustafayousif/Code/hexapod_robot_harmonic/install/hexapod_description/share/hexapod_description/meshes/base/base_link.stl
-- Up-to-date: /home/mustafayousif/Code/hexapod_robot_harmonic/install/hexapod_description/share/hexapod_description/meshes/sensors
-- Up-to-date: /home/mustafayousif/Code/hexapod_robot_harmonic/install/hexapod_description/share/hexapod_description/meshes/sensors/gps
-- Up-to-date: /home/mustafayousif/Code/hexapod_robot_harmonic/install/hexapod_description/share/hexapod_description/meshes/sensors/gps/gps.stl
-- Up-to-date: /home/mustafayousif/Code/hexapod_robot_harmonic/install/hexapod_description/share/hexapod_description/meshes/sensors/rear_lrf
-- Up-to-date: /home/mustafayousif/Code/hexapod_robot_harmonic/install/hexapod_description/share/hexapod_description/meshes/sensors/rear_lrf/rear_lrf.stl
-- Up-to-date: /home/mustafayousif/Code/hexapod_robot_harmonic/install/hexapod_description/share/hexapod_description/meshes/sensors/camera
-- Up-to-date: /home/mustafayousif/Code/hexapod_robot_harmonic/install/hexapod_description/share/hexapod_description/meshes/sensors/camera/camera.stl
-- Up-to-date: /home/mustafayousif/Code/hexapod_robot_harmonic/install/hexapod_description/share/hexapod_description/meshes/sensors/front_lrf
-- Up-to-date: /home/mustafayousif/Code/hexapod_robot_harmonic/install/hexapod_description/share/hexapod_description/meshes/sensors/front_lrf/front_lrf.stl
-- Up-to-date: /home/mustafayousif/Code/hexapod_robot_harmonic/install/hexapod_description/share/hexapod_description/meshes/sensors/gim30
-- Up-to-date: /home/mustafayousif/Code/hexapod_robot_harmonic/install/hexapod_description/share/hexapod_description/meshes/sensors/gim30/gim30.stl
-- Up-to-date: /home/mustafayousif/Code/hexapod_robot_harmonic/install/hexapod_description/share/hexapod_description/meshes/arm
-- Up-to-date: /home/mustafayousif/Code/hexapod_robot_harmonic/install/hexapod_description/share/hexapod_description/meshes/arm/abductor.stl
-- Up-to-date: /home/mustafayousif/Code/hexapod_robot_harmonic/install/hexapod_description/share/hexapod_description/meshes/arm/base.stl
-- Up-to-date: /home/mustafayousif/Code/hexapod_robot_harmonic/install/hexapod_description/share/hexapod_description/meshes/arm/rotator.stl
-- Up-to-date: /home/mustafayousif/Code/hexapod_robot_harmonic/install/hexapod_description/share/hexapod_description/meshes/arm/retractor.stl
-- Up-to-date: /home/mustafayousif/Code/hexapod_robot_harmonic/install/hexapod_description/share/hexapod_description/meshes/leg
-- Up-to-date: /home/mustafayousif/Code/hexapod_robot_harmonic/install/hexapod_description/share/hexapod_description/meshes/leg/tibia_right_top.stl
-- Up-to-date: /home/mustafayousif/Code/hexapod_robot_harmonic/install/hexapod_description/share/hexapod_description/meshes/leg/femur_right_bottom.stl
-- Up-to-date: /home/mustafayousif/Code/hexapod_robot_harmonic/install/hexapod_description/share/hexapod_description/meshes/leg/tibia_right_mid.stl
-- Up-to-date: /home/mustafayousif/Code/hexapod_robot_harmonic/install/hexapod_description/share/hexapod_description/meshes/leg/tibia_left_bottom.stl
-- Up-to-date: /home/mustafayousif/Code/hexapod_robot_harmonic/install/hexapod_description/share/hexapod_description/meshes/leg/femur_right_top.stl
-- Up-to-date: /home/mustafayousif/Code/hexapod_robot_harmonic/install/hexapod_description/share/hexapod_description/meshes/leg/tibia_left_top.stl
-- Up-to-date: /home/mustafayousif/Code/hexapod_robot_harmonic/install/hexapod_description/share/hexapod_description/meshes/leg/cox_right_bottom.stl
-- Up-to-date: /home/mustafayousif/Code/hexapod_robot_harmonic/install/hexapod_description/share/hexapod_description/meshes/leg/femur_left_top.stl
-- Up-to-date: /home/mustafayousif/Code/hexapod_robot_harmonic/install/hexapod_description/share/hexapod_description/meshes/leg/tibia_left_mid.stl
-- Up-to-date: /home/mustafayousif/Code/hexapod_robot_harmonic/install/hexapod_description/share/hexapod_description/meshes/leg/femur_left_mid.stl
-- Up-to-date: /home/mustafayousif/Code/hexapod_robot_harmonic/install/hexapod_description/share/hexapod_description/meshes/leg/cox_left_top.stl
-- Up-to-date: /home/mustafayousif/Code/hexapod_robot_harmonic/install/hexapod_description/share/hexapod_description/meshes/leg/tibia_right_bottom.stl
-- Up-to-date: /home/mustafayousif/Code/hexapod_robot_harmonic/install/hexapod_description/share/hexapod_description/meshes/leg/cox_right_mid.stl
-- Up-to-date: /home/mustafayousif/Code/hexapod_robot_harmonic/install/hexapod_description/share/hexapod_description/meshes/leg/cox_left_mid.stl
-- Up-to-date: /home/mustafayousif/Code/hexapod_robot_harmonic/install/hexapod_description/share/hexapod_description/meshes/leg/femur_left_bottom.stl
-- Up-to-date: /home/mustafayousif/Code/hexapod_robot_harmonic/install/hexapod_description/share/hexapod_description/meshes/leg/cox_right_top.stl
-- Up-to-date: /home/mustafayousif/Code/hexapod_robot_harmonic/install/hexapod_description/share/hexapod_description/meshes/leg/femur_right_mid.stl
-- Up-to-date: /home/mustafayousif/Code/hexapod_robot_harmonic/install/hexapod_description/share/hexapod_description/meshes/leg/cox_left_bottom.stl
-- Up-to-date: /home/mustafayousif/Code/hexapod_robot_harmonic/install/hexapod_description/share/hexapod_description/materials
-- Up-to-date: /home/mustafayousif/Code/hexapod_robot_harmonic/install/hexapod_description/share/hexapod_description/materials/hexapod.materials.xacro
-- Up-to-date: /home/mustafayousif/Code/hexapod_robot_harmonic/install/hexapod_description/share/hexapod_description/transmission
-- Up-to-date: /home/mustafayousif/Code/hexapod_robot_harmonic/install/hexapod_description/share/hexapod_description/transmission/hexapod.trans.xacro
-- Up-to-date: /home/mustafayousif/Code/hexapod_robot_harmonic/install/hexapod_description/share/ament_index/resource_index/package_run_dependencies/hexapod_description
-- Up-to-date: /home/mustafayousif/Code/hexapod_robot_harmonic/install/hexapod_description/share/ament_index/resource_index/parent_prefix_path/hexapod_description
-- Up-to-date: /home/mustafayousif/Code/hexapod_robot_harmonic/install/hexapod_description/share/hexapod_description/environment/ament_prefix_path.sh
-- Up-to-date: /home/mustafayousif/Code/hexapod_robot_harmonic/install/hexapod_description/share/hexapod_description/environment/ament_prefix_path.dsv
-- Up-to-date: /home/mustafayousif/Code/hexapod_robot_harmonic/install/hexapod_description/share/hexapod_description/environment/path.sh
-- Up-to-date: /home/mustafayousif/Code/hexapod_robot_harmonic/install/hexapod_description/share/hexapod_description/environment/path.dsv
-- Up-to-date: /home/mustafayousif/Code/hexapod_robot_harmonic/install/hexapod_description/share/hexapod_description/local_setup.bash
-- Up-to-date: /home/mustafayousif/Code/hexapod_robot_harmonic/install/hexapod_description/share/hexapod_description/local_setup.sh
-- Up-to-date: /home/mustafayousif/Code/hexapod_robot_harmonic/install/hexapod_description/share/hexapod_description/local_setup.zsh
-- Up-to-date: /home/mustafayousif/Code/hexapod_robot_harmonic/install/hexapod_description/share/hexapod_description/local_setup.dsv
-- Installing: /home/mustafayousif/Code/hexapod_robot_harmonic/install/hexapod_description/share/hexapod_description/package.dsv
-- Up-to-date: /home/mustafayousif/Code/hexapod_robot_harmonic/install/hexapod_description/share/ament_index/resource_index/packages/hexapod_description
-- Up-to-date: /home/mustafayousif/Code/hexapod_robot_harmonic/install/hexapod_description/share/hexapod_description/cmake/hexapod_descriptionConfig.cmake
-- Up-to-date: /home/mustafayousif/Code/hexapod_robot_harmonic/install/hexapod_description/share/hexapod_description/cmake/hexapod_descriptionConfig-version.cmake
-- Up-to-date: /home/mustafayousif/Code/hexapod_robot_harmonic/install/hexapod_description/share/hexapod_description/package.xml
