[0.006s] Invoking command in '/home/mustafayousif/Code/hexapod_robot_harmonic/build/hexapod_sim': CMAKE_PREFIX_PATH=${CMAKE_PREFIX_PATH}:/opt/ros/jazzy /usr/bin/cmake /home/mustafayousif/Code/hexapod_robot_harmonic/src/hexapod_sim -DCMAKE_INSTALL_PREFIX=/home/mustafayousif/Code/hexapod_robot_harmonic/install/hexapod_sim
[0.078s] -- The C compiler identification is GNU 13.3.0
[0.146s] -- The CXX compiler identification is GNU 13.3.0
[0.160s] -- Detecting C compiler ABI info
[0.219s] -- Detecting C compiler ABI info - done
[0.235s] -- Check for working C compiler: /usr/bin/cc - skipped
[0.235s] -- Detecting C compile features
[0.236s] -- Detecting C compile features - done
[0.244s] -- Detecting CXX compiler ABI info
[0.310s] -- Detecting CXX compiler ABI info - done
[0.318s] -- Check for working CXX compiler: /usr/bin/c++ - skipped
[0.318s] -- Detecting CXX compile features
[0.318s] -- Detecting CXX compile features - done
[0.320s] -- Found ament_cmake: 2.5.3 (/opt/ros/jazzy/share/ament_cmake/cmake)
[0.469s] -- Found Python3: /usr/bin/python3 (found version "3.12.3") found components: Interpreter 
[0.550s] -- Found xacro: 2.0.11 (/opt/ros/jazzy/share/xacro/cmake)
[0.553s] -- Found ament_lint_auto: 0.17.1 (/opt/ros/jazzy/share/ament_lint_auto/cmake)
[0.640s] -- Added test 'copyright' to check source files copyright and LICENSE
[0.642s] -- Added test 'flake8' to check Python code syntax and style conventions
[0.642s] -- Configured 'flake8' exclude dirs and/or files: 
[0.642s] -- Added test 'lint_cmake' to check CMake code style
[0.643s] -- Added test 'pep257' to check Python code against some of the docstring style conventions in PEP 257
[0.644s] -- Added test 'xmllint' to check XML markup files
[0.645s] -- Configuring done (0.6s)
[0.647s] -- Generating done (0.0s)
[0.648s] -- Build files have been written to: /home/mustafayousif/Code/hexapod_robot_harmonic/build/hexapod_sim
[0.651s] Invoked command in '/home/mustafayousif/Code/hexapod_robot_harmonic/build/hexapod_sim' returned '0': CMAKE_PREFIX_PATH=${CMAKE_PREFIX_PATH}:/opt/ros/jazzy /usr/bin/cmake /home/mustafayousif/Code/hexapod_robot_harmonic/src/hexapod_sim -DCMAKE_INSTALL_PREFIX=/home/mustafayousif/Code/hexapod_robot_harmonic/install/hexapod_sim
[0.652s] Invoking command in '/home/mustafayousif/Code/hexapod_robot_harmonic/build/hexapod_sim': CMAKE_PREFIX_PATH=${CMAKE_PREFIX_PATH}:/opt/ros/jazzy /usr/bin/cmake --build /home/mustafayousif/Code/hexapod_robot_harmonic/build/hexapod_sim -- -j8 -l8
[0.696s] Invoked command in '/home/mustafayousif/Code/hexapod_robot_harmonic/build/hexapod_sim' returned '0': CMAKE_PREFIX_PATH=${CMAKE_PREFIX_PATH}:/opt/ros/jazzy /usr/bin/cmake --build /home/mustafayousif/Code/hexapod_robot_harmonic/build/hexapod_sim -- -j8 -l8
[0.706s] Invoking command in '/home/mustafayousif/Code/hexapod_robot_harmonic/build/hexapod_sim': CMAKE_PREFIX_PATH=${CMAKE_PREFIX_PATH}:/opt/ros/jazzy /usr/bin/cmake --install /home/mustafayousif/Code/hexapod_robot_harmonic/build/hexapod_sim
[0.717s] -- Install configuration: ""
[0.717s] -- Installing: /home/mustafayousif/Code/hexapod_robot_harmonic/install/hexapod_sim/share/hexapod_sim/launch
[0.717s] -- Installing: /home/mustafayousif/Code/hexapod_robot_harmonic/install/hexapod_sim/share/hexapod_sim/launch/hexapod_spawn.launch.py
[0.717s] -- Installing: /home/mustafayousif/Code/hexapod_robot_harmonic/install/hexapod_sim/share/hexapod_sim/worlds
[0.717s] -- Installing: /home/mustafayousif/Code/hexapod_robot_harmonic/install/hexapod_sim/share/hexapod_sim/worlds/hexapod_world.sdf
[0.718s] -- Installing: /home/mustafayousif/Code/hexapod_robot_harmonic/install/hexapod_sim/share/ament_index/resource_index/package_run_dependencies/hexapod_sim
[0.718s] -- Installing: /home/mustafayousif/Code/hexapod_robot_harmonic/install/hexapod_sim/share/ament_index/resource_index/parent_prefix_path/hexapod_sim
[0.718s] -- Installing: /home/mustafayousif/Code/hexapod_robot_harmonic/install/hexapod_sim/share/hexapod_sim/environment/ament_prefix_path.sh
[0.718s] -- Installing: /home/mustafayousif/Code/hexapod_robot_harmonic/install/hexapod_sim/share/hexapod_sim/environment/ament_prefix_path.dsv
[0.718s] -- Installing: /home/mustafayousif/Code/hexapod_robot_harmonic/install/hexapod_sim/share/hexapod_sim/environment/path.sh
[0.718s] -- Installing: /home/mustafayousif/Code/hexapod_robot_harmonic/install/hexapod_sim/share/hexapod_sim/environment/path.dsv
[0.718s] -- Installing: /home/mustafayousif/Code/hexapod_robot_harmonic/install/hexapod_sim/share/hexapod_sim/local_setup.bash
[0.718s] -- Installing: /home/mustafayousif/Code/hexapod_robot_harmonic/install/hexapod_sim/share/hexapod_sim/local_setup.sh
[0.718s] -- Installing: /home/mustafayousif/Code/hexapod_robot_harmonic/install/hexapod_sim/share/hexapod_sim/local_setup.zsh
[0.719s] -- Installing: /home/mustafayousif/Code/hexapod_robot_harmonic/install/hexapod_sim/share/hexapod_sim/local_setup.dsv
[0.719s] -- Installing: /home/mustafayousif/Code/hexapod_robot_harmonic/install/hexapod_sim/share/hexapod_sim/package.dsv
[0.719s] -- Installing: /home/mustafayousif/Code/hexapod_robot_harmonic/install/hexapod_sim/share/ament_index/resource_index/packages/hexapod_sim
[0.719s] -- Installing: /home/mustafayousif/Code/hexapod_robot_harmonic/install/hexapod_sim/share/hexapod_sim/cmake/hexapod_simConfig.cmake
[0.719s] -- Installing: /home/mustafayousif/Code/hexapod_robot_harmonic/install/hexapod_sim/share/hexapod_sim/cmake/hexapod_simConfig-version.cmake
[0.719s] -- Installing: /home/mustafayousif/Code/hexapod_robot_harmonic/install/hexapod_sim/share/hexapod_sim/package.xml
[0.720s] Invoked command in '/home/mustafayousif/Code/hexapod_robot_harmonic/build/hexapod_sim' returned '0': CMAKE_PREFIX_PATH=${CMAKE_PREFIX_PATH}:/opt/ros/jazzy /usr/bin/cmake --install /home/mustafayousif/Code/hexapod_robot_harmonic/build/hexapod_sim
