[0.077s] DEBUG:colcon:Command line arguments: ['/usr/bin/colcon', 'build']
[0.077s] DEBUG:colcon:Parsed command line arguments: Namespace(log_base=None, log_level=None, verb_name='build', build_base='build', install_base='install', merge_install=False, symlink_install=False, test_result_base=None, continue_on_error=False, executor='parallel', parallel_workers=8, event_handlers=None, ignore_user_meta=False, metas=['./colcon.meta'], base_paths=['.'], packages_ignore=None, packages_ignore_regex=None, paths=None, packages_up_to=None, packages_up_to_regex=None, packages_above=None, packages_above_and_dependencies=None, packages_above_depth=None, packages_select_by_dep=None, packages_skip_by_dep=None, packages_skip_up_to=None, packages_select_build_failed=False, packages_skip_build_finished=False, packages_select_test_failures=False, packages_skip_test_passed=False, packages_select=None, packages_skip=None, packages_select_regex=None, packages_skip_regex=None, packages_start=None, packages_end=None, cmake_args=None, cmake_target=None, cmake_target_skip_unavailable=False, cmake_clean_cache=False, cmake_clean_first=False, cmake_force_configure=False, ament_cmake_args=None, catkin_cmake_args=None, catkin_skip_building_tests=False, verb_parser=<colcon_defaults.argument_parser.defaults.DefaultArgumentsDecorator object at 0xffffa4930380>, verb_extension=<colcon_core.verb.build.BuildVerb object at 0xffffa4930440>, main=<bound method BuildVerb.main of <colcon_core.verb.build.BuildVerb object at 0xffffa4930440>>)
[0.110s] Level 1:colcon.colcon_core.package_discovery:discover_packages(colcon_meta) check parameters
[0.110s] Level 1:colcon.colcon_core.package_discovery:discover_packages(recursive) check parameters
[0.110s] Level 1:colcon.colcon_core.package_discovery:discover_packages(ignore) check parameters
[0.110s] Level 1:colcon.colcon_core.package_discovery:discover_packages(path) check parameters
[0.110s] Level 1:colcon.colcon_core.package_discovery:discover_packages(colcon_meta) discover
[0.110s] Level 1:colcon.colcon_core.package_discovery:discover_packages(recursive) discover
[0.110s] INFO:colcon.colcon_core.package_discovery:Crawling recursively for packages in '/home/mustafayousif/Code/hexapod_robot_harmonic'
[0.110s] Level 1:colcon.colcon_core.package_identification:_identify(.) by extensions ['ignore', 'ignore_ament_install']
[0.110s] Level 1:colcon.colcon_core.package_identification:_identify(.) by extension 'ignore'
[0.110s] Level 1:colcon.colcon_core.package_identification:_identify(.) by extension 'ignore_ament_install'
[0.110s] Level 1:colcon.colcon_core.package_identification:_identify(.) by extensions ['colcon_pkg']
[0.110s] Level 1:colcon.colcon_core.package_identification:_identify(.) by extension 'colcon_pkg'
[0.110s] Level 1:colcon.colcon_core.package_identification:_identify(.) by extensions ['colcon_meta']
[0.110s] Level 1:colcon.colcon_core.package_identification:_identify(.) by extension 'colcon_meta'
[0.110s] Level 1:colcon.colcon_core.package_identification:_identify(.) by extensions ['ros']
[0.110s] Level 1:colcon.colcon_core.package_identification:_identify(.) by extension 'ros'
[0.127s] Level 1:colcon.colcon_core.package_identification:_identify(.) by extensions ['cmake', 'python']
[0.127s] Level 1:colcon.colcon_core.package_identification:_identify(.) by extension 'cmake'
[0.127s] Level 1:colcon.colcon_core.package_identification:_identify(.) by extension 'python'
[0.127s] Level 1:colcon.colcon_core.package_identification:_identify(.) by extensions ['python_setup_py']
[0.127s] Level 1:colcon.colcon_core.package_identification:_identify(.) by extension 'python_setup_py'
[0.127s] Level 1:colcon.colcon_core.package_identification:_identify(build) by extensions ['ignore', 'ignore_ament_install']
[0.127s] Level 1:colcon.colcon_core.package_identification:_identify(build) by extension 'ignore'
[0.127s] Level 1:colcon.colcon_core.package_identification:_identify(build) ignored
[0.127s] Level 1:colcon.colcon_core.package_identification:_identify(install) by extensions ['ignore', 'ignore_ament_install']
[0.128s] Level 1:colcon.colcon_core.package_identification:_identify(install) by extension 'ignore'
[0.128s] Level 1:colcon.colcon_core.package_identification:_identify(install) ignored
[0.128s] Level 1:colcon.colcon_core.package_identification:_identify(log) by extensions ['ignore', 'ignore_ament_install']
[0.128s] Level 1:colcon.colcon_core.package_identification:_identify(log) by extension 'ignore'
[0.128s] Level 1:colcon.colcon_core.package_identification:_identify(log) ignored
[0.128s] Level 1:colcon.colcon_core.package_identification:_identify(src) by extensions ['ignore', 'ignore_ament_install']
[0.128s] Level 1:colcon.colcon_core.package_identification:_identify(src) by extension 'ignore'
[0.128s] Level 1:colcon.colcon_core.package_identification:_identify(src) by extension 'ignore_ament_install'
[0.128s] Level 1:colcon.colcon_core.package_identification:_identify(src) by extensions ['colcon_pkg']
[0.128s] Level 1:colcon.colcon_core.package_identification:_identify(src) by extension 'colcon_pkg'
[0.128s] Level 1:colcon.colcon_core.package_identification:_identify(src) by extensions ['colcon_meta']
[0.128s] Level 1:colcon.colcon_core.package_identification:_identify(src) by extension 'colcon_meta'
[0.128s] Level 1:colcon.colcon_core.package_identification:_identify(src) by extensions ['ros']
[0.128s] Level 1:colcon.colcon_core.package_identification:_identify(src) by extension 'ros'
[0.128s] Level 1:colcon.colcon_core.package_identification:_identify(src) by extensions ['cmake', 'python']
[0.128s] Level 1:colcon.colcon_core.package_identification:_identify(src) by extension 'cmake'
[0.128s] Level 1:colcon.colcon_core.package_identification:_identify(src) by extension 'python'
[0.128s] Level 1:colcon.colcon_core.package_identification:_identify(src) by extensions ['python_setup_py']
[0.128s] Level 1:colcon.colcon_core.package_identification:_identify(src) by extension 'python_setup_py'
[0.128s] Level 1:colcon.colcon_core.package_identification:_identify(src/hexapod_description) by extensions ['ignore', 'ignore_ament_install']
[0.128s] Level 1:colcon.colcon_core.package_identification:_identify(src/hexapod_description) by extension 'ignore'
[0.128s] Level 1:colcon.colcon_core.package_identification:_identify(src/hexapod_description) by extension 'ignore_ament_install'
[0.128s] Level 1:colcon.colcon_core.package_identification:_identify(src/hexapod_description) by extensions ['colcon_pkg']
[0.128s] Level 1:colcon.colcon_core.package_identification:_identify(src/hexapod_description) by extension 'colcon_pkg'
[0.128s] Level 1:colcon.colcon_core.package_identification:_identify(src/hexapod_description) by extensions ['colcon_meta']
[0.128s] Level 1:colcon.colcon_core.package_identification:_identify(src/hexapod_description) by extension 'colcon_meta'
[0.128s] Level 1:colcon.colcon_core.package_identification:_identify(src/hexapod_description) by extensions ['ros']
[0.128s] Level 1:colcon.colcon_core.package_identification:_identify(src/hexapod_description) by extension 'ros'
[0.130s] DEBUG:colcon.colcon_core.package_identification:Package 'src/hexapod_description' with type 'ros.ament_cmake' and name 'hexapod_description'
[0.130s] Level 1:colcon.colcon_core.package_identification:_identify(src/hexapod_sim) by extensions ['ignore', 'ignore_ament_install']
[0.130s] Level 1:colcon.colcon_core.package_identification:_identify(src/hexapod_sim) by extension 'ignore'
[0.130s] Level 1:colcon.colcon_core.package_identification:_identify(src/hexapod_sim) by extension 'ignore_ament_install'
[0.130s] Level 1:colcon.colcon_core.package_identification:_identify(src/hexapod_sim) by extensions ['colcon_pkg']
[0.130s] Level 1:colcon.colcon_core.package_identification:_identify(src/hexapod_sim) by extension 'colcon_pkg'
[0.130s] Level 1:colcon.colcon_core.package_identification:_identify(src/hexapod_sim) by extensions ['colcon_meta']
[0.130s] Level 1:colcon.colcon_core.package_identification:_identify(src/hexapod_sim) by extension 'colcon_meta'
[0.130s] Level 1:colcon.colcon_core.package_identification:_identify(src/hexapod_sim) by extensions ['ros']
[0.130s] Level 1:colcon.colcon_core.package_identification:_identify(src/hexapod_sim) by extension 'ros'
[0.131s] DEBUG:colcon.colcon_core.package_identification:Package 'src/hexapod_sim' with type 'ros.ament_cmake' and name 'hexapod_sim'
[0.131s] Level 1:colcon.colcon_core.package_identification:_identify(src/velocity_pub) by extensions ['ignore', 'ignore_ament_install']
[0.131s] Level 1:colcon.colcon_core.package_identification:_identify(src/velocity_pub) by extension 'ignore'
[0.131s] Level 1:colcon.colcon_core.package_identification:_identify(src/velocity_pub) by extension 'ignore_ament_install'
[0.131s] Level 1:colcon.colcon_core.package_identification:_identify(src/velocity_pub) by extensions ['colcon_pkg']
[0.131s] Level 1:colcon.colcon_core.package_identification:_identify(src/velocity_pub) by extension 'colcon_pkg'
[0.131s] Level 1:colcon.colcon_core.package_identification:_identify(src/velocity_pub) by extensions ['colcon_meta']
[0.131s] Level 1:colcon.colcon_core.package_identification:_identify(src/velocity_pub) by extension 'colcon_meta'
[0.131s] Level 1:colcon.colcon_core.package_identification:_identify(src/velocity_pub) by extensions ['ros']
[0.131s] Level 1:colcon.colcon_core.package_identification:_identify(src/velocity_pub) by extension 'ros'
[0.131s] DEBUG:colcon.colcon_core.package_identification:Package 'src/velocity_pub' with type 'ros.ament_cmake' and name 'velocity_pub'
[0.131s] Level 1:colcon.colcon_core.package_discovery:discover_packages(recursive) using defaults
[0.131s] Level 1:colcon.colcon_core.package_discovery:discover_packages(ignore) discover
[0.131s] Level 1:colcon.colcon_core.package_discovery:discover_packages(ignore) using defaults
[0.131s] Level 1:colcon.colcon_core.package_discovery:discover_packages(path) discover
[0.131s] Level 1:colcon.colcon_core.package_discovery:discover_packages(path) using defaults
[0.146s] Level 5:colcon.colcon_core.verb:set package 'hexapod_description' build argument 'cmake_args' from command line to 'None'
[0.146s] Level 5:colcon.colcon_core.verb:set package 'hexapod_description' build argument 'cmake_target' from command line to 'None'
[0.146s] Level 5:colcon.colcon_core.verb:set package 'hexapod_description' build argument 'cmake_target_skip_unavailable' from command line to 'False'
[0.146s] Level 5:colcon.colcon_core.verb:set package 'hexapod_description' build argument 'cmake_clean_cache' from command line to 'False'
[0.146s] Level 5:colcon.colcon_core.verb:set package 'hexapod_description' build argument 'cmake_clean_first' from command line to 'False'
[0.146s] Level 5:colcon.colcon_core.verb:set package 'hexapod_description' build argument 'cmake_force_configure' from command line to 'False'
[0.146s] Level 5:colcon.colcon_core.verb:set package 'hexapod_description' build argument 'ament_cmake_args' from command line to 'None'
[0.146s] Level 5:colcon.colcon_core.verb:set package 'hexapod_description' build argument 'catkin_cmake_args' from command line to 'None'
[0.146s] Level 5:colcon.colcon_core.verb:set package 'hexapod_description' build argument 'catkin_skip_building_tests' from command line to 'False'
[0.146s] DEBUG:colcon.colcon_core.verb:Building package 'hexapod_description' with the following arguments: {'ament_cmake_args': None, 'build_base': '/home/mustafayousif/Code/hexapod_robot_harmonic/build/hexapod_description', 'catkin_cmake_args': None, 'catkin_skip_building_tests': False, 'cmake_args': None, 'cmake_clean_cache': False, 'cmake_clean_first': False, 'cmake_force_configure': False, 'cmake_target': None, 'cmake_target_skip_unavailable': False, 'install_base': '/home/mustafayousif/Code/hexapod_robot_harmonic/install/hexapod_description', 'merge_install': False, 'path': '/home/mustafayousif/Code/hexapod_robot_harmonic/src/hexapod_description', 'symlink_install': False, 'test_result_base': None}
[0.146s] Level 5:colcon.colcon_core.verb:set package 'hexapod_sim' build argument 'cmake_args' from command line to 'None'
[0.146s] Level 5:colcon.colcon_core.verb:set package 'hexapod_sim' build argument 'cmake_target' from command line to 'None'
[0.146s] Level 5:colcon.colcon_core.verb:set package 'hexapod_sim' build argument 'cmake_target_skip_unavailable' from command line to 'False'
[0.146s] Level 5:colcon.colcon_core.verb:set package 'hexapod_sim' build argument 'cmake_clean_cache' from command line to 'False'
[0.146s] Level 5:colcon.colcon_core.verb:set package 'hexapod_sim' build argument 'cmake_clean_first' from command line to 'False'
[0.146s] Level 5:colcon.colcon_core.verb:set package 'hexapod_sim' build argument 'cmake_force_configure' from command line to 'False'
[0.146s] Level 5:colcon.colcon_core.verb:set package 'hexapod_sim' build argument 'ament_cmake_args' from command line to 'None'
[0.146s] Level 5:colcon.colcon_core.verb:set package 'hexapod_sim' build argument 'catkin_cmake_args' from command line to 'None'
[0.146s] Level 5:colcon.colcon_core.verb:set package 'hexapod_sim' build argument 'catkin_skip_building_tests' from command line to 'False'
[0.146s] DEBUG:colcon.colcon_core.verb:Building package 'hexapod_sim' with the following arguments: {'ament_cmake_args': None, 'build_base': '/home/mustafayousif/Code/hexapod_robot_harmonic/build/hexapod_sim', 'catkin_cmake_args': None, 'catkin_skip_building_tests': False, 'cmake_args': None, 'cmake_clean_cache': False, 'cmake_clean_first': False, 'cmake_force_configure': False, 'cmake_target': None, 'cmake_target_skip_unavailable': False, 'install_base': '/home/mustafayousif/Code/hexapod_robot_harmonic/install/hexapod_sim', 'merge_install': False, 'path': '/home/mustafayousif/Code/hexapod_robot_harmonic/src/hexapod_sim', 'symlink_install': False, 'test_result_base': None}
[0.147s] Level 5:colcon.colcon_core.verb:set package 'velocity_pub' build argument 'cmake_args' from command line to 'None'
[0.147s] Level 5:colcon.colcon_core.verb:set package 'velocity_pub' build argument 'cmake_target' from command line to 'None'
[0.147s] Level 5:colcon.colcon_core.verb:set package 'velocity_pub' build argument 'cmake_target_skip_unavailable' from command line to 'False'
[0.147s] Level 5:colcon.colcon_core.verb:set package 'velocity_pub' build argument 'cmake_clean_cache' from command line to 'False'
[0.147s] Level 5:colcon.colcon_core.verb:set package 'velocity_pub' build argument 'cmake_clean_first' from command line to 'False'
[0.147s] Level 5:colcon.colcon_core.verb:set package 'velocity_pub' build argument 'cmake_force_configure' from command line to 'False'
[0.147s] Level 5:colcon.colcon_core.verb:set package 'velocity_pub' build argument 'ament_cmake_args' from command line to 'None'
[0.147s] Level 5:colcon.colcon_core.verb:set package 'velocity_pub' build argument 'catkin_cmake_args' from command line to 'None'
[0.147s] Level 5:colcon.colcon_core.verb:set package 'velocity_pub' build argument 'catkin_skip_building_tests' from command line to 'False'
[0.147s] DEBUG:colcon.colcon_core.verb:Building package 'velocity_pub' with the following arguments: {'ament_cmake_args': None, 'build_base': '/home/mustafayousif/Code/hexapod_robot_harmonic/build/velocity_pub', 'catkin_cmake_args': None, 'catkin_skip_building_tests': False, 'cmake_args': None, 'cmake_clean_cache': False, 'cmake_clean_first': False, 'cmake_force_configure': False, 'cmake_target': None, 'cmake_target_skip_unavailable': False, 'install_base': '/home/mustafayousif/Code/hexapod_robot_harmonic/install/velocity_pub', 'merge_install': False, 'path': '/home/mustafayousif/Code/hexapod_robot_harmonic/src/velocity_pub', 'symlink_install': False, 'test_result_base': None}
[0.147s] INFO:colcon.colcon_core.executor:Executing jobs using 'parallel' executor
[0.148s] DEBUG:colcon.colcon_parallel_executor.executor.parallel:run_until_complete
[0.148s] INFO:colcon.colcon_ros.task.ament_cmake.build:Building ROS package in '/home/mustafayousif/Code/hexapod_robot_harmonic/src/hexapod_description' with build type 'ament_cmake'
[0.148s] INFO:colcon.colcon_cmake.task.cmake.build:Building CMake package in '/home/mustafayousif/Code/hexapod_robot_harmonic/src/hexapod_description'
[0.152s] INFO:colcon.colcon_core.plugin_system:Skipping extension 'colcon_core.shell.bat': Not used on non-Windows systems
[0.152s] DEBUG:colcon.colcon_core.shell:Skip shell extension 'dsv' for command environment
[0.160s] INFO:colcon.colcon_ros.task.ament_cmake.build:Building ROS package in '/home/mustafayousif/Code/hexapod_robot_harmonic/src/hexapod_sim' with build type 'ament_cmake'
[0.160s] INFO:colcon.colcon_cmake.task.cmake.build:Building CMake package in '/home/mustafayousif/Code/hexapod_robot_harmonic/src/hexapod_sim'
[0.160s] DEBUG:colcon.colcon_core.shell:Skip shell extension 'dsv' for command environment
[0.162s] INFO:colcon.colcon_ros.task.ament_cmake.build:Building ROS package in '/home/mustafayousif/Code/hexapod_robot_harmonic/src/velocity_pub' with build type 'ament_cmake'
[0.162s] INFO:colcon.colcon_cmake.task.cmake.build:Building CMake package in '/home/mustafayousif/Code/hexapod_robot_harmonic/src/velocity_pub'
[0.162s] DEBUG:colcon.colcon_core.shell:Skip shell extension 'dsv' for command environment
[0.165s] DEBUG:colcon.colcon_core.event_handler.log_command:Invoking command in '/home/mustafayousif/Code/hexapod_robot_harmonic/build/hexapod_description': CMAKE_PREFIX_PATH=${CMAKE_PREFIX_PATH}:/opt/ros/jazzy /usr/bin/cmake --build /home/mustafayousif/Code/hexapod_robot_harmonic/build/hexapod_description -- -j8 -l8
[0.170s] DEBUG:colcon.colcon_core.event_handler.log_command:Invoking command in '/home/mustafayousif/Code/hexapod_robot_harmonic/build/hexapod_sim': CMAKE_PREFIX_PATH=${CMAKE_PREFIX_PATH}:/opt/ros/jazzy /usr/bin/cmake --build /home/mustafayousif/Code/hexapod_robot_harmonic/build/hexapod_sim -- -j8 -l8
[0.173s] DEBUG:colcon.colcon_core.event_handler.log_command:Invoking command in '/home/mustafayousif/Code/hexapod_robot_harmonic/build/velocity_pub': CMAKE_PREFIX_PATH=${CMAKE_PREFIX_PATH}:/opt/ros/jazzy /usr/bin/cmake --build /home/mustafayousif/Code/hexapod_robot_harmonic/build/velocity_pub -- -j8 -l8
[0.221s] DEBUG:colcon.colcon_core.event_handler.log_command:Invoked command in '/home/mustafayousif/Code/hexapod_robot_harmonic/build/hexapod_sim' returned '0': CMAKE_PREFIX_PATH=${CMAKE_PREFIX_PATH}:/opt/ros/jazzy /usr/bin/cmake --build /home/mustafayousif/Code/hexapod_robot_harmonic/build/hexapod_sim -- -j8 -l8
[0.227s] DEBUG:colcon.colcon_core.event_handler.log_command:Invoking command in '/home/mustafayousif/Code/hexapod_robot_harmonic/build/hexapod_sim': CMAKE_PREFIX_PATH=${CMAKE_PREFIX_PATH}:/opt/ros/jazzy /usr/bin/cmake --install /home/mustafayousif/Code/hexapod_robot_harmonic/build/hexapod_sim
[0.235s] Level 1:colcon.colcon_core.environment:create_environment_scripts_only(hexapod_sim)
[0.236s] DEBUG:colcon.colcon_core.event_handler.log_command:Invoked command in '/home/mustafayousif/Code/hexapod_robot_harmonic/build/hexapod_sim' returned '0': CMAKE_PREFIX_PATH=${CMAKE_PREFIX_PATH}:/opt/ros/jazzy /usr/bin/cmake --install /home/mustafayousif/Code/hexapod_robot_harmonic/build/hexapod_sim
[0.241s] Level 1:colcon.colcon_core.environment:checking '/home/mustafayousif/Code/hexapod_robot_harmonic/install/hexapod_sim' for CMake module files
[0.242s] Level 1:colcon.colcon_core.environment:checking '/home/mustafayousif/Code/hexapod_robot_harmonic/install/hexapod_sim' for CMake config files
[0.242s] Level 1:colcon.colcon_core.shell:create_environment_hook('hexapod_sim', 'cmake_prefix_path')
[0.243s] INFO:colcon.colcon_core.shell:Creating environment descriptor '/home/mustafayousif/Code/hexapod_robot_harmonic/install/hexapod_sim/share/hexapod_sim/hook/cmake_prefix_path.dsv'
[0.243s] INFO:colcon.colcon_core.shell:Creating environment hook '/home/mustafayousif/Code/hexapod_robot_harmonic/install/hexapod_sim/share/hexapod_sim/hook/cmake_prefix_path.sh'
[0.244s] Level 1:colcon.colcon_core.environment:checking '/home/mustafayousif/Code/hexapod_robot_harmonic/install/hexapod_sim/bin'
[0.245s] Level 1:colcon.colcon_core.environment:checking '/home/mustafayousif/Code/hexapod_robot_harmonic/install/hexapod_sim/lib/pkgconfig/hexapod_sim.pc'
[0.247s] Level 1:colcon.colcon_core.environment:checking '/home/mustafayousif/Code/hexapod_robot_harmonic/install/hexapod_sim/lib/python3.12/site-packages'
[0.247s] Level 1:colcon.colcon_core.environment:checking '/home/mustafayousif/Code/hexapod_robot_harmonic/install/hexapod_sim/bin'
[0.247s] INFO:colcon.colcon_core.shell:Creating package descriptor '/home/mustafayousif/Code/hexapod_robot_harmonic/install/hexapod_sim/share/hexapod_sim/package.dsv'
[0.248s] INFO:colcon.colcon_core.shell:Creating package script '/home/mustafayousif/Code/hexapod_robot_harmonic/install/hexapod_sim/share/hexapod_sim/package.sh'
[0.249s] INFO:colcon.colcon_core.shell:Creating package script '/home/mustafayousif/Code/hexapod_robot_harmonic/install/hexapod_sim/share/hexapod_sim/package.bash'
[0.250s] INFO:colcon.colcon_core.shell:Creating package script '/home/mustafayousif/Code/hexapod_robot_harmonic/install/hexapod_sim/share/hexapod_sim/package.zsh'
[0.252s] Level 1:colcon.colcon_core.environment:create_file_with_runtime_dependencies(/home/mustafayousif/Code/hexapod_robot_harmonic/install/hexapod_sim/share/colcon-core/packages/hexapod_sim)
[0.253s] Level 1:colcon.colcon_core.environment:create_environment_scripts_only(hexapod_sim)
[0.253s] Level 1:colcon.colcon_core.environment:checking '/home/mustafayousif/Code/hexapod_robot_harmonic/install/hexapod_sim' for CMake module files
[0.254s] Level 1:colcon.colcon_core.environment:checking '/home/mustafayousif/Code/hexapod_robot_harmonic/install/hexapod_sim' for CMake config files
[0.254s] Level 1:colcon.colcon_core.shell:create_environment_hook('hexapod_sim', 'cmake_prefix_path')
[0.254s] INFO:colcon.colcon_core.shell:Creating environment descriptor '/home/mustafayousif/Code/hexapod_robot_harmonic/install/hexapod_sim/share/hexapod_sim/hook/cmake_prefix_path.dsv'
[0.255s] INFO:colcon.colcon_core.shell:Creating environment hook '/home/mustafayousif/Code/hexapod_robot_harmonic/install/hexapod_sim/share/hexapod_sim/hook/cmake_prefix_path.sh'
[0.256s] Level 1:colcon.colcon_core.environment:checking '/home/mustafayousif/Code/hexapod_robot_harmonic/install/hexapod_sim/bin'
[0.256s] Level 1:colcon.colcon_core.environment:checking '/home/mustafayousif/Code/hexapod_robot_harmonic/install/hexapod_sim/lib/pkgconfig/hexapod_sim.pc'
[0.256s] Level 1:colcon.colcon_core.environment:checking '/home/mustafayousif/Code/hexapod_robot_harmonic/install/hexapod_sim/lib/python3.12/site-packages'
[0.256s] Level 1:colcon.colcon_core.environment:checking '/home/mustafayousif/Code/hexapod_robot_harmonic/install/hexapod_sim/bin'
[0.256s] INFO:colcon.colcon_core.shell:Creating package descriptor '/home/mustafayousif/Code/hexapod_robot_harmonic/install/hexapod_sim/share/hexapod_sim/package.dsv'
[0.257s] INFO:colcon.colcon_core.shell:Creating package script '/home/mustafayousif/Code/hexapod_robot_harmonic/install/hexapod_sim/share/hexapod_sim/package.sh'
[0.257s] INFO:colcon.colcon_core.shell:Creating package script '/home/mustafayousif/Code/hexapod_robot_harmonic/install/hexapod_sim/share/hexapod_sim/package.bash'
[0.258s] INFO:colcon.colcon_core.shell:Creating package script '/home/mustafayousif/Code/hexapod_robot_harmonic/install/hexapod_sim/share/hexapod_sim/package.zsh'
[0.258s] Level 1:colcon.colcon_core.environment:create_file_with_runtime_dependencies(/home/mustafayousif/Code/hexapod_robot_harmonic/install/hexapod_sim/share/colcon-core/packages/hexapod_sim)
[0.260s] DEBUG:colcon.colcon_core.event_handler.log_command:Invoked command in '/home/mustafayousif/Code/hexapod_robot_harmonic/build/hexapod_description' returned '0': CMAKE_PREFIX_PATH=${CMAKE_PREFIX_PATH}:/opt/ros/jazzy /usr/bin/cmake --build /home/mustafayousif/Code/hexapod_robot_harmonic/build/hexapod_description -- -j8 -l8
[0.262s] DEBUG:colcon.colcon_core.event_handler.log_command:Invoking command in '/home/mustafayousif/Code/hexapod_robot_harmonic/build/hexapod_description': CMAKE_PREFIX_PATH=${CMAKE_PREFIX_PATH}:/opt/ros/jazzy /usr/bin/cmake --install /home/mustafayousif/Code/hexapod_robot_harmonic/build/hexapod_description
[0.263s] DEBUG:colcon.colcon_core.event_handler.log_command:Invoked command in '/home/mustafayousif/Code/hexapod_robot_harmonic/build/velocity_pub' returned '0': CMAKE_PREFIX_PATH=${CMAKE_PREFIX_PATH}:/opt/ros/jazzy /usr/bin/cmake --build /home/mustafayousif/Code/hexapod_robot_harmonic/build/velocity_pub -- -j8 -l8
[0.265s] DEBUG:colcon.colcon_core.event_handler.log_command:Invoking command in '/home/mustafayousif/Code/hexapod_robot_harmonic/build/velocity_pub': CMAKE_PREFIX_PATH=${CMAKE_PREFIX_PATH}:/opt/ros/jazzy /usr/bin/cmake --install /home/mustafayousif/Code/hexapod_robot_harmonic/build/velocity_pub
[0.280s] Level 1:colcon.colcon_core.environment:create_environment_scripts_only(velocity_pub)
[0.281s] Level 1:colcon.colcon_core.environment:checking '/home/mustafayousif/Code/hexapod_robot_harmonic/install/velocity_pub' for CMake module files
[0.281s] DEBUG:colcon.colcon_core.event_handler.log_command:Invoked command in '/home/mustafayousif/Code/hexapod_robot_harmonic/build/velocity_pub' returned '0': CMAKE_PREFIX_PATH=${CMAKE_PREFIX_PATH}:/opt/ros/jazzy /usr/bin/cmake --install /home/mustafayousif/Code/hexapod_robot_harmonic/build/velocity_pub
[0.282s] Level 1:colcon.colcon_core.environment:checking '/home/mustafayousif/Code/hexapod_robot_harmonic/install/velocity_pub' for CMake config files
[0.282s] Level 1:colcon.colcon_core.shell:create_environment_hook('velocity_pub', 'cmake_prefix_path')
[0.283s] INFO:colcon.colcon_core.shell:Creating environment descriptor '/home/mustafayousif/Code/hexapod_robot_harmonic/install/velocity_pub/share/velocity_pub/hook/cmake_prefix_path.dsv'
[0.283s] INFO:colcon.colcon_core.shell:Creating environment hook '/home/mustafayousif/Code/hexapod_robot_harmonic/install/velocity_pub/share/velocity_pub/hook/cmake_prefix_path.sh'
[0.284s] Level 1:colcon.colcon_core.environment:checking '/home/mustafayousif/Code/hexapod_robot_harmonic/install/velocity_pub/lib'
[0.284s] Level 1:colcon.colcon_core.environment:checking '/home/mustafayousif/Code/hexapod_robot_harmonic/install/velocity_pub/bin'
[0.284s] Level 1:colcon.colcon_core.environment:checking '/home/mustafayousif/Code/hexapod_robot_harmonic/install/velocity_pub/lib/pkgconfig/velocity_pub.pc'
[0.285s] Level 1:colcon.colcon_core.environment:checking '/home/mustafayousif/Code/hexapod_robot_harmonic/install/velocity_pub/lib/python3.12/site-packages'
[0.285s] Level 1:colcon.colcon_core.environment:checking '/home/mustafayousif/Code/hexapod_robot_harmonic/install/velocity_pub/bin'
[0.285s] INFO:colcon.colcon_core.shell:Creating package descriptor '/home/mustafayousif/Code/hexapod_robot_harmonic/install/velocity_pub/share/velocity_pub/package.dsv'
[0.285s] INFO:colcon.colcon_core.shell:Creating package script '/home/mustafayousif/Code/hexapod_robot_harmonic/install/velocity_pub/share/velocity_pub/package.sh'
[0.286s] INFO:colcon.colcon_core.shell:Creating package script '/home/mustafayousif/Code/hexapod_robot_harmonic/install/velocity_pub/share/velocity_pub/package.bash'
[0.286s] INFO:colcon.colcon_core.shell:Creating package script '/home/mustafayousif/Code/hexapod_robot_harmonic/install/velocity_pub/share/velocity_pub/package.zsh'
[0.286s] Level 1:colcon.colcon_core.environment:create_file_with_runtime_dependencies(/home/mustafayousif/Code/hexapod_robot_harmonic/install/velocity_pub/share/colcon-core/packages/velocity_pub)
[0.287s] Level 1:colcon.colcon_core.environment:create_environment_scripts_only(velocity_pub)
[0.287s] Level 1:colcon.colcon_core.environment:checking '/home/mustafayousif/Code/hexapod_robot_harmonic/install/velocity_pub' for CMake module files
[0.288s] Level 1:colcon.colcon_core.environment:checking '/home/mustafayousif/Code/hexapod_robot_harmonic/install/velocity_pub' for CMake config files
[0.288s] Level 1:colcon.colcon_core.shell:create_environment_hook('velocity_pub', 'cmake_prefix_path')
[0.288s] INFO:colcon.colcon_core.shell:Creating environment descriptor '/home/mustafayousif/Code/hexapod_robot_harmonic/install/velocity_pub/share/velocity_pub/hook/cmake_prefix_path.dsv'
[0.288s] INFO:colcon.colcon_core.shell:Creating environment hook '/home/mustafayousif/Code/hexapod_robot_harmonic/install/velocity_pub/share/velocity_pub/hook/cmake_prefix_path.sh'
[0.289s] Level 1:colcon.colcon_core.environment:checking '/home/mustafayousif/Code/hexapod_robot_harmonic/install/velocity_pub/lib'
[0.289s] Level 1:colcon.colcon_core.environment:checking '/home/mustafayousif/Code/hexapod_robot_harmonic/install/velocity_pub/bin'
[0.289s] Level 1:colcon.colcon_core.environment:checking '/home/mustafayousif/Code/hexapod_robot_harmonic/install/velocity_pub/lib/pkgconfig/velocity_pub.pc'
[0.289s] Level 1:colcon.colcon_core.environment:checking '/home/mustafayousif/Code/hexapod_robot_harmonic/install/velocity_pub/lib/python3.12/site-packages'
[0.290s] Level 1:colcon.colcon_core.environment:checking '/home/mustafayousif/Code/hexapod_robot_harmonic/install/velocity_pub/bin'
[0.290s] INFO:colcon.colcon_core.shell:Creating package descriptor '/home/mustafayousif/Code/hexapod_robot_harmonic/install/velocity_pub/share/velocity_pub/package.dsv'
[0.290s] INFO:colcon.colcon_core.shell:Creating package script '/home/mustafayousif/Code/hexapod_robot_harmonic/install/velocity_pub/share/velocity_pub/package.sh'
[0.291s] INFO:colcon.colcon_core.shell:Creating package script '/home/mustafayousif/Code/hexapod_robot_harmonic/install/velocity_pub/share/velocity_pub/package.bash'
[0.291s] INFO:colcon.colcon_core.shell:Creating package script '/home/mustafayousif/Code/hexapod_robot_harmonic/install/velocity_pub/share/velocity_pub/package.zsh'
[0.291s] Level 1:colcon.colcon_core.environment:create_file_with_runtime_dependencies(/home/mustafayousif/Code/hexapod_robot_harmonic/install/velocity_pub/share/colcon-core/packages/velocity_pub)
[0.292s] Level 1:colcon.colcon_core.environment:create_environment_scripts_only(hexapod_description)
[0.292s] Level 1:colcon.colcon_core.environment:checking '/home/mustafayousif/Code/hexapod_robot_harmonic/install/hexapod_description' for CMake module files
[0.293s] DEBUG:colcon.colcon_core.event_handler.log_command:Invoked command in '/home/mustafayousif/Code/hexapod_robot_harmonic/build/hexapod_description' returned '0': CMAKE_PREFIX_PATH=${CMAKE_PREFIX_PATH}:/opt/ros/jazzy /usr/bin/cmake --install /home/mustafayousif/Code/hexapod_robot_harmonic/build/hexapod_description
[0.293s] Level 1:colcon.colcon_core.environment:checking '/home/mustafayousif/Code/hexapod_robot_harmonic/install/hexapod_description' for CMake config files
[0.294s] Level 1:colcon.colcon_core.shell:create_environment_hook('hexapod_description', 'cmake_prefix_path')
[0.295s] INFO:colcon.colcon_core.shell:Creating environment descriptor '/home/mustafayousif/Code/hexapod_robot_harmonic/install/hexapod_description/share/hexapod_description/hook/cmake_prefix_path.dsv'
[0.295s] INFO:colcon.colcon_core.shell:Creating environment hook '/home/mustafayousif/Code/hexapod_robot_harmonic/install/hexapod_description/share/hexapod_description/hook/cmake_prefix_path.sh'
[0.296s] Level 1:colcon.colcon_core.environment:checking '/home/mustafayousif/Code/hexapod_robot_harmonic/install/hexapod_description/bin'
[0.296s] Level 1:colcon.colcon_core.environment:checking '/home/mustafayousif/Code/hexapod_robot_harmonic/install/hexapod_description/lib/pkgconfig/hexapod_description.pc'
[0.296s] Level 1:colcon.colcon_core.environment:checking '/home/mustafayousif/Code/hexapod_robot_harmonic/install/hexapod_description/lib/python3.12/site-packages'
[0.296s] Level 1:colcon.colcon_core.environment:checking '/home/mustafayousif/Code/hexapod_robot_harmonic/install/hexapod_description/bin'
[0.297s] INFO:colcon.colcon_core.shell:Creating package descriptor '/home/mustafayousif/Code/hexapod_robot_harmonic/install/hexapod_description/share/hexapod_description/package.dsv'
[0.297s] INFO:colcon.colcon_core.shell:Creating package script '/home/mustafayousif/Code/hexapod_robot_harmonic/install/hexapod_description/share/hexapod_description/package.sh'
[0.297s] INFO:colcon.colcon_core.shell:Creating package script '/home/mustafayousif/Code/hexapod_robot_harmonic/install/hexapod_description/share/hexapod_description/package.bash'
[0.298s] INFO:colcon.colcon_core.shell:Creating package script '/home/mustafayousif/Code/hexapod_robot_harmonic/install/hexapod_description/share/hexapod_description/package.zsh'
[0.298s] Level 1:colcon.colcon_core.environment:create_file_with_runtime_dependencies(/home/mustafayousif/Code/hexapod_robot_harmonic/install/hexapod_description/share/colcon-core/packages/hexapod_description)
[0.298s] Level 1:colcon.colcon_core.environment:create_environment_scripts_only(hexapod_description)
[0.299s] Level 1:colcon.colcon_core.environment:checking '/home/mustafayousif/Code/hexapod_robot_harmonic/install/hexapod_description' for CMake module files
[0.299s] Level 1:colcon.colcon_core.environment:checking '/home/mustafayousif/Code/hexapod_robot_harmonic/install/hexapod_description' for CMake config files
[0.300s] Level 1:colcon.colcon_core.shell:create_environment_hook('hexapod_description', 'cmake_prefix_path')
[0.300s] INFO:colcon.colcon_core.shell:Creating environment descriptor '/home/mustafayousif/Code/hexapod_robot_harmonic/install/hexapod_description/share/hexapod_description/hook/cmake_prefix_path.dsv'
[0.300s] INFO:colcon.colcon_core.shell:Creating environment hook '/home/mustafayousif/Code/hexapod_robot_harmonic/install/hexapod_description/share/hexapod_description/hook/cmake_prefix_path.sh'
[0.301s] Level 1:colcon.colcon_core.environment:checking '/home/mustafayousif/Code/hexapod_robot_harmonic/install/hexapod_description/bin'
[0.301s] Level 1:colcon.colcon_core.environment:checking '/home/mustafayousif/Code/hexapod_robot_harmonic/install/hexapod_description/lib/pkgconfig/hexapod_description.pc'
[0.301s] Level 1:colcon.colcon_core.environment:checking '/home/mustafayousif/Code/hexapod_robot_harmonic/install/hexapod_description/lib/python3.12/site-packages'
[0.301s] Level 1:colcon.colcon_core.environment:checking '/home/mustafayousif/Code/hexapod_robot_harmonic/install/hexapod_description/bin'
[0.302s] INFO:colcon.colcon_core.shell:Creating package descriptor '/home/mustafayousif/Code/hexapod_robot_harmonic/install/hexapod_description/share/hexapod_description/package.dsv'
[0.302s] INFO:colcon.colcon_core.shell:Creating package script '/home/mustafayousif/Code/hexapod_robot_harmonic/install/hexapod_description/share/hexapod_description/package.sh'
[0.302s] INFO:colcon.colcon_core.shell:Creating package script '/home/mustafayousif/Code/hexapod_robot_harmonic/install/hexapod_description/share/hexapod_description/package.bash'
[0.303s] INFO:colcon.colcon_core.shell:Creating package script '/home/mustafayousif/Code/hexapod_robot_harmonic/install/hexapod_description/share/hexapod_description/package.zsh'
[0.303s] Level 1:colcon.colcon_core.environment:create_file_with_runtime_dependencies(/home/mustafayousif/Code/hexapod_robot_harmonic/install/hexapod_description/share/colcon-core/packages/hexapod_description)
[0.303s] DEBUG:colcon.colcon_parallel_executor.executor.parallel:closing loop
[0.304s] DEBUG:colcon.colcon_parallel_executor.executor.parallel:loop closed
[0.304s] DEBUG:colcon.colcon_parallel_executor.executor.parallel:run_until_complete finished with '0'
[0.304s] DEBUG:colcon.colcon_core.event_reactor:joining thread
[0.315s] INFO:colcon.colcon_core.plugin_system:Skipping extension 'colcon_notification.desktop_notification.terminal_notifier': Not used on non-Darwin systems
[0.315s] INFO:colcon.colcon_core.plugin_system:Skipping extension 'colcon_notification.desktop_notification.win32': Not used on non-Windows systems
[0.315s] INFO:colcon.colcon_notification.desktop_notification:Sending desktop notification using 'notify2'
[0.331s] DEBUG:colcon.colcon_core.event_reactor:joined thread
[0.331s] INFO:colcon.colcon_core.shell:Creating prefix script '/home/mustafayousif/Code/hexapod_robot_harmonic/install/local_setup.sh'
[0.333s] INFO:colcon.colcon_core.shell:Creating prefix util module '/home/mustafayousif/Code/hexapod_robot_harmonic/install/_local_setup_util_sh.py'
[0.334s] INFO:colcon.colcon_core.shell:Creating prefix chain script '/home/mustafayousif/Code/hexapod_robot_harmonic/install/setup.sh'
[0.336s] INFO:colcon.colcon_core.shell:Creating prefix script '/home/mustafayousif/Code/hexapod_robot_harmonic/install/local_setup.bash'
[0.336s] INFO:colcon.colcon_core.shell:Creating prefix chain script '/home/mustafayousif/Code/hexapod_robot_harmonic/install/setup.bash'
[0.337s] INFO:colcon.colcon_core.shell:Creating prefix script '/home/mustafayousif/Code/hexapod_robot_harmonic/install/local_setup.zsh'
[0.338s] INFO:colcon.colcon_core.shell:Creating prefix chain script '/home/mustafayousif/Code/hexapod_robot_harmonic/install/setup.zsh'
