[0.010s] Invoking command in '/home/mustafayousif/Code/hexapod_robot_harmonic/build/hexapod_description': CMAKE_PREFIX_PATH=${CMAKE_PREFIX_PATH}:/opt/ros/jazzy /usr/bin/cmake /home/mustafayousif/Code/hexapod_robot_harmonic/src/hexapod_description -DCMAKE_INSTALL_PREFIX=/home/mustafayousif/Code/hexapod_robot_harmonic/install/hexapod_description
[0.082s] -- The C compiler identification is GNU 13.3.0
[0.150s] -- The CXX compiler identification is GNU 13.3.0
[0.165s] -- Detecting C compiler ABI info
[0.216s] -- Detecting C compiler ABI info - done
[0.223s] -- Check for working C compiler: /usr/bin/cc - skipped
[0.224s] -- Detecting C compile features
[0.224s] -- Detecting C compile features - done
[0.230s] -- Detecting CXX compiler ABI info
[0.284s] -- Detecting CXX compiler ABI info - done
[0.291s] -- Check for working CXX compiler: /usr/bin/c++ - skipped
[0.291s] -- Detecting CXX compile features
[0.292s] -- Detecting CXX compile features - done
[0.298s] -- Found ament_cmake: 2.5.3 (/opt/ros/jazzy/share/ament_cmake/cmake)
[0.452s] -- Found Python3: /usr/bin/python3 (found version "3.12.3") found components: Interpreter 
[0.534s] -- Found xacro: 2.0.11 (/opt/ros/jazzy/share/xacro/cmake)
[0.536s] -- Found robot_state_publisher: 3.3.3 (/opt/ros/jazzy/share/robot_state_publisher/cmake)
[0.576s] -- Found rosidl_generator_c: 4.6.5 (/opt/ros/jazzy/share/rosidl_generator_c/cmake)
[0.590s] -- Found rosidl_generator_cpp: 4.6.5 (/opt/ros/jazzy/share/rosidl_generator_cpp/cmake)
[0.606s] -- Using all available rosidl_typesupport_c: rosidl_typesupport_fastrtps_c;rosidl_typesupport_introspection_c
[0.623s] -- Using all available rosidl_typesupport_cpp: rosidl_typesupport_fastrtps_cpp;rosidl_typesupport_introspection_cpp
[0.696s] -- Found rmw_implementation_cmake: 7.3.1 (/opt/ros/jazzy/share/rmw_implementation_cmake/cmake)
[0.698s] -- Found rmw_fastrtps_cpp: 8.4.1 (/opt/ros/jazzy/share/rmw_fastrtps_cpp/cmake)
[0.759s] -- Found OpenSSL: /usr/lib/aarch64-linux-gnu/libcrypto.so (found version "3.0.13")  
[0.773s] -- Found FastRTPS: /opt/ros/jazzy/include (Required is at least version "2.13") 
[0.789s] -- Using RMW implementation 'rmw_fastrtps_cpp' as default
[1.018s] -- Found ament_lint_auto: 0.17.1 (/opt/ros/jazzy/share/ament_lint_auto/cmake)
[1.081s] -- Added test 'copyright' to check source files copyright and LICENSE
[1.084s] -- Added test 'lint_cmake' to check CMake code style
[1.086s] -- Added test 'xmllint' to check XML markup files
[1.087s] -- Configuring done (1.1s)
[1.090s] -- Generating done (0.0s)
[1.091s] -- Build files have been written to: /home/mustafayousif/Code/hexapod_robot_harmonic/build/hexapod_description
[1.096s] Invoked command in '/home/mustafayousif/Code/hexapod_robot_harmonic/build/hexapod_description' returned '0': CMAKE_PREFIX_PATH=${CMAKE_PREFIX_PATH}:/opt/ros/jazzy /usr/bin/cmake /home/mustafayousif/Code/hexapod_robot_harmonic/src/hexapod_description -DCMAKE_INSTALL_PREFIX=/home/mustafayousif/Code/hexapod_robot_harmonic/install/hexapod_description
[1.097s] Invoking command in '/home/mustafayousif/Code/hexapod_robot_harmonic/build/hexapod_description': CMAKE_PREFIX_PATH=${CMAKE_PREFIX_PATH}:/opt/ros/jazzy /usr/bin/cmake --build /home/mustafayousif/Code/hexapod_robot_harmonic/build/hexapod_description -- -j8 -l8
[1.124s] Invoked command in '/home/mustafayousif/Code/hexapod_robot_harmonic/build/hexapod_description' returned '0': CMAKE_PREFIX_PATH=${CMAKE_PREFIX_PATH}:/opt/ros/jazzy /usr/bin/cmake --build /home/mustafayousif/Code/hexapod_robot_harmonic/build/hexapod_description -- -j8 -l8
[1.125s] Invoking command in '/home/mustafayousif/Code/hexapod_robot_harmonic/build/hexapod_description': CMAKE_PREFIX_PATH=${CMAKE_PREFIX_PATH}:/opt/ros/jazzy /usr/bin/cmake --install /home/mustafayousif/Code/hexapod_robot_harmonic/build/hexapod_description
[1.134s] -- Install configuration: ""
[1.134s] -- Installing: /home/mustafayousif/Code/hexapod_robot_harmonic/install/hexapod_description/share/hexapod_description/robots
[1.135s] -- Installing: /home/mustafayousif/Code/hexapod_robot_harmonic/install/hexapod_description/share/hexapod_description/robots/hexapod.urdf.xacro
[1.135s] -- Installing: /home/mustafayousif/Code/hexapod_robot_harmonic/install/hexapod_description/share/hexapod_description/robots/old.xacro
[1.135s] -- Installing: /home/mustafayousif/Code/hexapod_robot_harmonic/install/hexapod_description/share/hexapod_description/robots/parts
[1.135s] -- Installing: /home/mustafayousif/Code/hexapod_robot_harmonic/install/hexapod_description/share/hexapod_description/robots/parts/camera
[1.135s] -- Installing: /home/mustafayousif/Code/hexapod_robot_harmonic/install/hexapod_description/share/hexapod_description/robots/parts/camera/camera.urdf.xacro
[1.135s] -- Installing: /home/mustafayousif/Code/hexapod_robot_harmonic/install/hexapod_description/share/hexapod_description/robots/parts/base
[1.135s] -- Installing: /home/mustafayousif/Code/hexapod_robot_harmonic/install/hexapod_description/share/hexapod_description/robots/parts/base/base.urdf.xacro
[1.136s] -- Installing: /home/mustafayousif/Code/hexapod_robot_harmonic/install/hexapod_description/share/hexapod_description/robots/parts/arm
[1.136s] -- Installing: /home/mustafayousif/Code/hexapod_robot_harmonic/install/hexapod_description/share/hexapod_description/robots/parts/arm/arm.urdf.xacro
[1.136s] -- Installing: /home/mustafayousif/Code/hexapod_robot_harmonic/install/hexapod_description/share/hexapod_description/robots/parts/leg
[1.136s] -- Installing: /home/mustafayousif/Code/hexapod_robot_harmonic/install/hexapod_description/share/hexapod_description/robots/parts/leg/leg.urdf.xacro
[1.136s] -- Installing: /home/mustafayousif/Code/hexapod_robot_harmonic/install/hexapod_description/share/hexapod_description/gazebo
[1.136s] -- Installing: /home/mustafayousif/Code/hexapod_robot_harmonic/install/hexapod_description/share/hexapod_description/gazebo/hexapod.gazebo.xacro
[1.136s] -- Installing: /home/mustafayousif/Code/hexapod_robot_harmonic/install/hexapod_description/share/hexapod_description/ros2_control
[1.136s] -- Installing: /home/mustafayousif/Code/hexapod_robot_harmonic/install/hexapod_description/share/hexapod_description/ros2_control/hexapod.ros2_control.xacro
[1.136s] -- Installing: /home/mustafayousif/Code/hexapod_robot_harmonic/install/hexapod_description/share/hexapod_description/config
[1.136s] -- Installing: /home/mustafayousif/Code/hexapod_robot_harmonic/install/hexapod_description/share/hexapod_description/config/hexapod_sim.yaml
[1.136s] -- Installing: /home/mustafayousif/Code/hexapod_robot_harmonic/install/hexapod_description/share/hexapod_description/config/hexapod_config.rviz
[1.136s] -- Installing: /home/mustafayousif/Code/hexapod_robot_harmonic/install/hexapod_description/share/hexapod_description/meshes
[1.136s] -- Installing: /home/mustafayousif/Code/hexapod_robot_harmonic/install/hexapod_description/share/hexapod_description/meshes/base
[1.136s] -- Installing: /home/mustafayousif/Code/hexapod_robot_harmonic/install/hexapod_description/share/hexapod_description/meshes/base/base_link.stl
[1.137s] -- Installing: /home/mustafayousif/Code/hexapod_robot_harmonic/install/hexapod_description/share/hexapod_description/meshes/sensors
[1.137s] -- Installing: /home/mustafayousif/Code/hexapod_robot_harmonic/install/hexapod_description/share/hexapod_description/meshes/sensors/gps
[1.137s] -- Installing: /home/mustafayousif/Code/hexapod_robot_harmonic/install/hexapod_description/share/hexapod_description/meshes/sensors/gps/gps.stl
[1.138s] -- Installing: /home/mustafayousif/Code/hexapod_robot_harmonic/install/hexapod_description/share/hexapod_description/meshes/sensors/rear_lrf
[1.138s] -- Installing: /home/mustafayousif/Code/hexapod_robot_harmonic/install/hexapod_description/share/hexapod_description/meshes/sensors/rear_lrf/rear_lrf.stl
[1.139s] -- Installing: /home/mustafayousif/Code/hexapod_robot_harmonic/install/hexapod_description/share/hexapod_description/meshes/sensors/camera
[1.139s] -- Installing: /home/mustafayousif/Code/hexapod_robot_harmonic/install/hexapod_description/share/hexapod_description/meshes/sensors/camera/camera.stl
[1.139s] -- Installing: /home/mustafayousif/Code/hexapod_robot_harmonic/install/hexapod_description/share/hexapod_description/meshes/sensors/front_lrf
[1.139s] -- Installing: /home/mustafayousif/Code/hexapod_robot_harmonic/install/hexapod_description/share/hexapod_description/meshes/sensors/front_lrf/front_lrf.stl
[1.143s] -- Installing: /home/mustafayousif/Code/hexapod_robot_harmonic/install/hexapod_description/share/hexapod_description/meshes/sensors/gim30
[1.143s] -- Installing: /home/mustafayousif/Code/hexapod_robot_harmonic/install/hexapod_description/share/hexapod_description/meshes/sensors/gim30/gim30.stl
[1.148s] -- Installing: /home/mustafayousif/Code/hexapod_robot_harmonic/install/hexapod_description/share/hexapod_description/meshes/arm
[1.148s] -- Installing: /home/mustafayousif/Code/hexapod_robot_harmonic/install/hexapod_description/share/hexapod_description/meshes/arm/abductor.stl
[1.148s] -- Installing: /home/mustafayousif/Code/hexapod_robot_harmonic/install/hexapod_description/share/hexapod_description/meshes/arm/base.stl
[1.148s] -- Installing: /home/mustafayousif/Code/hexapod_robot_harmonic/install/hexapod_description/share/hexapod_description/meshes/arm/rotator.stl
[1.149s] -- Installing: /home/mustafayousif/Code/hexapod_robot_harmonic/install/hexapod_description/share/hexapod_description/meshes/arm/retractor.stl
[1.149s] -- Installing: /home/mustafayousif/Code/hexapod_robot_harmonic/install/hexapod_description/share/hexapod_description/meshes/leg
[1.149s] -- Installing: /home/mustafayousif/Code/hexapod_robot_harmonic/install/hexapod_description/share/hexapod_description/meshes/leg/tibia_right_top.stl
[1.150s] -- Installing: /home/mustafayousif/Code/hexapod_robot_harmonic/install/hexapod_description/share/hexapod_description/meshes/leg/femur_right_bottom.stl
[1.150s] -- Installing: /home/mustafayousif/Code/hexapod_robot_harmonic/install/hexapod_description/share/hexapod_description/meshes/leg/tibia_right_mid.stl
[1.150s] -- Installing: /home/mustafayousif/Code/hexapod_robot_harmonic/install/hexapod_description/share/hexapod_description/meshes/leg/tibia_left_bottom.stl
[1.151s] -- Installing: /home/mustafayousif/Code/hexapod_robot_harmonic/install/hexapod_description/share/hexapod_description/meshes/leg/femur_right_top.stl
[1.151s] -- Installing: /home/mustafayousif/Code/hexapod_robot_harmonic/install/hexapod_description/share/hexapod_description/meshes/leg/tibia_left_top.stl
[1.151s] -- Installing: /home/mustafayousif/Code/hexapod_robot_harmonic/install/hexapod_description/share/hexapod_description/meshes/leg/cox_right_bottom.stl
[1.151s] -- Installing: /home/mustafayousif/Code/hexapod_robot_harmonic/install/hexapod_description/share/hexapod_description/meshes/leg/femur_left_top.stl
[1.151s] -- Installing: /home/mustafayousif/Code/hexapod_robot_harmonic/install/hexapod_description/share/hexapod_description/meshes/leg/tibia_left_mid.stl
[1.152s] -- Installing: /home/mustafayousif/Code/hexapod_robot_harmonic/install/hexapod_description/share/hexapod_description/meshes/leg/femur_left_mid.stl
[1.152s] -- Installing: /home/mustafayousif/Code/hexapod_robot_harmonic/install/hexapod_description/share/hexapod_description/meshes/leg/cox_left_top.stl
[1.152s] -- Installing: /home/mustafayousif/Code/hexapod_robot_harmonic/install/hexapod_description/share/hexapod_description/meshes/leg/tibia_right_bottom.stl
[1.152s] -- Installing: /home/mustafayousif/Code/hexapod_robot_harmonic/install/hexapod_description/share/hexapod_description/meshes/leg/cox_right_mid.stl
[1.152s] -- Installing: /home/mustafayousif/Code/hexapod_robot_harmonic/install/hexapod_description/share/hexapod_description/meshes/leg/cox_left_mid.stl
[1.152s] -- Installing: /home/mustafayousif/Code/hexapod_robot_harmonic/install/hexapod_description/share/hexapod_description/meshes/leg/femur_left_bottom.stl
[1.152s] -- Installing: /home/mustafayousif/Code/hexapod_robot_harmonic/install/hexapod_description/share/hexapod_description/meshes/leg/cox_right_top.stl
[1.152s] -- Installing: /home/mustafayousif/Code/hexapod_robot_harmonic/install/hexapod_description/share/hexapod_description/meshes/leg/femur_right_mid.stl
[1.153s] -- Installing: /home/mustafayousif/Code/hexapod_robot_harmonic/install/hexapod_description/share/hexapod_description/meshes/leg/cox_left_bottom.stl
[1.153s] -- Installing: /home/mustafayousif/Code/hexapod_robot_harmonic/install/hexapod_description/share/hexapod_description/materials
[1.153s] -- Installing: /home/mustafayousif/Code/hexapod_robot_harmonic/install/hexapod_description/share/hexapod_description/materials/hexapod.materials.xacro
[1.153s] -- Installing: /home/mustafayousif/Code/hexapod_robot_harmonic/install/hexapod_description/share/hexapod_description/transmission
[1.153s] -- Installing: /home/mustafayousif/Code/hexapod_robot_harmonic/install/hexapod_description/share/hexapod_description/transmission/hexapod.trans.xacro
[1.153s] -- Installing: /home/mustafayousif/Code/hexapod_robot_harmonic/install/hexapod_description/share/ament_index/resource_index/package_run_dependencies/hexapod_description
[1.153s] -- Installing: /home/mustafayousif/Code/hexapod_robot_harmonic/install/hexapod_description/share/ament_index/resource_index/parent_prefix_path/hexapod_description
[1.153s] -- Installing: /home/mustafayousif/Code/hexapod_robot_harmonic/install/hexapod_description/share/hexapod_description/environment/ament_prefix_path.sh
[1.153s] -- Installing: /home/mustafayousif/Code/hexapod_robot_harmonic/install/hexapod_description/share/hexapod_description/environment/ament_prefix_path.dsv
[1.153s] -- Installing: /home/mustafayousif/Code/hexapod_robot_harmonic/install/hexapod_description/share/hexapod_description/environment/path.sh
[1.153s] -- Installing: /home/mustafayousif/Code/hexapod_robot_harmonic/install/hexapod_description/share/hexapod_description/environment/path.dsv
[1.153s] -- Installing: /home/mustafayousif/Code/hexapod_robot_harmonic/install/hexapod_description/share/hexapod_description/local_setup.bash
[1.153s] -- Installing: /home/mustafayousif/Code/hexapod_robot_harmonic/install/hexapod_description/share/hexapod_description/local_setup.sh
[1.153s] -- Installing: /home/mustafayousif/Code/hexapod_robot_harmonic/install/hexapod_description/share/hexapod_description/local_setup.zsh
[1.153s] -- Installing: /home/mustafayousif/Code/hexapod_robot_harmonic/install/hexapod_description/share/hexapod_description/local_setup.dsv
[1.153s] -- Installing: /home/mustafayousif/Code/hexapod_robot_harmonic/install/hexapod_description/share/hexapod_description/package.dsv
[1.154s] -- Installing: /home/mustafayousif/Code/hexapod_robot_harmonic/install/hexapod_description/share/ament_index/resource_index/packages/hexapod_description
[1.154s] -- Installing: /home/mustafayousif/Code/hexapod_robot_harmonic/install/hexapod_description/share/hexapod_description/cmake/hexapod_descriptionConfig.cmake
[1.154s] -- Installing: /home/mustafayousif/Code/hexapod_robot_harmonic/install/hexapod_description/share/hexapod_description/cmake/hexapod_descriptionConfig-version.cmake
[1.154s] -- Installing: /home/mustafayousif/Code/hexapod_robot_harmonic/install/hexapod_description/share/hexapod_description/package.xml
[1.155s] Invoked command in '/home/mustafayousif/Code/hexapod_robot_harmonic/build/hexapod_description' returned '0': CMAKE_PREFIX_PATH=${CMAKE_PREFIX_PATH}:/opt/ros/jazzy /usr/bin/cmake --install /home/mustafayousif/Code/hexapod_robot_harmonic/build/hexapod_description
